This file contains any messages produced by compilers while
running configure, to aid debugging if configure makes a mistake.

It was created by jellyfish configure 2.3.1, which was
generated by GNU Autoconf 2.69.  Invocation command line was

  $ ./configure --prefix=/hpc/home/alh166

## --------- ##
## Platform. ##
## --------- ##

hostname = dcc-login-04
uname -m = x86_64
uname -r = 5.14.0-427.18.1.el9_4.x86_64
uname -s = Linux
uname -v = #1 SMP PREEMPT_DYNAMIC Tue May 28 06:27:02 EDT 2024

/usr/bin/uname -p = x86_64
/bin/uname -X     = unknown

/bin/arch              = x86_64
/usr/bin/arch -k       = unknown
/usr/convex/getsysinfo = unknown
/usr/bin/hostinfo      = unknown
/bin/machine           = unknown
/usr/bin/oslevel       = unknown
/bin/universe          = unknown

PATH: /hpc/group/wraylab/alh166/miniforge3/bin
PATH: /hpc/group/wraylab/alh166/miniforge3/condabin
PATH: /hpc/home/alh166/.local/bin
PATH: /hpc/home/alh166/bin
PATH: /usr/share/Modules/bin
PATH: /usr/local/bin
PATH: /usr/bin
PATH: /usr/local/sbin
PATH: /usr/sbin
PATH: /opt/puppetlabs/bin
PATH: /opt/slurm/bin


## ----------- ##
## Core tests. ##
## ----------- ##

configure:2645: checking build system type
configure:2659: result: x86_64-pc-linux-gnu
configure:2679: checking host system type
configure:2692: result: x86_64-pc-linux-gnu
configure:2729: checking for a BSD-compatible install
configure:2797: result: /usr/bin/install -c
configure:2808: checking whether build environment is sane
configure:2863: result: yes
configure:3014: checking for a thread-safe mkdir -p
configure:3053: result: /usr/bin/mkdir -p
configure:3060: checking for gawk
configure:3076: found /usr/bin/gawk
configure:3087: result: gawk
configure:3098: checking whether make sets $(MAKE)
configure:3120: result: yes
configure:3149: checking whether make supports nested variables
configure:3166: result: yes
configure:3303: checking whether make supports nested variables
configure:3320: result: yes
configure:3380: checking how to print strings
configure:3407: result: printf
configure:3440: checking for style of include used by make
configure:3468: result: GNU
configure:3539: checking for gcc
configure:3555: found /usr/bin/gcc
configure:3566: result: gcc
configure:3795: checking for C compiler version
configure:3804: gcc --version >&5
gcc (GCC) 11.4.1 20231218 (Red Hat 11.4.1-3)
Copyright (C) 2021 Free Software Foundation, Inc.
This is free software; see the source for copying conditions.  There is NO
warranty; not even for MERCHANTABILITY or FITNESS FOR A PARTICULAR PURPOSE.

configure:3815: $? = 0
configure:3804: gcc -v >&5
Using built-in specs.
COLLECT_GCC=gcc
COLLECT_LTO_WRAPPER=/usr/libexec/gcc/x86_64-redhat-linux/11/lto-wrapper
OFFLOAD_TARGET_NAMES=nvptx-none
OFFLOAD_TARGET_DEFAULT=1
Target: x86_64-redhat-linux
Configured with: ../configure --enable-bootstrap --enable-host-pie --enable-host-bind-now --enable-languages=c,c++,fortran,lto --prefix=/usr --mandir=/usr/share/man --infodir=/usr/share/info --with-bugurl=http://bugs.almalinux.org/ --enable-shared --enable-threads=posix --enable-checking=release --with-system-zlib --enable-__cxa_atexit --disable-libunwind-exceptions --enable-gnu-unique-object --enable-linker-build-id --with-gcc-major-version-only --enable-plugin --enable-initfini-array --without-isl --enable-multilib --with-linker-hash-style=gnu --enable-offload-targets=nvptx-none --without-cuda-driver --enable-gnu-indirect-function --enable-cet --with-tune=generic --with-arch_64=x86-64-v2 --with-arch_32=x86-64 --build=x86_64-redhat-linux --with-build-config=bootstrap-lto --enable-link-serialization=1
Thread model: posix
Supported LTO compression algorithms: zlib zstd
gcc version 11.4.1 20231218 (Red Hat 11.4.1-3) (GCC) 
... rest of stderr output deleted ...
configure:3815: $? = 0
configure:3804: gcc -V >&5
gcc: error: unrecognized command-line option '-V'
gcc: fatal error: no input files
compilation terminated.
configure:3815: $? = 1
configure:3804: gcc -qversion >&5
gcc: error: unrecognized command-line option '-qversion'; did you mean '--version'?
gcc: fatal error: no input files
compilation terminated.
configure:3815: $? = 1
configure:3835: checking whether the C compiler works
configure:3857: gcc    conftest.c  >&5
configure:3861: $? = 0
configure:3909: result: yes
configure:3912: checking for C compiler default output file name
configure:3914: result: a.out
configure:3920: checking for suffix of executables
configure:3927: gcc -o conftest    conftest.c  >&5
configure:3931: $? = 0
configure:3953: result: 
configure:3975: checking whether we are cross compiling
configure:3983: gcc -o conftest    conftest.c  >&5
configure:3987: $? = 0
configure:3994: ./conftest
configure:3998: $? = 0
configure:4013: result: no
configure:4018: checking for suffix of object files
configure:4040: gcc -c   conftest.c >&5
configure:4044: $? = 0
configure:4065: result: o
configure:4069: checking whether we are using the GNU C compiler
configure:4088: gcc -c   conftest.c >&5
configure:4088: $? = 0
configure:4097: result: yes
configure:4106: checking whether gcc accepts -g
configure:4126: gcc -c -g  conftest.c >&5
configure:4126: $? = 0
configure:4167: result: yes
configure:4184: checking for gcc option to accept ISO C89
configure:4247: gcc  -c -g -O2  conftest.c >&5
configure:4247: $? = 0
configure:4260: result: none needed
configure:4285: checking whether gcc understands -c and -o together
configure:4307: gcc -c conftest.c -o conftest2.o
configure:4310: $? = 0
configure:4307: gcc -c conftest.c -o conftest2.o
configure:4310: $? = 0
configure:4322: result: yes
configure:4341: checking dependency style of gcc
configure:4452: result: gcc3
configure:4467: checking for a sed that does not truncate output
configure:4531: result: /hpc/group/wraylab/alh166/miniforge3/bin/sed
configure:4549: checking for grep that handles long lines and -e
configure:4607: result: /usr/bin/grep
configure:4612: checking for egrep
configure:4674: result: /usr/bin/grep -E
configure:4679: checking for fgrep
configure:4741: result: /usr/bin/grep -F
configure:4776: checking for ld used by gcc
configure:4843: result: /usr/bin/ld
configure:4850: checking if the linker (/usr/bin/ld) is GNU ld
configure:4865: result: yes
configure:4877: checking for BSD- or MS-compatible name lister (nm)
configure:4931: result: /usr/bin/nm -B
configure:5061: checking the name lister (/usr/bin/nm -B) interface
configure:5068: gcc -c -g -O2  conftest.c >&5
configure:5071: /usr/bin/nm -B "conftest.o"
configure:5074: output
0000000000000000 B some_variable
configure:5081: result: BSD nm
configure:5084: checking whether ln -s works
configure:5088: result: yes
configure:5096: checking the maximum length of command line arguments
configure:5227: result: 1572864
configure:5275: checking how to convert x86_64-pc-linux-gnu file names to x86_64-pc-linux-gnu format
configure:5315: result: func_convert_file_noop
configure:5322: checking how to convert x86_64-pc-linux-gnu file names to toolchain format
configure:5342: result: func_convert_file_noop
configure:5349: checking for /usr/bin/ld option to reload object files
configure:5356: result: -r
configure:5430: checking for objdump
configure:5446: found /usr/bin/objdump
configure:5457: result: objdump
configure:5489: checking how to recognize dependent libraries
configure:5689: result: pass_all
configure:5774: checking for dlltool
configure:5804: result: no
configure:5834: checking how to associate runtime and link libraries
configure:5861: result: printf %s\n
configure:5922: checking for ar
configure:5938: found /usr/bin/ar
configure:5949: result: ar
configure:5986: checking for archiver @FILE support
configure:6003: gcc -c -g -O2  conftest.c >&5
configure:6003: $? = 0
configure:6006: ar cru libconftest.a @conftest.lst >&5
configure:6009: $? = 0
configure:6014: ar cru libconftest.a @conftest.lst >&5
ar: conftest.o: No such file or directory
configure:6017: $? = 1
configure:6029: result: @
configure:6087: checking for strip
configure:6103: found /usr/bin/strip
configure:6114: result: strip
configure:6186: checking for ranlib
configure:6202: found /usr/bin/ranlib
configure:6213: result: ranlib
configure:6315: checking command to parse /usr/bin/nm -B output from gcc object
configure:6468: gcc -c -g -O2  conftest.c >&5
configure:6471: $? = 0
configure:6475: /usr/bin/nm -B conftest.o \| sed -n -e 's/^.*[ ]\([ABCDGIRSTW][ABCDGIRSTW]*\)[ ][ ]*\([_A-Za-z][_A-Za-z0-9]*\)$/\1 \2 \2/p' | sed '/ __gnu_lto/d' \> conftest.nm
configure:6478: $? = 0
configure:6544: gcc -o conftest -g -O2   conftest.c conftstm.o >&5
configure:6547: $? = 0
configure:6585: result: ok
configure:6632: checking for sysroot
configure:6662: result: no
configure:6669: checking for a working dd
configure:6707: result: /usr/bin/dd
configure:6711: checking how to truncate binary pipes
configure:6726: result: /usr/bin/dd bs=4096 count=1
configure:6862: gcc -c -g -O2  conftest.c >&5
configure:6865: $? = 0
configure:7055: checking for mt
configure:7085: result: no
configure:7105: checking if : is a manifest tool
configure:7111: : '-?'
configure:7119: result: no
configure:7796: checking how to run the C preprocessor
configure:7827: gcc -E  conftest.c
configure:7827: $? = 0
configure:7841: gcc -E  conftest.c
conftest.c:11:10: fatal error: ac_nonexistent.h: No such file or directory
   11 | #include <ac_nonexistent.h>
      |          ^~~~~~~~~~~~~~~~~~
compilation terminated.
configure:7841: $? = 1
configure: failed program was:
| /* confdefs.h */
| #define PACKAGE_NAME "jellyfish"
| #define PACKAGE_TARNAME "jellyfish"
| #define PACKAGE_VERSION "2.3.1"
| #define PACKAGE_STRING "jellyfish 2.3.1"
| #define PACKAGE_BUGREPORT "gmarcais@cs.cmu.edu"
| #define PACKAGE_URL ""
| #define PACKAGE "jellyfish"
| #define VERSION "2.3.1"
| /* end confdefs.h.  */
| #include <ac_nonexistent.h>
configure:7866: result: gcc -E
configure:7886: gcc -E  conftest.c
configure:7886: $? = 0
configure:7900: gcc -E  conftest.c
conftest.c:11:10: fatal error: ac_nonexistent.h: No such file or directory
   11 | #include <ac_nonexistent.h>
      |          ^~~~~~~~~~~~~~~~~~
compilation terminated.
configure:7900: $? = 1
configure: failed program was:
| /* confdefs.h */
| #define PACKAGE_NAME "jellyfish"
| #define PACKAGE_TARNAME "jellyfish"
| #define PACKAGE_VERSION "2.3.1"
| #define PACKAGE_STRING "jellyfish 2.3.1"
| #define PACKAGE_BUGREPORT "gmarcais@cs.cmu.edu"
| #define PACKAGE_URL ""
| #define PACKAGE "jellyfish"
| #define VERSION "2.3.1"
| /* end confdefs.h.  */
| #include <ac_nonexistent.h>
configure:7929: checking for ANSI C header files
configure:7949: gcc -c -g -O2  conftest.c >&5
configure:7949: $? = 0
configure:8022: gcc -o conftest -g -O2   conftest.c  >&5
configure:8022: $? = 0
configure:8022: ./conftest
configure:8022: $? = 0
configure:8033: result: yes
configure:8046: checking for sys/types.h
configure:8046: gcc -c -g -O2  conftest.c >&5
configure:8046: $? = 0
configure:8046: result: yes
configure:8046: checking for sys/stat.h
configure:8046: gcc -c -g -O2  conftest.c >&5
configure:8046: $? = 0
configure:8046: result: yes
configure:8046: checking for stdlib.h
configure:8046: gcc -c -g -O2  conftest.c >&5
configure:8046: $? = 0
configure:8046: result: yes
configure:8046: checking for string.h
configure:8046: gcc -c -g -O2  conftest.c >&5
configure:8046: $? = 0
configure:8046: result: yes
configure:8046: checking for memory.h
configure:8046: gcc -c -g -O2  conftest.c >&5
configure:8046: $? = 0
configure:8046: result: yes
configure:8046: checking for strings.h
configure:8046: gcc -c -g -O2  conftest.c >&5
configure:8046: $? = 0
configure:8046: result: yes
configure:8046: checking for inttypes.h
configure:8046: gcc -c -g -O2  conftest.c >&5
configure:8046: $? = 0
configure:8046: result: yes
configure:8046: checking for stdint.h
configure:8046: gcc -c -g -O2  conftest.c >&5
configure:8046: $? = 0
configure:8046: result: yes
configure:8046: checking for unistd.h
configure:8046: gcc -c -g -O2  conftest.c >&5
configure:8046: $? = 0
configure:8046: result: yes
configure:8060: checking for dlfcn.h
configure:8060: gcc -c -g -O2  conftest.c >&5
configure:8060: $? = 0
configure:8060: result: yes
configure:8316: checking for objdir
configure:8331: result: .libs
configure:8595: checking if gcc supports -fno-rtti -fno-exceptions
configure:8613: gcc -c -g -O2  -fno-rtti -fno-exceptions conftest.c >&5
cc1: warning: command-line option '-fno-rtti' is valid for C++/D/ObjC++ but not for C
configure:8617: $? = 0
configure:8630: result: no
configure:8988: checking for gcc option to produce PIC
configure:8995: result: -fPIC -DPIC
configure:9003: checking if gcc PIC flag -fPIC -DPIC works
configure:9021: gcc -c -g -O2  -fPIC -DPIC -DPIC conftest.c >&5
configure:9025: $? = 0
configure:9038: result: yes
configure:9067: checking if gcc static flag -static works
configure:9095: result: no
configure:9110: checking if gcc supports -c -o file.o
configure:9131: gcc -c -g -O2  -o out/conftest2.o conftest.c >&5
configure:9135: $? = 0
configure:9157: result: yes
configure:9165: checking if gcc supports -c -o file.o
configure:9212: result: yes
configure:9245: checking whether the gcc linker (/usr/bin/ld -m elf_x86_64) supports shared libraries
configure:10508: result: yes
configure:10545: checking whether -lc should be explicitly linked in
configure:10553: gcc -c -g -O2  conftest.c >&5
configure:10556: $? = 0
configure:10571: gcc -shared  -fPIC -DPIC conftest.o  -v -Wl,-soname -Wl,conftest -o conftest 2\>\&1 \| /usr/bin/grep  -lc  \>/dev/null 2\>\&1
configure:10574: $? = 0
configure:10588: result: no
configure:10748: checking dynamic linker characteristics
configure:11329: gcc -o conftest -g -O2   -Wl,-rpath -Wl,/foo conftest.c  >&5
configure:11329: $? = 0
configure:11578: result: GNU/Linux ld.so
configure:11700: checking how to hardcode library paths into programs
configure:11725: result: immediate
configure:12273: checking whether stripping libraries is possible
configure:12278: result: yes
configure:12313: checking if libtool supports shared libraries
configure:12315: result: yes
configure:12318: checking whether to build shared libraries
configure:12343: result: yes
configure:12346: checking whether to build static libraries
configure:12350: result: yes
configure:12412: checking for ld used by gcc
configure:12479: result: /usr/bin/ld -m elf_x86_64
configure:12486: checking if the linker (/usr/bin/ld -m elf_x86_64) is GNU ld
configure:12501: result: yes
configure:12508: checking for shared library run path origin
configure:12521: result: done
configure:12594: checking for pkg-config
configure:12612: found /usr/bin/pkg-config
configure:12624: result: /usr/bin/pkg-config
configure:12649: checking pkg-config is at least version 0.9.0
configure:12652: result: yes
configure:12726: checking for g++
configure:12742: found /usr/bin/g++
configure:12753: result: g++
configure:12780: checking for C++ compiler version
configure:12789: g++ --version >&5
g++ (GCC) 11.4.1 20231218 (Red Hat 11.4.1-3)
Copyright (C) 2021 Free Software Foundation, Inc.
This is free software; see the source for copying conditions.  There is NO
warranty; not even for MERCHANTABILITY or FITNESS FOR A PARTICULAR PURPOSE.

configure:12800: $? = 0
configure:12789: g++ -v >&5
Using built-in specs.
COLLECT_GCC=g++
COLLECT_LTO_WRAPPER=/usr/libexec/gcc/x86_64-redhat-linux/11/lto-wrapper
OFFLOAD_TARGET_NAMES=nvptx-none
OFFLOAD_TARGET_DEFAULT=1
Target: x86_64-redhat-linux
Configured with: ../configure --enable-bootstrap --enable-host-pie --enable-host-bind-now --enable-languages=c,c++,fortran,lto --prefix=/usr --mandir=/usr/share/man --infodir=/usr/share/info --with-bugurl=http://bugs.almalinux.org/ --enable-shared --enable-threads=posix --enable-checking=release --with-system-zlib --enable-__cxa_atexit --disable-libunwind-exceptions --enable-gnu-unique-object --enable-linker-build-id --with-gcc-major-version-only --enable-plugin --enable-initfini-array --without-isl --enable-multilib --with-linker-hash-style=gnu --enable-offload-targets=nvptx-none --without-cuda-driver --enable-gnu-indirect-function --enable-cet --with-tune=generic --with-arch_64=x86-64-v2 --with-arch_32=x86-64 --build=x86_64-redhat-linux --with-build-config=bootstrap-lto --enable-link-serialization=1
Thread model: posix
Supported LTO compression algorithms: zlib zstd
gcc version 11.4.1 20231218 (Red Hat 11.4.1-3) (GCC) 
... rest of stderr output deleted ...
configure:12800: $? = 0
configure:12789: g++ -V >&5
g++: error: unrecognized command-line option '-V'
g++: fatal error: no input files
compilation terminated.
configure:12800: $? = 1
configure:12789: g++ -qversion >&5
g++: error: unrecognized command-line option '-qversion'; did you mean '--version'?
g++: fatal error: no input files
compilation terminated.
configure:12800: $? = 1
configure:12804: checking whether we are using the GNU C++ compiler
configure:12823: g++ -c   conftest.cpp >&5
configure:12823: $? = 0
configure:12832: result: yes
configure:12841: checking whether g++ accepts -g
configure:12861: g++ -c -g  conftest.cpp >&5
configure:12861: $? = 0
configure:12902: result: yes
configure:12927: checking dependency style of g++
configure:13038: result: gcc3
configure:13071: checking how to run the C++ preprocessor
configure:13098: g++ -E  conftest.cpp
configure:13098: $? = 0
configure:13112: g++ -E  conftest.cpp
conftest.cpp:23:10: fatal error: ac_nonexistent.h: No such file or directory
   23 | #include <ac_nonexistent.h>
      |          ^~~~~~~~~~~~~~~~~~
compilation terminated.
configure:13112: $? = 1
configure: failed program was:
| /* confdefs.h */
| #define PACKAGE_NAME "jellyfish"
| #define PACKAGE_TARNAME "jellyfish"
| #define PACKAGE_VERSION "2.3.1"
| #define PACKAGE_STRING "jellyfish 2.3.1"
| #define PACKAGE_BUGREPORT "gmarcais@cs.cmu.edu"
| #define PACKAGE_URL ""
| #define PACKAGE "jellyfish"
| #define VERSION "2.3.1"
| #define STDC_HEADERS 1
| #define HAVE_SYS_TYPES_H 1
| #define HAVE_SYS_STAT_H 1
| #define HAVE_STDLIB_H 1
| #define HAVE_STRING_H 1
| #define HAVE_MEMORY_H 1
| #define HAVE_STRINGS_H 1
| #define HAVE_INTTYPES_H 1
| #define HAVE_STDINT_H 1
| #define HAVE_UNISTD_H 1
| #define HAVE_DLFCN_H 1
| #define LT_OBJDIR ".libs/"
| /* end confdefs.h.  */
| #include <ac_nonexistent.h>
configure:13137: result: g++ -E
configure:13157: g++ -E  conftest.cpp
configure:13157: $? = 0
configure:13171: g++ -E  conftest.cpp
conftest.cpp:23:10: fatal error: ac_nonexistent.h: No such file or directory
   23 | #include <ac_nonexistent.h>
      |          ^~~~~~~~~~~~~~~~~~
compilation terminated.
configure:13171: $? = 1
configure: failed program was:
| /* confdefs.h */
| #define PACKAGE_NAME "jellyfish"
| #define PACKAGE_TARNAME "jellyfish"
| #define PACKAGE_VERSION "2.3.1"
| #define PACKAGE_STRING "jellyfish 2.3.1"
| #define PACKAGE_BUGREPORT "gmarcais@cs.cmu.edu"
| #define PACKAGE_URL ""
| #define PACKAGE "jellyfish"
| #define VERSION "2.3.1"
| #define STDC_HEADERS 1
| #define HAVE_SYS_TYPES_H 1
| #define HAVE_SYS_STAT_H 1
| #define HAVE_STDLIB_H 1
| #define HAVE_STRING_H 1
| #define HAVE_MEMORY_H 1
| #define HAVE_STRINGS_H 1
| #define HAVE_INTTYPES_H 1
| #define HAVE_STDINT_H 1
| #define HAVE_UNISTD_H 1
| #define HAVE_DLFCN_H 1
| #define LT_OBJDIR ".libs/"
| /* end confdefs.h.  */
| #include <ac_nonexistent.h>
configure:13333: checking for ld used by g++
configure:13400: result: /usr/bin/ld -m elf_x86_64
configure:13407: checking if the linker (/usr/bin/ld -m elf_x86_64) is GNU ld
configure:13422: result: yes
configure:13477: checking whether the g++ linker (/usr/bin/ld -m elf_x86_64) supports shared libraries
configure:14550: result: yes
configure:14586: g++ -c -g -O2  conftest.cpp >&5
configure:14589: $? = 0
configure:15070: checking for g++ option to produce PIC
configure:15077: result: -fPIC -DPIC
configure:15085: checking if g++ PIC flag -fPIC -DPIC works
configure:15103: g++ -c -g -O2  -fPIC -DPIC -DPIC conftest.cpp >&5
configure:15107: $? = 0
configure:15120: result: yes
configure:15143: checking if g++ static flag -static works
configure:15171: result: no
configure:15183: checking if g++ supports -c -o file.o
configure:15204: g++ -c -g -O2  -o out/conftest2.o conftest.cpp >&5
configure:15208: $? = 0
configure:15230: result: yes
configure:15235: checking if g++ supports -c -o file.o
configure:15282: result: yes
configure:15312: checking whether the g++ linker (/usr/bin/ld -m elf_x86_64) supports shared libraries
configure:15355: result: yes
configure:15496: checking dynamic linker characteristics
configure:16253: result: GNU/Linux ld.so
configure:16318: checking how to hardcode library paths into programs
configure:16343: result: immediate
configure:16469: checking for HTSLIB
configure:16476: $PKG_CONFIG --exists --print-errors "htslib"
Package htslib was not found in the pkg-config search path.
Perhaps you should add the directory containing `htslib.pc'
to the PKG_CONFIG_PATH environment variable
Package 'htslib', required by 'virtual:world', not found
configure:16479: $? = 1
configure:16493: $PKG_CONFIG --exists --print-errors "htslib"
Package htslib was not found in the pkg-config search path.
Perhaps you should add the directory containing `htslib.pc'
to the PKG_CONFIG_PATH environment variable
Package 'htslib', required by 'virtual:world', not found
configure:16496: $? = 1
configure:16510: result: no
Package 'htslib', required by 'virtual:world', not found
configure:16606: checking for samtools
configure:16639: result: no
configure:16650: checking for unix2dos
configure:16668: found /usr/bin/unix2dos
configure:16680: result: /usr/bin/unix2dos
configure:16695: checking for md5sum
configure:16711: found /usr/bin/md5sum
configure:16722: result: md5sum
configure:16779: checking for yaggo
configure:16810: result: false
configure:16840: checking for x86 cpuid  output
configure:16872: gcc -o conftest -g -O2   conftest.c  >&5
conftest.c: In function 'main':
conftest.c:28:15: error: expected expression before ',' token
   28 |      int op = , level = 0, eax, ebx, ecx, edx;
      |               ^
configure:16872: $? = 1
configure: program exited with status 1
configure: failed program was:
| /* confdefs.h */
| #define PACKAGE_NAME "jellyfish"
| #define PACKAGE_TARNAME "jellyfish"
| #define PACKAGE_VERSION "2.3.1"
| #define PACKAGE_STRING "jellyfish 2.3.1"
| #define PACKAGE_BUGREPORT "gmarcais@cs.cmu.edu"
| #define PACKAGE_URL ""
| #define PACKAGE "jellyfish"
| #define VERSION "2.3.1"
| #define STDC_HEADERS 1
| #define HAVE_SYS_TYPES_H 1
| #define HAVE_SYS_STAT_H 1
| #define HAVE_STDLIB_H 1
| #define HAVE_STRING_H 1
| #define HAVE_MEMORY_H 1
| #define HAVE_STRINGS_H 1
| #define HAVE_INTTYPES_H 1
| #define HAVE_STDINT_H 1
| #define HAVE_UNISTD_H 1
| #define HAVE_DLFCN_H 1
| #define LT_OBJDIR ".libs/"
| /* end confdefs.h.  */
| #include <stdio.h>
| int
| main ()
| {
| 
|      int op = , level = 0, eax, ebx, ecx, edx;
|      FILE *f;
|       __asm__ __volatile__ ("xchg %%ebx, %1\n"
|         "cpuid\n"
|         "xchg %%ebx, %1\n"
|         : "=a" (eax), "=r" (ebx), "=c" (ecx), "=d" (edx)
|         : "a" (op), "2" (level));
| 
|      f = fopen("conftest_cpuid", "w"); if (!f) return 1;
|      fprintf(f, "%x:%x:%x:%x\n", eax, ebx, ecx, edx);
|      fclose(f);
|      return 0;
| 
|   ;
|   return 0;
| }
configure:16882: result: unknown
configure:16899: checking for x86-AVX xgetbv  output
configure:16929: gcc -o conftest -g -O2   conftest.c  >&5
conftest.c: In function 'main':
conftest.c:28:15: error: expected expression before ',' token
   28 |      int op = , eax, edx;
      |               ^
configure:16929: $? = 1
configure: program exited with status 1
configure: failed program was:
| /* confdefs.h */
| #define PACKAGE_NAME "jellyfish"
| #define PACKAGE_TARNAME "jellyfish"
| #define PACKAGE_VERSION "2.3.1"
| #define PACKAGE_STRING "jellyfish 2.3.1"
| #define PACKAGE_BUGREPORT "gmarcais@cs.cmu.edu"
| #define PACKAGE_URL ""
| #define PACKAGE "jellyfish"
| #define VERSION "2.3.1"
| #define STDC_HEADERS 1
| #define HAVE_SYS_TYPES_H 1
| #define HAVE_SYS_STAT_H 1
| #define HAVE_STDLIB_H 1
| #define HAVE_STRING_H 1
| #define HAVE_MEMORY_H 1
| #define HAVE_STRINGS_H 1
| #define HAVE_INTTYPES_H 1
| #define HAVE_STDINT_H 1
| #define HAVE_UNISTD_H 1
| #define HAVE_DLFCN_H 1
| #define LT_OBJDIR ".libs/"
| /* end confdefs.h.  */
| #include <stdio.h>
| int
| main ()
| {
| 
|      int op = , eax, edx;
|      FILE *f;
|       /* Opcodes for xgetbv */
|       __asm__ __volatile__ (".byte 0x0f, 0x01, 0xd0"
|         : "=a" (eax), "=d" (edx)
|         : "c" (op));
|      f = fopen("conftest_xgetbv", "w"); if (!f) return 1;
|      fprintf(f, "%x:%x\n", eax, edx);
|      fclose(f);
|      return 0;
| 
|   ;
|   return 0;
| }
configure:16939: result: unknown
configure:17140: checking for x86 cpuid 0x00000000 output
configure:17172: gcc -o conftest -g -O2   conftest.c  >&5
configure:17172: $? = 0
configure:17172: ./conftest
configure:17172: $? = 0
configure:17182: result: 1b:756e6547:6c65746e:49656e69
configure:17205: checking for x86 cpuid 0x80000000 output
configure:17237: gcc -o conftest -g -O2   conftest.c  >&5
configure:17237: $? = 0
configure:17237: ./conftest
configure:17237: $? = 0
configure:17247: result: 80000008:0:0:0
configure:17272: checking for x86 cpuid 0x00000001 output
configure:17304: gcc -o conftest -g -O2   conftest.c  >&5
configure:17304: $? = 0
configure:17304: ./conftest
configure:17304: $? = 0
configure:17314: result: 606a6:e010800:fffa3203:f8bfbff
configure:17341: checking for x86 cpuid 0x00000007 output
configure:17373: gcc -o conftest -g -O2   conftest.c  >&5
configure:17373: $? = 0
configure:17373: ./conftest
configure:17373: $? = 0
configure:17383: result: 0:f19f27eb:18:bc000400
configure:17409: checking for x86 cpuid 0x80000001 output
configure:17441: gcc -o conftest -g -O2   conftest.c  >&5
configure:17441: $? = 0
configure:17441: ./conftest
configure:17441: $? = 0
configure:17451: result: 0:0:121:2c100800
configure:17510: gcc -o conftest -g -O2   conftest.c  >&5
configure:17510: $? = 0
configure:17510: ./conftest
configure:17510: $? = 0
configure:17539: checking for x86-AVX xgetbv 0x00000000 output
configure:17569: gcc -o conftest -g -O2   conftest.c  >&5
configure:17569: $? = 0
configure:17569: ./conftest
configure:17569: $? = 0
configure:17579: result: 2e7:0
configure:17633: checking whether RDRND is supported by the processor
configure:17646: result: yes
configure:17650: checking whether RDRND is supported by the processor and OS
configure:17663: result: yes
configure:17668: checking whether C++ compiler accepts -mrdrnd
configure:17687: g++ -c -std=c++11 -g -O2  -mrdrnd  conftest.cpp >&5
configure:17687: $? = 0
configure:17696: result: yes
configure:17633: checking whether BMI1 is supported by the processor
configure:17646: result: yes
configure:17650: checking whether BMI1 is supported by the processor and OS
configure:17663: result: yes
configure:17668: checking whether C++ compiler accepts -mbmi
configure:17687: g++ -c -std=c++11 -g -O2  -mbmi  conftest.cpp >&5
configure:17687: $? = 0
configure:17696: result: yes
configure:17633: checking whether BMI2 is supported by the processor
configure:17646: result: yes
configure:17650: checking whether BMI2 is supported by the processor and OS
configure:17663: result: yes
configure:17668: checking whether C++ compiler accepts -mbmi2
configure:17687: g++ -c -std=c++11 -g -O2  -mbmi2  conftest.cpp >&5
configure:17687: $? = 0
configure:17696: result: yes
configure:17633: checking whether ADX is supported by the processor
configure:17646: result: yes
configure:17650: checking whether ADX is supported by the processor and OS
configure:17663: result: yes
configure:17668: checking whether C++ compiler accepts -madx
configure:17687: g++ -c -std=c++11 -g -O2  -madx  conftest.cpp >&5
configure:17687: $? = 0
configure:17696: result: yes
configure:17633: checking whether MPX is supported by the processor
configure:17646: result: no
configure:17633: checking whether PREFETCHWT1 is supported by the processor
configure:17646: result: no
configure:17633: checking whether ABM is supported by the processor
configure:17646: result: yes
configure:17650: checking whether ABM is supported by the processor and OS
configure:17663: result: yes
configure:17668: checking whether C++ compiler accepts -mabm
configure:17687: g++ -c -std=c++11 -g -O2  -mabm  conftest.cpp >&5
configure:17687: $? = 0
configure:17696: result: yes
configure:17633: checking whether MMX is supported by the processor
configure:17646: result: yes
configure:17650: checking whether MMX is supported by the processor and OS
configure:17663: result: yes
configure:17668: checking whether C++ compiler accepts -mmmx
configure:17687: g++ -c -std=c++11 -g -O2  -mmmx  conftest.cpp >&5
configure:17687: $? = 0
configure:17696: result: yes
configure:17633: checking whether SSE is supported by the processor
configure:17646: result: yes
configure:17650: checking whether SSE is supported by the processor and OS
configure:17663: result: yes
configure:17668: checking whether C++ compiler accepts -msse
configure:17687: g++ -c -std=c++11 -g -O2  -msse  conftest.cpp >&5
configure:17687: $? = 0
configure:17696: result: yes
configure:17633: checking whether SSE2 is supported by the processor
configure:17646: result: yes
configure:17650: checking whether SSE2 is supported by the processor and OS
configure:17663: result: yes
configure:17668: checking whether C++ compiler accepts -msse2
configure:17687: g++ -c -std=c++11 -g -O2  -msse2  conftest.cpp >&5
configure:17687: $? = 0
configure:17696: result: yes
configure:17633: checking whether SSE3 is supported by the processor
configure:17646: result: yes
configure:17650: checking whether SSE3 is supported by the processor and OS
configure:17663: result: yes
configure:17668: checking whether C++ compiler accepts -msse3
configure:17687: g++ -c -std=c++11 -g -O2  -msse3  conftest.cpp >&5
configure:17687: $? = 0
configure:17696: result: yes
configure:17633: checking whether SSSE3 is supported by the processor
configure:17646: result: yes
configure:17650: checking whether SSSE3 is supported by the processor and OS
configure:17663: result: yes
configure:17668: checking whether C++ compiler accepts -mssse3
configure:17687: g++ -c -std=c++11 -g -O2  -mssse3  conftest.cpp >&5
configure:17687: $? = 0
configure:17696: result: yes
configure:17633: checking whether SSE4.1 is supported by the processor
configure:17646: result: yes
configure:17650: checking whether SSE4.1 is supported by the processor and OS
configure:17663: result: yes
configure:17668: checking whether C++ compiler accepts -msse4.1
configure:17687: g++ -c -std=c++11 -g -O2  -msse4.1  conftest.cpp >&5
configure:17687: $? = 0
configure:17696: result: yes
configure:17633: checking whether SSE4.2 is supported by the processor
configure:17646: result: yes
configure:17650: checking whether SSE4.2 is supported by the processor and OS
configure:17663: result: yes
configure:17668: checking whether C++ compiler accepts -msse4.2
configure:17687: g++ -c -std=c++11 -g -O2  -msse4.2  conftest.cpp >&5
configure:17687: $? = 0
configure:17696: result: yes
configure:17633: checking whether SSE4a is supported by the processor
configure:17646: result: no
configure:17633: checking whether SHA is supported by the processor
configure:17646: result: yes
configure:17650: checking whether SHA is supported by the processor and OS
configure:17663: result: yes
configure:17668: checking whether C++ compiler accepts -msha
configure:17687: g++ -c -std=c++11 -g -O2  -msha  conftest.cpp >&5
configure:17687: $? = 0
configure:17696: result: yes
configure:17633: checking whether AES is supported by the processor
configure:17646: result: yes
configure:17650: checking whether AES is supported by the processor and OS
configure:17663: result: yes
configure:17668: checking whether C++ compiler accepts -maes
configure:17687: g++ -c -std=c++11 -g -O2  -maes  conftest.cpp >&5
configure:17687: $? = 0
configure:17696: result: yes
configure:17633: checking whether AVX is supported by the processor
configure:17646: result: yes
configure:17650: checking whether AVX is supported by the processor and OS
configure:17663: result: yes
configure:17668: checking whether C++ compiler accepts -mavx
configure:17687: g++ -c -std=c++11 -g -O2  -mavx  conftest.cpp >&5
configure:17687: $? = 0
configure:17696: result: yes
configure:17633: checking whether FMA3 is supported by the processor
configure:17646: result: yes
configure:17650: checking whether FMA3 is supported by the processor and OS
configure:17663: result: yes
configure:17668: checking whether C++ compiler accepts -mfma
configure:17687: g++ -c -std=c++11 -g -O2  -mfma  conftest.cpp >&5
configure:17687: $? = 0
configure:17696: result: yes
configure:17633: checking whether FMA4 is supported by the processor
configure:17646: result: no
configure:17633: checking whether XOP is supported by the processor
configure:17646: result: no
configure:17633: checking whether AVX2 is supported by the processor
configure:17646: result: yes
configure:17650: checking whether AVX2 is supported by the processor and OS
configure:17663: result: yes
configure:17668: checking whether C++ compiler accepts -mavx2
configure:17687: g++ -c -std=c++11 -g -O2  -mavx2  conftest.cpp >&5
configure:17687: $? = 0
configure:17696: result: yes
configure:17633: checking whether AVX512-F is supported by the processor
configure:17646: result: yes
configure:17650: checking whether AVX512-F is supported by the processor and OS
configure:17663: result: yes
configure:17668: checking whether C++ compiler accepts -mavx512f
configure:17687: g++ -c -std=c++11 -g -O2  -mavx512f  conftest.cpp >&5
configure:17687: $? = 0
configure:17696: result: yes
configure:17633: checking whether AVX512-CD is supported by the processor
configure:17646: result: yes
configure:17650: checking whether AVX512-CD is supported by the processor and OS
configure:17663: result: yes
configure:17668: checking whether C++ compiler accepts -mavx512cd
configure:17687: g++ -c -std=c++11 -g -O2  -mavx512cd  conftest.cpp >&5
configure:17687: $? = 0
configure:17696: result: yes
configure:17633: checking whether AVX512-PF is supported by the processor
configure:17646: result: no
configure:17633: checking whether AVX512-ER is supported by the processor
configure:17646: result: no
configure:17633: checking whether AVX512-VL is supported by the processor
configure:17646: result: yes
configure:17650: checking whether AVX512-VL is supported by the processor and OS
configure:17663: result: yes
configure:17668: checking whether C++ compiler accepts -mavx512vl
configure:17687: g++ -c -std=c++11 -g -O2  -mavx512vl  conftest.cpp >&5
configure:17687: $? = 0
configure:17696: result: yes
configure:17633: checking whether AVX512-BW is supported by the processor
configure:17646: result: yes
configure:17650: checking whether AVX512-BW is supported by the processor and OS
configure:17663: result: yes
configure:17668: checking whether C++ compiler accepts -mavx512bw
configure:17687: g++ -c -std=c++11 -g -O2  -mavx512bw  conftest.cpp >&5
configure:17687: $? = 0
configure:17696: result: yes
configure:17633: checking whether AVX512-DQ is supported by the processor
configure:17646: result: yes
configure:17650: checking whether AVX512-DQ is supported by the processor and OS
configure:17663: result: yes
configure:17668: checking whether C++ compiler accepts -mavx512dq
configure:17687: g++ -c -std=c++11 -g -O2  -mavx512dq  conftest.cpp >&5
configure:17687: $? = 0
configure:17696: result: yes
configure:17633: checking whether AVX512-IFMA is supported by the processor
configure:17646: result: no
configure:17633: checking whether AVX512-VBMI is supported by the processor
configure:17646: result: no
configure:17894: checking for __int128
configure:17894: g++ -c -std=c++11 -g -O2  conftest.cpp >&5
configure:17894: $? = 0
configure:17894: g++ -c -std=c++11 -g -O2  conftest.cpp >&5
conftest.cpp: In function 'int main()':
conftest.cpp:81:14: error: expected primary-expression before '__int128'
   81 | if (sizeof ((__int128)))
      |              ^~~~~~~~
conftest.cpp:81:14: error: expected ')' before '__int128'
   81 | if (sizeof ((__int128)))
      |             ~^~~~~~~~
      |              )
conftest.cpp:82:21: error: expected ')' before ';' token
   82 |             return 0;
      |                     ^
      |                     )
conftest.cpp:81:12: note: to match this '('
   81 | if (sizeof ((__int128)))
      |            ^
conftest.cpp:82:21: error: expected ')' before ';' token
   82 |             return 0;
      |                     ^
      |                     )
conftest.cpp:81:4: note: to match this '('
   81 | if (sizeof ((__int128)))
      |    ^
configure:17894: $? = 1
configure: failed program was:
| /* confdefs.h */
| #define PACKAGE_NAME "jellyfish"
| #define PACKAGE_TARNAME "jellyfish"
| #define PACKAGE_VERSION "2.3.1"
| #define PACKAGE_STRING "jellyfish 2.3.1"
| #define PACKAGE_BUGREPORT "gmarcais@cs.cmu.edu"
| #define PACKAGE_URL ""
| #define PACKAGE "jellyfish"
| #define VERSION "2.3.1"
| #define STDC_HEADERS 1
| #define HAVE_SYS_TYPES_H 1
| #define HAVE_SYS_STAT_H 1
| #define HAVE_STDLIB_H 1
| #define HAVE_STRING_H 1
| #define HAVE_MEMORY_H 1
| #define HAVE_STRINGS_H 1
| #define HAVE_INTTYPES_H 1
| #define HAVE_STDINT_H 1
| #define HAVE_UNISTD_H 1
| #define HAVE_DLFCN_H 1
| #define LT_OBJDIR ".libs/"
| #define HAVE_RDRND 1
| #define HAVE_BMI1 1
| #define HAVE_BMI2 1
| #define HAVE_ADX 1
| #define HAVE_ABM 1
| #define HAVE_MMX 1
| #define HAVE_SSE 1
| #define HAVE_SSE2 1
| #define HAVE_SSE3 1
| #define HAVE_SSSE3 1
| #define HAVE_SSE4_1 1
| #define HAVE_SSE4_2 1
| #define HAVE_SHA 1
| #define HAVE_AES 1
| #define HAVE_AVX 1
| #define HAVE_FMA3 1
| #define HAVE_AVX2 1
| #define HAVE_AVX512_F 1
| #define HAVE_AVX512_CD 1
| #define HAVE_AVX512_VL 1
| #define HAVE_AVX512_BW 1
| #define HAVE_AVX512_DQ 1
| /* end confdefs.h.  */
| #include <stdio.h>
| #ifdef HAVE_SYS_TYPES_H
| # include <sys/types.h>
| #endif
| #ifdef HAVE_SYS_STAT_H
| # include <sys/stat.h>
| #endif
| #ifdef STDC_HEADERS
| # include <stdlib.h>
| # include <stddef.h>
| #else
| # ifdef HAVE_STDLIB_H
| #  include <stdlib.h>
| # endif
| #endif
| #ifdef HAVE_STRING_H
| # if !defined STDC_HEADERS && defined HAVE_MEMORY_H
| #  include <memory.h>
| # endif
| # include <string.h>
| #endif
| #ifdef HAVE_STRINGS_H
| # include <strings.h>
| #endif
| #ifdef HAVE_INTTYPES_H
| # include <inttypes.h>
| #endif
| #ifdef HAVE_STDINT_H
| # include <stdint.h>
| #endif
| #ifdef HAVE_UNISTD_H
| # include <unistd.h>
| #endif
| int
| main ()
| {
| if (sizeof ((__int128)))
| 	    return 0;
|   ;
|   return 0;
| }
configure:17894: result: yes
configure:17901: checking for std::numeric_limits<__int128>
configure:17915: g++ -c -std=c++11 -g -O2  conftest.cpp >&5
configure:17915: $? = 0
configure:17916: result: yes
configure:17929: checking for _NSGetExecutablePath
configure:17942: g++ -o conftest -std=c++11 -g -O2   conftest.cpp  >&5
conftest.cpp:47:10: fatal error: mach-o/dyld.h: No such file or directory
   47 | #include <mach-o/dyld.h>
      |          ^~~~~~~~~~~~~~~
compilation terminated.
configure:17942: $? = 1
configure: failed program was:
| /* confdefs.h */
| #define PACKAGE_NAME "jellyfish"
| #define PACKAGE_TARNAME "jellyfish"
| #define PACKAGE_VERSION "2.3.1"
| #define PACKAGE_STRING "jellyfish 2.3.1"
| #define PACKAGE_BUGREPORT "gmarcais@cs.cmu.edu"
| #define PACKAGE_URL ""
| #define PACKAGE "jellyfish"
| #define VERSION "2.3.1"
| #define STDC_HEADERS 1
| #define HAVE_SYS_TYPES_H 1
| #define HAVE_SYS_STAT_H 1
| #define HAVE_STDLIB_H 1
| #define HAVE_STRING_H 1
| #define HAVE_MEMORY_H 1
| #define HAVE_STRINGS_H 1
| #define HAVE_INTTYPES_H 1
| #define HAVE_STDINT_H 1
| #define HAVE_UNISTD_H 1
| #define HAVE_DLFCN_H 1
| #define LT_OBJDIR ".libs/"
| #define HAVE_RDRND 1
| #define HAVE_BMI1 1
| #define HAVE_BMI2 1
| #define HAVE_ADX 1
| #define HAVE_ABM 1
| #define HAVE_MMX 1
| #define HAVE_SSE 1
| #define HAVE_SSE2 1
| #define HAVE_SSE3 1
| #define HAVE_SSSE3 1
| #define HAVE_SSE4_1 1
| #define HAVE_SSE4_2 1
| #define HAVE_SHA 1
| #define HAVE_AES 1
| #define HAVE_AVX 1
| #define HAVE_FMA3 1
| #define HAVE_AVX2 1
| #define HAVE_AVX512_F 1
| #define HAVE_AVX512_CD 1
| #define HAVE_AVX512_VL 1
| #define HAVE_AVX512_BW 1
| #define HAVE_AVX512_DQ 1
| #define HAVE_INT128 1
| #define HAVE_NUMERIC_LIMITS128 1
| /* end confdefs.h.  */
| #include <mach-o/dyld.h>
| int
| main ()
| {
| _NSGetExecutablePath(0, 0);
|   ;
|   return 0;
| }
configure:17949: result: no
configure:17961: checking for execinfo.h
configure:17961: g++ -c -std=c++11 -g -O2  conftest.cpp >&5
configure:17961: $? = 0
configure:17961: result: yes
configure:17961: checking for ext/stdio_filebuf.h
configure:17961: g++ -c -std=c++11 -g -O2  conftest.cpp >&5
configure:17961: $? = 0
configure:17961: result: yes
configure:17961: checking for sys/syscall.h
configure:17961: g++ -c -std=c++11 -g -O2  conftest.cpp >&5
configure:17961: $? = 0
configure:17961: result: yes
configure:17961: checking for sys/prctl.h
configure:17961: g++ -c -std=c++11 -g -O2  conftest.cpp >&5
configure:17961: $? = 0
configure:17961: result: yes
configure:17981: checking for siginfo_t.si_int
configure:17981: g++ -c -std=c++11 -g -O2  conftest.cpp >&5
configure:17981: $? = 0
configure:17981: result: yes
configure:18854: checking for posix_memalign
configure:18854: g++ -o conftest -std=c++11 -g -O2   conftest.cpp  >&5
configure:18854: $? = 0
configure:18854: result: yes
configure:18854: checking for aligned_alloc
configure:18854: g++ -o conftest -std=c++11 -g -O2   conftest.cpp  >&5
conftest.cpp:76:6: warning: declaration of 'char aligned_alloc()' conflicts with built-in declaration 'void* aligned_alloc(long unsigned int, long unsigned int)' [-Wbuiltin-declaration-mismatch]
   76 | char aligned_alloc ();
      |      ^~~~~~~~~~~~~
configure:18854: $? = 0
configure:18854: result: yes
configure:18965: checking that generated files are newer than configure
configure:18971: result: done
configure:19018: creating ./config.status

## ---------------------- ##
## Running config.status. ##
## ---------------------- ##

This file was extended by jellyfish config.status 2.3.1, which was
generated by GNU Autoconf 2.69.  Invocation command line was

  CONFIG_FILES    = 
  CONFIG_HEADERS  = 
  CONFIG_LINKS    = 
  CONFIG_COMMANDS = 
  $ ./config.status 

on dcc-login-04

config.status:1227: creating Makefile
config.status:1227: creating compat.sh
config.status:1227: creating jellyfish-2.0.pc
config.status:1227: creating config.h
config.status:1456: executing depfiles commands
config.status:1456: executing libtool commands

## ---------------- ##
## Cache variables. ##
## ---------------- ##

ac_cv_build=x86_64-pc-linux-gnu
ac_cv_c_compiler_gnu=yes
ac_cv_cxx_compiler_gnu=yes
ac_cv_env_CCC_set=
ac_cv_env_CCC_value=
ac_cv_env_CC_set=
ac_cv_env_CC_value=
ac_cv_env_CFLAGS_set=
ac_cv_env_CFLAGS_value=
ac_cv_env_CPPFLAGS_set=
ac_cv_env_CPPFLAGS_value=
ac_cv_env_CPP_set=
ac_cv_env_CPP_value=
ac_cv_env_CXXCPP_set=
ac_cv_env_CXXCPP_value=
ac_cv_env_CXXFLAGS_set=
ac_cv_env_CXXFLAGS_value=
ac_cv_env_CXX_set=
ac_cv_env_CXX_value=
ac_cv_env_HTSLIB_CFLAGS_set=
ac_cv_env_HTSLIB_CFLAGS_value=
ac_cv_env_HTSLIB_LIBS_set=
ac_cv_env_HTSLIB_LIBS_value=
ac_cv_env_LDFLAGS_set=
ac_cv_env_LDFLAGS_value=
ac_cv_env_LIBS_set=
ac_cv_env_LIBS_value=
ac_cv_env_LT_SYS_LIBRARY_PATH_set=
ac_cv_env_LT_SYS_LIBRARY_PATH_value=
ac_cv_env_MD5_set=
ac_cv_env_MD5_value=
ac_cv_env_PERL_EXT_CPPFLAGS_set=
ac_cv_env_PERL_EXT_CPPFLAGS_value=
ac_cv_env_PERL_EXT_INC_set=
ac_cv_env_PERL_EXT_INC_value=
ac_cv_env_PERL_EXT_LDFLAGS_set=
ac_cv_env_PERL_EXT_LDFLAGS_value=
ac_cv_env_PERL_EXT_LIB_set=
ac_cv_env_PERL_EXT_LIB_value=
ac_cv_env_PERL_EXT_PREFIX_set=
ac_cv_env_PERL_EXT_PREFIX_value=
ac_cv_env_PKG_CONFIG_LIBDIR_set=
ac_cv_env_PKG_CONFIG_LIBDIR_value=
ac_cv_env_PKG_CONFIG_PATH_set=
ac_cv_env_PKG_CONFIG_PATH_value=
ac_cv_env_PKG_CONFIG_set=
ac_cv_env_PKG_CONFIG_value=
ac_cv_env_PYTHON_VERSION_set=
ac_cv_env_PYTHON_VERSION_value=
ac_cv_env_RUBY_set=
ac_cv_env_RUBY_value=
ac_cv_env_SAMTOOLS_set=
ac_cv_env_SAMTOOLS_value=
ac_cv_env_UNIX2DOS_set=
ac_cv_env_UNIX2DOS_value=
ac_cv_env_VALGRIND_CFLAGS_set=
ac_cv_env_VALGRIND_CFLAGS_value=
ac_cv_env_VALGRIND_LIBS_set=
ac_cv_env_VALGRIND_LIBS_value=
ac_cv_env_YAGGO_set=
ac_cv_env_YAGGO_value=
ac_cv_env_build_alias_set=
ac_cv_env_build_alias_value=
ac_cv_env_host_alias_set=
ac_cv_env_host_alias_value=
ac_cv_env_target_alias_set=
ac_cv_env_target_alias_value=
ac_cv_func_aligned_alloc=yes
ac_cv_func_posix_memalign=yes
ac_cv_header_dlfcn_h=yes
ac_cv_header_execinfo_h=yes
ac_cv_header_ext_stdio_filebuf_h=yes
ac_cv_header_inttypes_h=yes
ac_cv_header_memory_h=yes
ac_cv_header_stdc=yes
ac_cv_header_stdint_h=yes
ac_cv_header_stdlib_h=yes
ac_cv_header_string_h=yes
ac_cv_header_strings_h=yes
ac_cv_header_sys_prctl_h=yes
ac_cv_header_sys_stat_h=yes
ac_cv_header_sys_syscall_h=yes
ac_cv_header_sys_types_h=yes
ac_cv_header_unistd_h=yes
ac_cv_host=x86_64-pc-linux-gnu
ac_cv_member_siginfo_t_si_int=yes
ac_cv_objext=o
ac_cv_path_EGREP='/usr/bin/grep -E'
ac_cv_path_FGREP='/usr/bin/grep -F'
ac_cv_path_GREP=/usr/bin/grep
ac_cv_path_SED=/hpc/group/wraylab/alh166/miniforge3/bin/sed
ac_cv_path_UNIX2DOS=/usr/bin/unix2dos
ac_cv_path_YAGGO=false
ac_cv_path_ac_pt_PKG_CONFIG=/usr/bin/pkg-config
ac_cv_path_install='/usr/bin/install -c'
ac_cv_path_lt_DD=/usr/bin/dd
ac_cv_path_mkdir=/usr/bin/mkdir
ac_cv_prog_AWK=gawk
ac_cv_prog_CPP='gcc -E'
ac_cv_prog_CXXCPP='g++ -E'
ac_cv_prog_MD5=md5sum
ac_cv_prog_ac_ct_AR=ar
ac_cv_prog_ac_ct_CC=gcc
ac_cv_prog_ac_ct_CXX=g++
ac_cv_prog_ac_ct_OBJDUMP=objdump
ac_cv_prog_ac_ct_RANLIB=ranlib
ac_cv_prog_ac_ct_STRIP=strip
ac_cv_prog_cc_c89=
ac_cv_prog_cc_g=yes
ac_cv_prog_cxx_g=yes
ac_cv_prog_make_make_set=yes
ac_cv_type___int128=yes
acl_cv_hardcode_direct=no
acl_cv_hardcode_libdir_flag_spec='${wl}-rpath ${wl}$libdir'
acl_cv_hardcode_libdir_separator=
acl_cv_hardcode_minus_L=no
acl_cv_libext=a
acl_cv_path_LD='/usr/bin/ld -m elf_x86_64'
acl_cv_prog_gnu_ld=yes
acl_cv_rpath=done
acl_cv_shlibext=so
acl_cv_wl=-Wl,
am_cv_CC_dependencies_compiler_type=gcc3
am_cv_CXX_dependencies_compiler_type=gcc3
am_cv_make_support_nested_variables=yes
am_cv_prog_cc_c_o=yes
ax_cv_check_cxxflags___mabm=yes
ax_cv_check_cxxflags___madx=yes
ax_cv_check_cxxflags___maes=yes
ax_cv_check_cxxflags___mavx2=yes
ax_cv_check_cxxflags___mavx512bw=yes
ax_cv_check_cxxflags___mavx512cd=yes
ax_cv_check_cxxflags___mavx512dq=yes
ax_cv_check_cxxflags___mavx512f=yes
ax_cv_check_cxxflags___mavx512vl=yes
ax_cv_check_cxxflags___mavx=yes
ax_cv_check_cxxflags___mbmi2=yes
ax_cv_check_cxxflags___mbmi=yes
ax_cv_check_cxxflags___mfma=yes
ax_cv_check_cxxflags___mmmx=yes
ax_cv_check_cxxflags___mrdrnd=yes
ax_cv_check_cxxflags___msha=yes
ax_cv_check_cxxflags___msse2=yes
ax_cv_check_cxxflags___msse3=yes
ax_cv_check_cxxflags___msse4_1=yes
ax_cv_check_cxxflags___msse4_2=yes
ax_cv_check_cxxflags___msse=yes
ax_cv_check_cxxflags___mssse3=yes
ax_cv_gcc_x86_avx_xgetbv_0x00000000=2e7:0
ax_cv_gcc_x86_avx_xgetbv_=unknown
ax_cv_gcc_x86_cpuid_0x00000000=1b:756e6547:6c65746e:49656e69
ax_cv_gcc_x86_cpuid_0x00000001=606a6:e010800:fffa3203:f8bfbff
ax_cv_gcc_x86_cpuid_0x00000007=0:f19f27eb:18:bc000400
ax_cv_gcc_x86_cpuid_0x80000000=80000008:0:0:0
ax_cv_gcc_x86_cpuid_0x80000001=0:0:121:2c100800
ax_cv_gcc_x86_cpuid_=unknown
ax_cv_have_abm_cpu_ext=yes
ax_cv_have_abm_ext=yes
ax_cv_have_adx_cpu_ext=yes
ax_cv_have_adx_ext=yes
ax_cv_have_aes_cpu_ext=yes
ax_cv_have_aes_ext=yes
ax_cv_have_avx2_cpu_ext=yes
ax_cv_have_avx2_ext=yes
ax_cv_have_avx512_os_support_ext=yes
ax_cv_have_avx512bw_cpu_ext=yes
ax_cv_have_avx512bw_ext=yes
ax_cv_have_avx512cd_cpu_ext=yes
ax_cv_have_avx512cd_ext=yes
ax_cv_have_avx512dq_cpu_ext=yes
ax_cv_have_avx512dq_ext=yes
ax_cv_have_avx512er_cpu_ext=no
ax_cv_have_avx512er_ext=no
ax_cv_have_avx512f_cpu_ext=yes
ax_cv_have_avx512f_ext=yes
ax_cv_have_avx512ifma_cpu_ext=no
ax_cv_have_avx512ifma_ext=no
ax_cv_have_avx512pf_cpu_ext=no
ax_cv_have_avx512pf_ext=no
ax_cv_have_avx512vbmi_cpu_ext=no
ax_cv_have_avx512vbmi_ext=no
ax_cv_have_avx512vl_cpu_ext=yes
ax_cv_have_avx512vl_ext=yes
ax_cv_have_avx_cpu_ext=yes
ax_cv_have_avx_ext=yes
ax_cv_have_avx_os_support_ext=yes
ax_cv_have_bmi1_cpu_ext=yes
ax_cv_have_bmi1_ext=yes
ax_cv_have_bmi2_cpu_ext=yes
ax_cv_have_bmi2_ext=yes
ax_cv_have_fma3_cpu_ext=yes
ax_cv_have_fma3_ext=yes
ax_cv_have_fma4_cpu_ext=no
ax_cv_have_fma4_ext=no
ax_cv_have_mmx_cpu_ext=yes
ax_cv_have_mmx_ext=yes
ax_cv_have_mmx_os_support_ext=yes
ax_cv_have_mpx_cpu_ext=no
ax_cv_have_mpx_ext=no
ax_cv_have_none_os_support_ext=yes
ax_cv_have_prefetchwt1_cpu_ext=no
ax_cv_have_prefetchwt1_ext=no
ax_cv_have_rdrnd_cpu_ext=yes
ax_cv_have_rdrnd_ext=yes
ax_cv_have_sha_cpu_ext=yes
ax_cv_have_sha_ext=yes
ax_cv_have_sse2_cpu_ext=yes
ax_cv_have_sse2_ext=yes
ax_cv_have_sse3_cpu_ext=yes
ax_cv_have_sse3_ext=yes
ax_cv_have_sse41_cpu_ext=yes
ax_cv_have_sse41_ext=yes
ax_cv_have_sse42_cpu_ext=yes
ax_cv_have_sse42_ext=yes
ax_cv_have_sse4a_cpu_ext=no
ax_cv_have_sse4a_ext=no
ax_cv_have_sse_cpu_ext=yes
ax_cv_have_sse_ext=yes
ax_cv_have_sse_os_support_ext=yes
ax_cv_have_ssse3_cpu_ext=yes
ax_cv_have_ssse3_ext=yes
ax_cv_have_xop_cpu_ext=no
ax_cv_have_xop_ext=no
ax_cv_support_abm_ext=yes
ax_cv_support_adx_ext=yes
ax_cv_support_aes_ext=yes
ax_cv_support_avx2_ext=yes
ax_cv_support_avx512bw_ext=yes
ax_cv_support_avx512cd_ext=yes
ax_cv_support_avx512dq_ext=yes
ax_cv_support_avx512er_ext=no
ax_cv_support_avx512f_ext=yes
ax_cv_support_avx512ifma_ext=no
ax_cv_support_avx512pf_ext=no
ax_cv_support_avx512vbmi_ext=no
ax_cv_support_avx512vl_ext=yes
ax_cv_support_avx_ext=yes
ax_cv_support_bmi1_ext=yes
ax_cv_support_bmi2_ext=yes
ax_cv_support_fma3_ext=yes
ax_cv_support_fma4_ext=no
ax_cv_support_mmx_ext=yes
ax_cv_support_mpx_ext=no
ax_cv_support_prefetchwt1_ext=no
ax_cv_support_rdrnd_ext=yes
ax_cv_support_sha_ext=yes
ax_cv_support_sse2_ext=yes
ax_cv_support_sse3_ext=yes
ax_cv_support_sse41_ext=yes
ax_cv_support_sse42_ext=yes
ax_cv_support_sse4a_ext=no
ax_cv_support_sse_ext=yes
ax_cv_support_ssse3_ext=yes
ax_cv_support_xop_ext=no
lt_cv_ar_at_file=@
lt_cv_archive_cmds_need_lc=no
lt_cv_deplibs_check_method=pass_all
lt_cv_file_magic_cmd='$MAGIC_CMD'
lt_cv_file_magic_test_file=
lt_cv_ld_reload_flag=-r
lt_cv_nm_interface='BSD nm'
lt_cv_objdir=.libs
lt_cv_path_LD=/usr/bin/ld
lt_cv_path_LDCXX='/usr/bin/ld -m elf_x86_64'
lt_cv_path_NM='/usr/bin/nm -B'
lt_cv_path_mainfest_tool=no
lt_cv_prog_compiler_c_o=yes
lt_cv_prog_compiler_c_o_CXX=yes
lt_cv_prog_compiler_pic='-fPIC -DPIC'
lt_cv_prog_compiler_pic_CXX='-fPIC -DPIC'
lt_cv_prog_compiler_pic_works=yes
lt_cv_prog_compiler_pic_works_CXX=yes
lt_cv_prog_compiler_rtti_exceptions=no
lt_cv_prog_compiler_static_works=no
lt_cv_prog_compiler_static_works_CXX=no
lt_cv_prog_gnu_ld=yes
lt_cv_prog_gnu_ldcxx=yes
lt_cv_sharedlib_from_linklib_cmd='printf %s\n'
lt_cv_shlibpath_overrides_runpath=no
lt_cv_sys_global_symbol_pipe='sed -n -e '\''s/^.*[	 ]\([ABCDGIRSTW][ABCDGIRSTW]*\)[	 ][	 ]*\([_A-Za-z][_A-Za-z0-9]*\)$/\1 \2 \2/p'\'' | sed '\''/ __gnu_lto/d'\'''
lt_cv_sys_global_symbol_to_c_name_address='sed -n -e '\''s/^: \(.*\) .*$/  {"\1", (void *) 0},/p'\'' -e '\''s/^[ABCDGIRSTW][ABCDGIRSTW]* .* \(.*\)$/  {"\1", (void *) \&\1},/p'\'''
lt_cv_sys_global_symbol_to_c_name_address_lib_prefix='sed -n -e '\''s/^: \(.*\) .*$/  {"\1", (void *) 0},/p'\'' -e '\''s/^[ABCDGIRSTW][ABCDGIRSTW]* .* \(lib.*\)$/  {"\1", (void *) \&\1},/p'\'' -e '\''s/^[ABCDGIRSTW][ABCDGIRSTW]* .* \(.*\)$/  {"lib\1", (void *) \&\1},/p'\'''
lt_cv_sys_global_symbol_to_cdecl='sed -n -e '\''s/^T .* \(.*\)$/extern int \1();/p'\'' -e '\''s/^[ABCDGIRSTW][ABCDGIRSTW]* .* \(.*\)$/extern char \1;/p'\'''
lt_cv_sys_global_symbol_to_import=
lt_cv_sys_max_cmd_len=1572864
lt_cv_to_host_file_cmd=func_convert_file_noop
lt_cv_to_tool_file_cmd=func_convert_file_noop
lt_cv_truncate_bin='/usr/bin/dd bs=4096 count=1'

## ----------------- ##
## Output variables. ##
## ----------------- ##

ACLOCAL='${SHELL} /work/alh166/genome_2024/bin/jellyfish-2.3.1/missing aclocal-1.15'
AMDEPBACKSLASH='\'
AMDEP_FALSE='#'
AMDEP_TRUE=''
AMTAR='$${TAR-tar}'
AM_BACKSLASH='\'
AM_DEFAULT_V='$(AM_DEFAULT_VERBOSITY)'
AM_DEFAULT_VERBOSITY='0'
AM_V='$(V)'
AR='ar'
AUTOCONF='${SHELL} /work/alh166/genome_2024/bin/jellyfish-2.3.1/missing autoconf'
AUTOHEADER='${SHELL} /work/alh166/genome_2024/bin/jellyfish-2.3.1/missing autoheader'
AUTOMAKE='${SHELL} /work/alh166/genome_2024/bin/jellyfish-2.3.1/missing automake-1.15'
AWK='gawk'
CC='gcc'
CCDEPMODE='depmode=gcc3'
CFLAGS='-g -O2'
CPP='gcc -E'
CPPFLAGS=''
CPUEXT_FLAGS=' -mrdrnd -mbmi -mbmi2 -madx -mabm'
CXX='g++'
CXXCPP='g++ -E'
CXXDEPMODE='depmode=gcc3'
CXXFLAGS='-std=c++11 -g -O2'
CYGPATH_W='echo'
DEFS='-DHAVE_CONFIG_H'
DEPDIR='.deps'
DLLTOOL='false'
DSYMUTIL=''
DUMPBIN=''
ECHO_C=''
ECHO_N='-n'
ECHO_T=''
EGREP='/usr/bin/grep -E'
EXEEXT=''
FGREP='/usr/bin/grep -F'
GREP='/usr/bin/grep'
HAVE_SWIG_FALSE=''
HAVE_SWIG_TRUE='#'
HTSLIB_CFLAGS=''
HTSLIB_LIBS=''
HTSLIB_RPATH=''
INSTALL_DATA='${INSTALL} -m 644'
INSTALL_PROGRAM='${INSTALL}'
INSTALL_SCRIPT='${INSTALL}'
INSTALL_STRIP_PROGRAM='$(install_sh) -c -s'
LD='/usr/bin/ld -m elf_x86_64'
LDFLAGS=''
LIBOBJS=''
LIBS=''
LIBTOOL='$(SHELL) $(top_builddir)/libtool'
LIPO=''
LN_S='ln -s'
LTLIBOBJS=''
LT_SYS_LIBRARY_PATH=''
MAKEINFO='${SHELL} /work/alh166/genome_2024/bin/jellyfish-2.3.1/missing makeinfo'
MANIFEST_TOOL=':'
MD5='md5sum'
MKDIR_P='/usr/bin/mkdir -p'
NM='/usr/bin/nm -B'
NMEDIT=''
OBJDUMP='objdump'
OBJEXT='o'
OTOOL64=''
OTOOL=''
PACKAGE='jellyfish'
PACKAGE_BUGREPORT='gmarcais@cs.cmu.edu'
PACKAGE_LIB='2.0'
PACKAGE_NAME='jellyfish'
PACKAGE_STRING='jellyfish 2.3.1'
PACKAGE_TARNAME='jellyfish'
PACKAGE_URL=''
PACKAGE_VERSION='2.3.1'
PATH_SEPARATOR=':'
PERL=''
PERL_BINDING_FALSE=''
PERL_BINDING_TRUE='#'
PERL_EXT_CPPFLAGS=''
PERL_EXT_INC=''
PERL_EXT_LDFLAGS=''
PERL_EXT_LIB=''
PERL_EXT_PREFIX=''
PKG_CONFIG='/usr/bin/pkg-config'
PKG_CONFIG_LIBDIR=''
PKG_CONFIG_PATH=''
PYTHON=''
PYTHON_BINDING_FALSE=''
PYTHON_BINDING_TRUE='#'
PYTHON_CPPFLAGS=''
PYTHON_DEPRECATED_FALSE='#'
PYTHON_DEPRECATED_TRUE=''
PYTHON_EXTRA_LDFLAGS=''
PYTHON_EXTRA_LIBS=''
PYTHON_LDFLAGS=''
PYTHON_SITE_PKG=''
PYTHON_VERSION=''
RANLIB='ranlib'
RUBY=''
RUBY_BINDING_FALSE=''
RUBY_BINDING_TRUE='#'
RUBY_EXT_CFLAGS=''
RUBY_EXT_LDFLAGS=''
RUBY_EXT_LIB=''
RUBY_EXT_LIBS=''
RUBY_VERSION=''
SAMTOOLS=''
SED='/hpc/group/wraylab/alh166/miniforge3/bin/sed'
SET_MAKE=''
SHELL='/bin/sh'
SIMD_FLAGS=' -mmmx -msse -msse2 -msse3 -mssse3 -msse4.1 -msse4.2 -msha -maes -mavx -mfma -mavx2 -mavx512f -mavx512cd -mavx512vl -mavx512bw -mavx512dq'
STATIC_FLAGS=''
STRIP='strip'
SWIG=''
SWIG_LIB=''
UNIX2DOS='/usr/bin/unix2dos'
VALGRIND_CFLAGS=''
VALGRIND_LIBS=''
VERSION='2.3.1'
YAGGO='false'
ac_ct_AR='ar'
ac_ct_CC='gcc'
ac_ct_CXX='g++'
ac_ct_DUMPBIN=''
am__EXEEXT_FALSE=''
am__EXEEXT_TRUE='#'
am__fastdepCC_FALSE='#'
am__fastdepCC_TRUE=''
am__fastdepCXX_FALSE='#'
am__fastdepCXX_TRUE=''
am__include='include'
am__isrc=''
am__leading_dot='.'
am__nodep='_no'
am__quote=''
am__tar='$${TAR-tar} chof - "$$tardir"'
am__untar='$${TAR-tar} xf -'
bindir='${exec_prefix}/bin'
build='x86_64-pc-linux-gnu'
build_alias=''
build_cpu='x86_64'
build_os='linux-gnu'
build_vendor='pc'
datadir='${datarootdir}'
datarootdir='${prefix}/share'
docdir='${datarootdir}/doc/${PACKAGE_TARNAME}'
dvidir='${docdir}'
exec_prefix='${prefix}'
host='x86_64-pc-linux-gnu'
host_alias=''
host_cpu='x86_64'
host_os='linux-gnu'
host_vendor='pc'
htmldir='${docdir}'
includedir='${prefix}/include'
infodir='${datarootdir}/info'
install_sh='${SHELL} /work/alh166/genome_2024/bin/jellyfish-2.3.1/install-sh'
libdir='${exec_prefix}/lib'
libexecdir='${exec_prefix}/libexec'
localedir='${datarootdir}/locale'
localstatedir='${prefix}/var'
mandir='${datarootdir}/man'
mkdir_p='$(MKDIR_P)'
oldincludedir='/usr/include'
pdfdir='${docdir}'
prefix='/hpc/home/alh166'
program_transform_name='s,x,x,'
psdir='${docdir}'
runstatedir='${localstatedir}/run'
sbindir='${exec_prefix}/sbin'
sharedstatedir='${prefix}/com'
sysconfdir='${prefix}/etc'
target_alias=''

## ----------- ##
## confdefs.h. ##
## ----------- ##

/* confdefs.h */
#define PACKAGE_NAME "jellyfish"
#define PACKAGE_TARNAME "jellyfish"
#define PACKAGE_VERSION "2.3.1"
#define PACKAGE_STRING "jellyfish 2.3.1"
#define PACKAGE_BUGREPORT "gmarcais@cs.cmu.edu"
#define PACKAGE_URL ""
#define PACKAGE "jellyfish"
#define VERSION "2.3.1"
#define STDC_HEADERS 1
#define HAVE_SYS_TYPES_H 1
#define HAVE_SYS_STAT_H 1
#define HAVE_STDLIB_H 1
#define HAVE_STRING_H 1
#define HAVE_MEMORY_H 1
#define HAVE_STRINGS_H 1
#define HAVE_INTTYPES_H 1
#define HAVE_STDINT_H 1
#define HAVE_UNISTD_H 1
#define HAVE_DLFCN_H 1
#define LT_OBJDIR ".libs/"
#define HAVE_RDRND 1
#define HAVE_BMI1 1
#define HAVE_BMI2 1
#define HAVE_ADX 1
#define HAVE_ABM 1
#define HAVE_MMX 1
#define HAVE_SSE 1
#define HAVE_SSE2 1
#define HAVE_SSE3 1
#define HAVE_SSSE3 1
#define HAVE_SSE4_1 1
#define HAVE_SSE4_2 1
#define HAVE_SHA 1
#define HAVE_AES 1
#define HAVE_AVX 1
#define HAVE_FMA3 1
#define HAVE_AVX2 1
#define HAVE_AVX512_F 1
#define HAVE_AVX512_CD 1
#define HAVE_AVX512_VL 1
#define HAVE_AVX512_BW 1
#define HAVE_AVX512_DQ 1
#define HAVE_INT128 1
#define HAVE_NUMERIC_LIMITS128 1
#define HAVE_EXECINFO_H 1
#define HAVE_EXT_STDIO_FILEBUF_H 1
#define HAVE_SYS_SYSCALL_H 1
#define HAVE_SYS_PRCTL_H 1
#define HAVE_SI_INT 1
#define HAVE_POSIX_MEMALIGN 1
#define HAVE_ALIGNED_ALLOC 1

configure: exit 0
