Building DAG of jobs...
Using shell: /usr/bin/bash
Provided remote nodes: 1
Provided resources: mem_mb=50000, mem_mib=47684
Select jobs to execute...
Execute 1 jobs...

[Tue Oct  8 10:43:43 2024]
rule assembly:
    input: ../../../kp275/genome_paper/m84165_231212_214911_s4.hifi_reads.bc2011.bam.fa
    output: ../analysis/bc2011.bp_ctg.gfa, ../logs/bc2011.log
    jobid: 0
    reason: Forced execution
    wildcards: sample=bc2011
    resources: mem_mb=50000, mem_mib=47684, disk_mb=16779, disk_mib=16002, tmpdir=<TBD>, runtime=360

Building DAG of jobs...
Using shell: /usr/bin/bash
Provided cores: 1 (use --cores to define parallelism)
Rules claiming more threads will be scaled down.
Provided resources: mem_mb=50000, mem_mib=47684, disk_mb=16779, disk_mib=16002
Select jobs to execute...
Execute 1 jobs...

[Tue Oct  8 10:43:45 2024]
localrule assembly:
    input: ../../../kp275/genome_paper/m84165_231212_214911_s4.hifi_reads.bc2011.bam.fa
    output: ../analysis/bc2011.bp_ctg.gfa, ../logs/bc2011.log
    jobid: 0
    reason: Forced execution
    wildcards: sample=bc2011
    resources: mem_mb=50000, mem_mib=47684, disk_mb=16779, disk_mib=16002, tmpdir=/tmp, runtime=360

Waiting at most 5 seconds for missing files.
MissingOutputException in rule assembly in file /work/alh166/genome_2024/src/Snakefile, line 10:
Job 0 completed successfully, but some output files are missing. Missing files after 5 seconds. This might be due to filesystem latency. If that is the case, consider to increase the wait time with --latency-wait:
../analysis/bc2011.bp_ctg.gfa (missing locally, parent dir contents: bc2011.bp.hap1.p_ctg.gfa, bc2011.bp.p_utg.lowQ.bed, bc2011.bp.r_utg.gfa, bc2011.bp.hap2.p_ctg.lowQ.bed, bc2011.ovlp.reverse.bin, bc2011.bp.r_utg.lowQ.bed, .histo, bc2011.bp.hap2.p_ctg.noseq.gfa, bc2011.bp.p_utg.gfa, bc2011.ovlp.source.bin, bc2011.bp.r_utg.noseq.gfa, bc2011.bp.hap1.p_ctg.lowQ.bed, bc2011.bp.p_ctg.noseq.gfa, bc2011.bp.hap2.p_ctg.gfa, bc2011.bp.p_ctg.gfa, bc2011.histo, bc2011.bp.p_ctg.lowQ.bed, bc2011.bp.hap1.p_ctg.noseq.gfa, genomeFasta.fa, bc2011.ec.bin, bc2011.bp.p_utg.noseq.gfa, bc2010.histo)
Removing output files of failed job assembly since they might be corrupted:
../logs/bc2011.log
Shutting down, this might take some time.
Exiting because a job execution failed. Look above for error message
Storing output in storage.
WorkflowError:
At least one job did not complete successfully.
srun: error: dcc-core-49: task 0: Exited with exit code 1
[Tue Oct  8 10:46:26 2024]
Error in rule assembly:
    jobid: 0
    input: ../../../kp275/genome_paper/m84165_231212_214911_s4.hifi_reads.bc2011.bam.fa
    output: ../analysis/bc2011.bp_ctg.gfa, ../logs/bc2011.log
    shell:
        
        bash hifiAssembly.sh bc2011 ../../../kp275/genome_paper/m84165_231212_214911_s4.hifi_reads.bc2011.bam.fa
        
        (one of the commands exited with non-zero exit code; note that snakemake uses bash strict mode!)

Shutting down, this might take some time.
Exiting because a job execution failed. Look above for error message
Storing output in storage.
WorkflowError:
At least one job did not complete successfully.
