Building DAG of jobs...
Using shell: /usr/bin/bash
Provided remote nodes: 1
Provided resources: mem_mb=50000, mem_mib=47684
Select jobs to execute...
Execute 1 jobs...

[Thu Oct 17 11:55:21 2024]
rule assembly:
    input: ../raw_data/reads/m84165_231212_214911_s4.hifi_reads.bc2011.bam.fa
    output: ../analysis/snake/bc2011.bp.p_ctg.gfa, ../logs/bc2011.log
    jobid: 0
    reason: Forced execution
    wildcards: sample=bc2011
    resources: mem_mb=50000, mem_mib=47684, disk_mb=16779, disk_mib=16002, tmpdir=<TBD>, runtime=360

Building DAG of jobs...
Using shell: /usr/bin/bash
Provided cores: 1 (use --cores to define parallelism)
Rules claiming more threads will be scaled down.
Provided resources: mem_mb=50000, mem_mib=47684, disk_mb=16779, disk_mib=16002
Select jobs to execute...
Execute 1 jobs...

[Thu Oct 17 11:55:23 2024]
localrule assembly:
    input: ../raw_data/reads/m84165_231212_214911_s4.hifi_reads.bc2011.bam.fa
    output: ../analysis/snake/bc2011.bp.p_ctg.gfa, ../logs/bc2011.log
    jobid: 0
    reason: Forced execution
    wildcards: sample=bc2011
    resources: mem_mb=50000, mem_mib=47684, disk_mb=16779, disk_mib=16002, tmpdir=/tmp, runtime=360

slurmstepd: error: *** STEP 18097521.0 ON dcc-core-36 CANCELLED AT 2024-10-17T17:48:59 DUE TO TIME LIMIT ***
srun: Job step aborted: Waiting up to 32 seconds for job step to finish.
slurmstepd: error: *** JOB 18097521 ON dcc-core-36 CANCELLED AT 2024-10-17T17:48:59 DUE TO TIME LIMIT ***
Will exit after finishing currently running jobs (scheduler).
Will exit after finishing currently running jobs (scheduler).
