Building DAG of jobs...
Using shell: /usr/bin/bash
Provided remote nodes: 1
Provided resources: mem_mb=50000, mem_mib=47684
Select jobs to execute...
Execute 1 jobs...

[Thu Oct 24 11:10:33 2024]
rule assembly:
    input: ../raw_data/reads/m84165_231212_214911_s4.hifi_reads.bc2011.bam.fa
    output: ../analysis/snake/bc2011.bp.p_ctg.gfa, ../logs/bc2011.log
    jobid: 0
    reason: Forced execution
    wildcards: sample=bc2011
    resources: mem_mb=50000, mem_mib=47684, disk_mb=16779, disk_mib=16002, tmpdir=<TBD>, runtime=360

Building DAG of jobs...
Using shell: /usr/bin/bash
Provided cores: 1 (use --cores to define parallelism)
Rules claiming more threads will be scaled down.
Provided resources: mem_mb=50000, mem_mib=47684, disk_mb=16779, disk_mib=16002
Select jobs to execute...
Execute 1 jobs...

[Thu Oct 24 11:10:35 2024]
localrule assembly:
    input: ../raw_data/reads/m84165_231212_214911_s4.hifi_reads.bc2011.bam.fa
    output: ../analysis/snake/bc2011.bp.p_ctg.gfa, ../logs/bc2011.log
    jobid: 0
    reason: Forced execution
    wildcards: sample=bc2011
    resources: mem_mb=50000, mem_mib=47684, disk_mb=16779, disk_mib=16002, tmpdir=/tmp, runtime=360

srun: Job step aborted: Waiting up to 32 seconds for job step to finish.
slurmstepd: error: *** JOB 18336739 ON dcc-core-39 CANCELLED AT 2024-10-24T11:14:54 ***
slurmstepd: error: *** STEP 18336739.0 ON dcc-core-39 CANCELLED AT 2024-10-24T11:14:54 ***
