host: dcc-caperlab-01
Building DAG of jobs...
Using shell: /usr/bin/bash
Provided cores: 16
Rules claiming more threads will be scaled down.
Job stats:
job        count
-------  -------
busco          1
quast          1
targets        1
telo           1
total          4

Select jobs to execute...
Execute 3 jobs...

[Mon Feb 17 22:29:20 2025]
localrule quast:
    input: analysis/SRR13577847/SRR13577847.p_ctg.fa
    output: analysis/SRR13577847/SRR13577847_quast_report.txt
    jobid: 6
    reason: Missing output files: analysis/SRR13577847/SRR13577847_quast_report.txt
    wildcards: sample=SRR13577847
    resources: tmpdir=/tmp


[Mon Feb 17 22:29:20 2025]
localrule telo:
    input: analysis/SRR13577847/SRR13577847.p_ctg.fa
    output: analysis/SRR13577847/tidk_SRR13577847.svg
    jobid: 5
    reason: Missing output files: analysis/SRR13577847/tidk_SRR13577847.svg
    wildcards: sample=SRR13577847
    resources: tmpdir=/tmp


[Mon Feb 17 22:29:20 2025]
localrule busco:
    input: analysis/SRR13577847/SRR13577847.p_ctg.fa
    output: analysis/SRR13577847/SRR13577847_busco_short_summary.txt
    jobid: 4
    reason: Missing output files: analysis/SRR13577847/SRR13577847_busco_short_summary.txt
    wildcards: sample=SRR13577847
    resources: tmpdir=/tmp

[Mon Feb 17 22:29:21 2025]
Error in rule telo:
    jobid: 5
    input: analysis/SRR13577847/SRR13577847.p_ctg.fa
    output: analysis/SRR13577847/tidk_SRR13577847.svg
    shell:
        
		bash telomere.sh SRR13577847 analysis/SRR13577847/SRR13577847.p_ctg.fa Saccharomycetales
		
        (one of the commands exited with non-zero exit code; note that snakemake uses bash strict mode!)

Waiting at most 5 seconds for missing files.
MissingOutputException in rule quast in file /work/kp275/genome_2024/Snakefile, line 71:
Job 6  completed successfully, but some output files are missing. Missing files after 5 seconds. This might be due to filesystem latency. If that is the case, consider to increase the wait time with --latency-wait:
analysis/SRR13577847/SRR13577847_quast_report.txt (missing locally, parent dir contents: SRR13577847.ovlp.source.bin, SRR13577847.histo, SRR13577847.bp.r_utg.gfa, SRR13577847.p_ctg.fa, genomescope_SRR13577847, SRR13577847.bp.p_utg.noseq.gfa, SRR13577847.ovlp.reverse.bin, SRR13577847.bp.hap2.p_ctg.gfa, SRR13577847.bp.p_ctg.noseq.gfa, SRR13577847.bp.hap1.p_ctg.lowQ.bed, SRR13577847.bp.p_ctg.lowQ.bed, SRR13577847.ec.bin, SRR13577847.bp.p_utg.lowQ.bed, SRR13577847.bp.hap2.p_ctg.noseq.gfa, SRR13577847.log, SRR13577847.bp.r_utg.noseq.gfa, quast_SRR13577847, SRR13577847_filtered.fa, SRR13577847.bp.hap1.p_ctg.noseq.gfa, SRR13577847.bp.p_ctg.gfa, SRR13577847.jf, SRR13577847.bp.hap1.p_ctg.gfa, SRR13577847.p_ctg.fa.fai, SRR13577847.bp.hap2.p_ctg.lowQ.bed, SRR13577847.bp.r_utg.lowQ.bed, SRR13577847.bp.p_utg.gfa)
Waiting at most 5 seconds for missing files.
MissingOutputException in rule busco in file /work/kp275/genome_2024/Snakefile, line 49:
Job 4  completed successfully, but some output files are missing. Missing files after 5 seconds. This might be due to filesystem latency. If that is the case, consider to increase the wait time with --latency-wait:
analysis/SRR13577847/SRR13577847_busco_short_summary.txt (missing locally, parent dir contents: SRR13577847.ovlp.source.bin, SRR13577847.histo, SRR13577847.bp.r_utg.gfa, SRR13577847.p_ctg.fa, genomescope_SRR13577847, SRR13577847.bp.p_utg.noseq.gfa, SRR13577847.ovlp.reverse.bin, SRR13577847.bp.hap2.p_ctg.gfa, SRR13577847.bp.p_ctg.noseq.gfa, SRR13577847.bp.hap1.p_ctg.lowQ.bed, busco_SRR13577847, SRR13577847.bp.p_ctg.lowQ.bed, SRR13577847.ec.bin, SRR13577847.bp.p_utg.lowQ.bed, SRR13577847.bp.hap2.p_ctg.noseq.gfa, SRR13577847.log, SRR13577847.bp.r_utg.noseq.gfa, quast_SRR13577847, SRR13577847_filtered.fa, SRR13577847.bp.hap1.p_ctg.noseq.gfa, SRR13577847.bp.p_ctg.gfa, SRR13577847.jf, SRR13577847.bp.hap1.p_ctg.gfa, SRR13577847.p_ctg.fa.fai, SRR13577847.bp.hap2.p_ctg.lowQ.bed, SRR13577847.bp.r_utg.lowQ.bed, SRR13577847.bp.p_utg.gfa)
Shutting down, this might take some time.
Exiting because a job execution failed. Look above for error message
Complete log: .snakemake/log/2025-02-17T222920.653294.snakemake.log
WorkflowError:
At least one job did not complete successfully.
