host: dcc-caperlab-01
Building DAG of jobs...
Using shell: /usr/bin/bash
Provided cores: 16
Rules claiming more threads will be scaled down.
Job stats:
job         count
--------  -------
assembly        1
busco           1
data_qc         1
index           1
quast           1
targets         1
telo            1
total           7

Select jobs to execute...
Execute 2 jobs...

[Mon Feb 17 23:06:35 2025]
localrule assembly:
    input: bc2033.fa
    output: analysis/bc2033/bc2033.p_ctg.fa
    jobid: 2
    reason: Missing output files: analysis/bc2033/bc2033.p_ctg.fa
    wildcards: sample=bc2033
    resources: tmpdir=/tmp


[Mon Feb 17 23:06:35 2025]
localrule data_qc:
    input: bc2033.fa
    output: results/bc2033/bc2033_genomescope.png
    jobid: 1
    reason: Missing output files: results/bc2033/bc2033_genomescope.png
    wildcards: sample=bc2033
    resources: tmpdir=/tmp

[Mon Feb 17 23:11:36 2025]
Finished job 1.
1 of 7 steps (14%) done
[Mon Feb 17 23:31:04 2025]
Finished job 2.
2 of 7 steps (29%) done
Select jobs to execute...
Execute 4 jobs...

[Mon Feb 17 23:31:04 2025]
localrule quast:
    input: analysis/bc2033/bc2033.p_ctg.fa
    output: analysis/bc2033/bc2033_quast_report.txt
    jobid: 6
    reason: Missing output files: analysis/bc2033/bc2033_quast_report.txt; Input files updated by another job: analysis/bc2033/bc2033.p_ctg.fa
    wildcards: sample=bc2033
    resources: tmpdir=/tmp


[Mon Feb 17 23:31:04 2025]
localrule telo:
    input: analysis/bc2033/bc2033.p_ctg.fa
    output: analysis/bc2033/tidk_bc2033.svg
    jobid: 5
    reason: Missing output files: analysis/bc2033/tidk_bc2033.svg; Input files updated by another job: analysis/bc2033/bc2033.p_ctg.fa
    wildcards: sample=bc2033
    resources: tmpdir=/tmp


[Mon Feb 17 23:31:04 2025]
localrule busco:
    input: analysis/bc2033/bc2033.p_ctg.fa
    output: analysis/bc2033/bc2033_busco_short_summary.txt
    jobid: 4
    reason: Missing output files: analysis/bc2033/bc2033_busco_short_summary.txt; Input files updated by another job: analysis/bc2033/bc2033.p_ctg.fa
    wildcards: sample=bc2033
    resources: tmpdir=/tmp


[Mon Feb 17 23:31:05 2025]
localrule index:
    input: analysis/bc2033/bc2033.p_ctg.fa
    output: analysis/bc2033/bc2033.p_ctg.fa.fai
    jobid: 3
    reason: Missing output files: analysis/bc2033/bc2033.p_ctg.fa.fai; Input files updated by another job: analysis/bc2033/bc2033.p_ctg.fa
    wildcards: sample=bc2033
    resources: tmpdir=/tmp

[Mon Feb 17 23:31:06 2025]
Finished job 3.
3 of 7 steps (43%) done
Waiting at most 5 seconds for missing files.
MissingOutputException in rule telo in file /work/kp275/genome_2024/Snakefile, line 61:
Job 5  completed successfully, but some output files are missing. Missing files after 5 seconds. This might be due to filesystem latency. If that is the case, consider to increase the wait time with --latency-wait:
analysis/bc2033/tidk_bc2033.svg (missing locally, parent dir contents: bc2033.p_ctg.fa.fai, bc2033.bp.hap2.p_ctg.gfa, bc2033.bp.p_ctg.gfa, bc2033.p_ctg.fa, bc2033.bp.r_utg.noseq.gfa, bc2033.bp.hap2.p_ctg.noseq.gfa, bc2033.bp.r_utg.gfa, bc2033.bp.p_ctg.noseq.gfa, tidk_bc2033_telomeric_repeat_windows.tsv, bc2033.bp.hap1.p_ctg.lowQ.bed, genomescope_bc2033, bc2033.bp.hap1.p_ctg.noseq.gfa, bc2033.ec.bin, bc2033.ovlp.source.bin, bc2033_filtered.fa, bc2033.bp.hap1.p_ctg.gfa, bc2033.jf, bc2033.bp.p_utg.noseq.gfa, quast_bc2033, tidk_bc2033.log, bc2033.ovlp.reverse.bin, bc2033.bp.p_utg.lowQ.bed, bc2033.log, bc2033.bp.r_utg.lowQ.bed, bc2033.bp.p_utg.gfa, bc2033.bp.p_ctg.lowQ.bed, bc2033.histo, bc2033.bp.hap2.p_ctg.lowQ.bed)
Waiting at most 5 seconds for missing files.
MissingOutputException in rule quast in file /work/kp275/genome_2024/Snakefile, line 71:
Job 6  completed successfully, but some output files are missing. Missing files after 5 seconds. This might be due to filesystem latency. If that is the case, consider to increase the wait time with --latency-wait:
analysis/bc2033/bc2033_quast_report.txt (missing locally, parent dir contents: bc2033.p_ctg.fa.fai, bc2033.bp.hap2.p_ctg.gfa, bc2033.bp.p_ctg.gfa, bc2033.p_ctg.fa, bc2033.bp.r_utg.noseq.gfa, bc2033.bp.hap2.p_ctg.noseq.gfa, bc2033.bp.r_utg.gfa, busco_bc2033, bc2033.bp.p_ctg.noseq.gfa, tidk_bc2033_telomeric_repeat_windows.tsv, bc2033.bp.hap1.p_ctg.lowQ.bed, genomescope_bc2033, bc2033.bp.hap1.p_ctg.noseq.gfa, bc2033.ec.bin, bc2033.ovlp.source.bin, bc2033_filtered.fa, bc2033.bp.hap1.p_ctg.gfa, bc2033.jf, bc2033.bp.p_utg.noseq.gfa, quast_bc2033, tidk_bc2033.log, bc2033.ovlp.reverse.bin, bc2033.bp.p_utg.lowQ.bed, bc2033.log, bc2033.bp.r_utg.lowQ.bed, bc2033.bp.p_utg.gfa, bc2033.bp.p_ctg.lowQ.bed, bc2033.histo, bc2033.bp.hap2.p_ctg.lowQ.bed)
Waiting at most 5 seconds for missing files.
MissingOutputException in rule busco in file /work/kp275/genome_2024/Snakefile, line 49:
Job 4  completed successfully, but some output files are missing. Missing files after 5 seconds. This might be due to filesystem latency. If that is the case, consider to increase the wait time with --latency-wait:
analysis/bc2033/bc2033_busco_short_summary.txt (missing locally, parent dir contents: bc2033.p_ctg.fa.fai, bc2033.bp.hap2.p_ctg.gfa, bc2033.bp.p_ctg.gfa, bc2033.p_ctg.fa, bc2033.bp.r_utg.noseq.gfa, bc2033.bp.hap2.p_ctg.noseq.gfa, bc2033.bp.r_utg.gfa, busco_bc2033, bc2033.bp.p_ctg.noseq.gfa, tidk_bc2033_telomeric_repeat_windows.tsv, bc2033.bp.hap1.p_ctg.lowQ.bed, genomescope_bc2033, bc2033.bp.hap1.p_ctg.noseq.gfa, bc2033.ec.bin, bc2033.ovlp.source.bin, bc2033_filtered.fa, bc2033.bp.hap1.p_ctg.gfa, bc2033.jf, bc2033.bp.p_utg.noseq.gfa, quast_bc2033, tidk_bc2033.log, bc2033.ovlp.reverse.bin, bc2033.bp.p_utg.lowQ.bed, bc2033.log, bc2033.bp.r_utg.lowQ.bed, bc2033.bp.p_utg.gfa, bc2033.bp.p_ctg.lowQ.bed, bc2033.histo, bc2033.bp.hap2.p_ctg.lowQ.bed)
Shutting down, this might take some time.
Exiting because a job execution failed. Look above for error message
Complete log: .snakemake/log/2025-02-17T230635.330541.snakemake.log
WorkflowError:
At least one job did not complete successfully.
