host: dcc-caperlab-01
Building DAG of jobs...
Using shell: /usr/bin/bash
Provided cores: 16
Rules claiming more threads will be scaled down.
Job stats:
job         count
--------  -------
assembly        1
busco           1
data_qc         1
index           1
quast           1
targets         1
telo            1
total           7

Select jobs to execute...
Execute 2 jobs...

[Tue Feb 18 08:49:18 2025]
localrule assembly:
    input: bc2035.fa
    output: analysis/bc2035/bc2035.p_ctg.fa
    jobid: 2
    reason: Missing output files: analysis/bc2035/bc2035.p_ctg.fa
    wildcards: sample=bc2035
    resources: tmpdir=/tmp


[Tue Feb 18 08:49:18 2025]
localrule data_qc:
    input: bc2035.fa
    output: results/bc2035/bc2035_genomescope.png
    jobid: 1
    reason: Missing output files: results/bc2035/bc2035_genomescope.png
    wildcards: sample=bc2035
    resources: tmpdir=/tmp

[Tue Feb 18 08:51:54 2025]
Finished job 1.
1 of 7 steps (14%) done
[Tue Feb 18 09:10:59 2025]
Finished job 2.
2 of 7 steps (29%) done
Select jobs to execute...
Execute 4 jobs...

[Tue Feb 18 09:10:59 2025]
localrule quast:
    input: analysis/bc2035/bc2035.p_ctg.fa
    output: analysis/bc2035/bc2035_quast_report.txt
    jobid: 6
    reason: Missing output files: analysis/bc2035/bc2035_quast_report.txt; Input files updated by another job: analysis/bc2035/bc2035.p_ctg.fa
    wildcards: sample=bc2035
    resources: tmpdir=/tmp


[Tue Feb 18 09:10:59 2025]
localrule telo:
    input: analysis/bc2035/bc2035.p_ctg.fa
    output: analysis/bc2035/tidk_bc2035.svg
    jobid: 5
    reason: Missing output files: analysis/bc2035/tidk_bc2035.svg; Input files updated by another job: analysis/bc2035/bc2035.p_ctg.fa
    wildcards: sample=bc2035
    resources: tmpdir=/tmp


[Tue Feb 18 09:10:59 2025]
localrule busco:
    input: analysis/bc2035/bc2035.p_ctg.fa
    output: analysis/bc2035/bc2035_busco_short_summary.txt
    jobid: 4
    reason: Missing output files: analysis/bc2035/bc2035_busco_short_summary.txt; Input files updated by another job: analysis/bc2035/bc2035.p_ctg.fa
    wildcards: sample=bc2035
    resources: tmpdir=/tmp


[Tue Feb 18 09:10:59 2025]
localrule index:
    input: analysis/bc2035/bc2035.p_ctg.fa
    output: analysis/bc2035/bc2035.p_ctg.fa.fai
    jobid: 3
    reason: Missing output files: analysis/bc2035/bc2035.p_ctg.fa.fai; Input files updated by another job: analysis/bc2035/bc2035.p_ctg.fa
    wildcards: sample=bc2035
    resources: tmpdir=/tmp

[Tue Feb 18 09:11:01 2025]
Finished job 3.
3 of 7 steps (43%) done
Waiting at most 5 seconds for missing files.
MissingOutputException in rule telo in file /work/kp275/genome_2024/Snakefile, line 61:
Job 5  completed successfully, but some output files are missing. Missing files after 5 seconds. This might be due to filesystem latency. If that is the case, consider to increase the wait time with --latency-wait:
analysis/bc2035/tidk_bc2035.svg (missing locally, parent dir contents: bc2035.bp.r_utg.gfa, genomescope_bc2035, tidk_bc2035_telomeric_repeat_windows.tsv, bc2035.bp.hap2.p_ctg.gfa, bc2035.bp.hap1.p_ctg.gfa, bc2035.ovlp.reverse.bin, bc2035.bp.hap1.p_ctg.noseq.gfa, bc2035.bp.hap1.p_ctg.lowQ.bed, bc2035.bp.p_ctg.noseq.gfa, tidk_bc2035.log, bc2035.bp.hap2.p_ctg.lowQ.bed, bc2035.jf, quast_bc2035, bc2035.bp.p_utg.lowQ.bed, bc2035_filtered.fa, bc2035.bp.p_utg.gfa, bc2035.bp.r_utg.lowQ.bed, bc2035.ec.bin, bc2035.histo, bc2035.bp.r_utg.noseq.gfa, bc2035.p_ctg.fa.fai, bc2035.bp.p_ctg.gfa, bc2035.bp.p_ctg.lowQ.bed, bc2035.p_ctg.fa, bc2035.bp.hap2.p_ctg.noseq.gfa, bc2035.bp.p_utg.noseq.gfa, bc2035.log, bc2035.ovlp.source.bin)
Waiting at most 5 seconds for missing files.
MissingOutputException in rule quast in file /work/kp275/genome_2024/Snakefile, line 71:
Job 6  completed successfully, but some output files are missing. Missing files after 5 seconds. This might be due to filesystem latency. If that is the case, consider to increase the wait time with --latency-wait:
analysis/bc2035/bc2035_quast_report.txt (missing locally, parent dir contents: bc2035.bp.r_utg.gfa, genomescope_bc2035, tidk_bc2035_telomeric_repeat_windows.tsv, bc2035.bp.hap2.p_ctg.gfa, bc2035.bp.hap1.p_ctg.gfa, bc2035.ovlp.reverse.bin, bc2035.bp.hap1.p_ctg.noseq.gfa, bc2035.bp.hap1.p_ctg.lowQ.bed, bc2035.bp.p_ctg.noseq.gfa, tidk_bc2035.log, bc2035.bp.hap2.p_ctg.lowQ.bed, bc2035.jf, quast_bc2035, bc2035.bp.p_utg.lowQ.bed, bc2035_filtered.fa, bc2035.bp.p_utg.gfa, bc2035.bp.r_utg.lowQ.bed, bc2035.ec.bin, bc2035.histo, bc2035.bp.r_utg.noseq.gfa, bc2035.p_ctg.fa.fai, bc2035.bp.p_ctg.gfa, bc2035.bp.p_ctg.lowQ.bed, bc2035.p_ctg.fa, bc2035.bp.hap2.p_ctg.noseq.gfa, bc2035.bp.p_utg.noseq.gfa, bc2035.log, bc2035.ovlp.source.bin, busco_bc2035)
