Building DAG of jobs...
WorkflowError:
MissingInputException: Missing input files for rule assembly2:
    output: ../results/../analysis/m84165_231212_214911_s4.hifi_reads.bc2011.bam.fa.bp.p_utg.gfa, ../analysis/../analysis/m84165_231212_214911_s4.hifi_reads.bc2011.bam.fa_hifiDONE.txt
    wildcards: sample=../analysis/m84165_231212_214911_s4.hifi_reads.bc2011.bam.fa
    affected files:
        ../raw_data/../analysis/m84165_231212_214911_s4.hifi_reads.bc2011.bam.fa
WorkflowError:
    MissingInputException: Missing input files for rule assembly2:
        output: ../results/../analysis/../analysis/m84165_231212_214911_s4.hifi_reads.bc2011.bam.fa_hifiDONE.bp.p_utg.gfa, ../analysis/../analysis/../analysis/m84165_231212_214911_s4.hifi_reads.bc2011.bam.fa_hifiDONE_hifiDONE.txt
        wildcards: sample=../analysis/../analysis/m84165_231212_214911_s4.hifi_reads.bc2011.bam.fa_hifiDONE
        affected files:
            ../raw_data/../analysis/../analysis/m84165_231212_214911_s4.hifi_reads.bc2011.bam.fa_hifiDONE
    WorkflowError:
        MissingInputException: Missing input files for rule assembly2:
            output: ../results/../analysis/../analysis/../analysis/m84165_231212_214911_s4.hifi_reads.bc2011.bam.fa_hifiDONE_hifiDONE.bp.p_utg.gfa, ../analysis/../analysis/../analysis/../analysis/m84165_231212_214911_s4.hifi_reads.bc2011.bam.fa_hifiDONE_hifiDONE_hifiDONE.txt
            wildcards: sample=../analysis/../analysis/../analysis/m84165_231212_214911_s4.hifi_reads.bc2011.bam.fa_hifiDONE_hifiDONE
            affected files:
                ../raw_data/../analysis/../analysis/../analysis/m84165_231212_214911_s4.hifi_reads.bc2011.bam.fa_hifiDONE_hifiDONE
        WorkflowError:
            MissingInputException: Missing input files for rule assembly2:
                output: ../results/../analysis/../analysis/../analysis/../analysis/m84165_231212_214911_s4.hifi_reads.bc2011.bam.fa_hifiDONE_hifiDONE_hifiDONE.bp.p_utg.gfa, ../analysis/../analysis/../analysis/../analysis/../analysis/m84165_231212_214911_s4.hifi_reads.bc2011.bam.fa_hifiDONE_hifiDONE_hifiDONE_hifiDONE.txt
                wildcards: sample=../analysis/../analysis/../analysis/../analysis/m84165_231212_214911_s4.hifi_reads.bc2011.bam.fa_hifiDONE_hifiDONE_hifiDONE
                affected files:
                    ../raw_data/../analysis/../analysis/../analysis/../analysis/m84165_231212_214911_s4.hifi_reads.bc2011.bam.fa_hifiDONE_hifiDONE_hifiDONE
            WorkflowError:
                MissingInputException: Missing input files for rule assembly2:
                    output: ../results/../analysis/../analysis/../analysis/../analysis/../analysis/m84165_231212_214911_s4.hifi_reads.bc2011.bam.fa_hifiDONE_hifiDONE_hifiDONE_hifiDONE.bp.p_utg.gfa, ../analysis/../analysis/../analysis/../analysis/../analysis/../analysis/m84165_231212_214911_s4.hifi_reads.bc2011.bam.fa_hifiDONE_hifiDONE_hifiDONE_hifiDONE_hifiDONE.txt
                    wildcards: sample=../analysis/../analysis/../analysis/../analysis/../analysis/m84165_231212_214911_s4.hifi_reads.bc2011.bam.fa_hifiDONE_hifiDONE_hifiDONE_hifiDONE
                    affected files:
                        ../raw_data/../analysis/../analysis/../analysis/../analysis/../analysis/m84165_231212_214911_s4.hifi_reads.bc2011.bam.fa_hifiDONE_hifiDONE_hifiDONE_hifiDONE
                WorkflowError:
                    MissingInputException: Missing input files for rule assembly2:
                        output: ../results/../analysis/../analysis/../analysis/../analysis/../analysis/../analysis/m84165_231212_214911_s4.hifi_reads.bc2011.bam.fa_hifiDONE_hifiDONE_hifiDONE_hifiDONE_hifiDONE.bp.p_utg.gfa, ../analysis/../analysis/../analysis/../analysis/../analysis/../analysis/../analysis/m84165_231212_214911_s4.hifi_reads.bc2011.bam.fa_hifiDONE_hifiDONE_hifiDONE_hifiDONE_hifiDONE_hifiDONE.txt
                        wildcards: sample=../analysis/../analysis/../analysis/../analysis/../analysis/../analysis/m84165_231212_214911_s4.hifi_reads.bc2011.bam.fa_hifiDONE_hifiDONE_hifiDONE_hifiDONE_hifiDONE
                        affected files:
                            ../raw_data/../analysis/../analysis/../analysis/../analysis/../analysis/../analysis/m84165_231212_214911_s4.hifi_reads.bc2011.bam.fa_hifiDONE_hifiDONE_hifiDONE_hifiDONE_hifiDONE
                    WorkflowError:
                        MissingInputException: Missing input files for rule assembly2:
                            output: ../results/../analysis/../analysis/../analysis/../analysis/../analysis/../analysis/../analysis/m84165_231212_214911_s4.hifi_reads.bc2011.bam.fa_hifiDONE_hifiDONE_hifiDONE_hifiDONE_hifiDONE_hifiDONE.bp.p_utg.gfa, ../analysis/../analysis/../analysis/../analysis/../analysis/../analysis/../analysis/../analysis/m84165_231212_214911_s4.hifi_reads.bc2011.bam.fa_hifiDONE_hifiDONE_hifiDONE_hifiDONE_hifiDONE_hifiDONE_hifiDONE.txt
                            wildcards: sample=../analysis/../analysis/../analysis/../analysis/../analysis/../analysis/../analysis/m84165_231212_214911_s4.hifi_reads.bc2011.bam.fa_hifiDONE_hifiDONE_hifiDONE_hifiDONE_hifiDONE_hifiDONE
                            affected files:
                                ../raw_data/../analysis/../analysis/../analysis/../analysis/../analysis/../analysis/../analysis/m84165_231212_214911_s4.hifi_reads.bc2011.bam.fa_hifiDONE_hifiDONE_hifiDONE_hifiDONE_hifiDONE_hifiDONE
                        WorkflowError:
                            MissingInputException: Missing input files for rule assembly2:
                                output: ../results/../analysis/../analysis/../analysis/../analysis/../analysis/../analysis/../analysis/../analysis/m84165_231212_214911_s4.hifi_reads.bc2011.bam.fa_hifiDONE_hifiDONE_hifiDONE_hifiDONE_hifiDONE_hifiDONE_hifiDONE.bp.p_utg.gfa, ../analysis/../analysis/../analysis/../analysis/../analysis/../analysis/../analysis/../analysis/../analysis/m84165_231212_214911_s4.hifi_reads.bc2011.bam.fa_hifiDONE_hifiDONE_hifiDONE_hifiDONE_hifiDONE_hifiDONE_hifiDONE_hifiDONE.txt
                                wildcards: sample=../analysis/../analysis/../analysis/../analysis/../analysis/../analysis/../analysis/../analysis/m84165_231212_214911_s4.hifi_reads.bc2011.bam.fa_hifiDONE_hifiDONE_hifiDONE_hifiDONE_hifiDONE_hifiDONE_hifiDONE
                                affected files:
                                    ../raw_data/../analysis/../analysis/../analysis/../analysis/../analysis/../analysis/../analysis/../analysis/m84165_231212_214911_s4.hifi_reads.bc2011.bam.fa_hifiDONE_hifiDONE_hifiDONE_hifiDONE_hifiDONE_hifiDONE_hifiDONE
                            WorkflowError:
                                MissingInputException: Missing input files for rule assembly2:
                                    output: ../results/../analysis/../analysis/../analysis/../analysis/../analysis/../analysis/../analysis/../analysis/../analysis/m84165_231212_214911_s4.hifi_reads.bc2011.bam.fa_hifiDONE_hifiDONE_hifiDONE_hifiDONE_hifiDONE_hifiDONE_hifiDONE_hifiDONE.bp.p_utg.gfa, ../analysis/../analysis/../analysis/../analysis/../analysis/../analysis/../analysis/../analysis/../analysis/../analysis/m84165_231212_214911_s4.hifi_reads.bc2011.bam.fa_hifiDONE_hifiDONE_hifiDONE_hifiDONE_hifiDONE_hifiDONE_hifiDONE_hifiDONE_hifiDONE.txt
                                    wildcards: sample=../analysis/../analysis/../analysis/../analysis/../analysis/../analysis/../analysis/../analysis/../analysis/m84165_231212_214911_s4.hifi_reads.bc2011.bam.fa_hifiDONE_hifiDONE_hifiDONE_hifiDONE_hifiDONE_hifiDONE_hifiDONE_hifiDONE
                                    affected files:
                                        ../raw_data/../analysis/../analysis/../analysis/../analysis/../analysis/../analysis/../analysis/../analysis/../analysis/m84165_231212_214911_s4.hifi_reads.bc2011.bam.fa_hifiDONE_hifiDONE_hifiDONE_hifiDONE_hifiDONE_hifiDONE_hifiDONE_hifiDONE
                                WorkflowError:
                                    MissingInputException: Missing input files for rule assembly2:
                                        output: ../results/../analysis/../analysis/../analysis/../analysis/../analysis/../analysis/../analysis/../analysis/../analysis/../analysis/m84165_231212_214911_s4.hifi_reads.bc2011.bam.fa_hifiDONE_hifiDONE_hifiDONE_hifiDONE_hifiDONE_hifiDONE_hifiDONE_hifiDONE_hifiDONE.bp.p_utg.gfa, ../analysis/../analysis/../analysis/../analysis/../analysis/../analysis/../analysis/../analysis/../analysis/../analysis/../analysis/m84165_231212_214911_s4.hifi_reads.bc2011.bam.fa_hifiDONE_hifiDONE_hifiDONE_hifiDONE_hifiDONE_hifiDONE_hifiDONE_hifiDONE_hifiDONE_hifiDONE.txt
                                        wildcards: sample=../analysis/../analysis/../analysis/../analysis/../analysis/../analysis/../analysis/../analysis/../analysis/../analysis/m84165_231212_214911_s4.hifi_reads.bc2011.bam.fa_hifiDONE_hifiDONE_hifiDONE_hifiDONE_hifiDONE_hifiDONE_hifiDONE_hifiDONE_hifiDONE
                                        affected files:
                                            ../raw_data/../analysis/../analysis/../analysis/../analysis/../analysis/../analysis/../analysis/../analysis/../analysis/../analysis/m84165_231212_214911_s4.hifi_reads.bc2011.bam.fa_hifiDONE_hifiDONE_hifiDONE_hifiDONE_hifiDONE_hifiDONE_hifiDONE_hifiDONE_hifiDONE
                                    WorkflowError:
                                        MissingInputException: Missing input files for rule assembly2:
                                            output: ../results/../analysis/../analysis/../analysis/../analysis/../analysis/../analysis/../analysis/../analysis/../analysis/../analysis/../analysis/m84165_231212_214911_s4.hifi_reads.bc2011.bam.fa_hifiDONE_hifiDONE_hifiDONE_hifiDONE_hifiDONE_hifiDONE_hifiDONE_hifiDONE_hifiDONE_hifiDONE.bp.p_utg.gfa, ../analysis/../analysis/../analysis/../analysis/../analysis/../analysis/../analysis/../analysis/../analysis/../analysis/../analysis/../analysis/m84165_231212_214911_s4.hifi_reads.bc2011.bam.fa_hifiDONE_hifiDONE_hifiDONE_hifiDONE_hifiDONE_hifiDONE_hifiDONE_hifiDONE_hifiDONE_hifiDONE_hifiDONE.txt
                                            wildcards: sample=../analysis/../analysis/../analysis/../analysis/../analysis/../analysis/../analysis/../analysis/../analysis/../analysis/../analysis/m84165_231212_214911_s4.hifi_reads.bc2011.bam.fa_hifiDONE_hifiDONE_hifiDONE_hifiDONE_hifiDONE_hifiDONE_hifiDONE_hifiDONE_hifiDONE_hifiDONE
                                            affected files:
                                                ../raw_data/../analysis/../analysis/../analysis/../analysis/../analysis/../analysis/../analysis/../analysis/../analysis/../analysis/../analysis/m84165_231212_214911_s4.hifi_reads.bc2011.bam.fa_hifiDONE_hifiDONE_hifiDONE_hifiDONE_hifiDONE_hifiDONE_hifiDONE_hifiDONE_hifiDONE_hifiDONE
                                        WorkflowError:
                                            MissingInputException: Missing input files for rule assembly2:
                                                output: ../results/../analysis/../analysis/../analysis/../analysis/../analysis/../analysis/../analysis/../analysis/../analysis/../analysis/../analysis/../analysis/m84165_231212_214911_s4.hifi_reads.bc2011.bam.fa_hifiDONE_hifiDONE_hifiDONE_hifiDONE_hifiDONE_hifiDONE_hifiDONE_hifiDONE_hifiDONE_hifiDONE_hifiDONE.bp.p_utg.gfa, ../analysis/../analysis/../analysis/../analysis/../analysis/../analysis/../analysis/../analysis/../analysis/../analysis/../analysis/../analysis/../analysis/m84165_231212_214911_s4.hifi_reads.bc2011.bam.fa_hifiDONE_hifiDONE_hifiDONE_hifiDONE_hifiDONE_hifiDONE_hifiDONE_hifiDONE_hifiDONE_hifiDONE_hifiDONE_hifiDONE.txt
                                                wildcards: sample=../analysis/../analysis/../analysis/../analysis/../analysis/../analysis/../analysis/../analysis/../analysis/../analysis/../analysis/../analysis/m84165_231212_214911_s4.hifi_reads.bc2011.bam.fa_hifiDONE_hifiDONE_hifiDONE_hifiDONE_hifiDONE_hifiDONE_hifiDONE_hifiDONE_hifiDONE_hifiDONE_hifiDONE
                                                affected files:
                                                    ../raw_data/../analysis/../analysis/../analysis/../analysis/../analysis/../analysis/../analysis/../analysis/../analysis/../analysis/../analysis/../analysis/m84165_231212_214911_s4.hifi_reads.bc2011.bam.fa_hifiDONE_hifiDONE_hifiDONE_hifiDONE_hifiDONE_hifiDONE_hifiDONE_hifiDONE_hifiDONE_hifiDONE_hifiDONE
                                            WorkflowError:
                                                MissingInputException: Missing input files for rule assembly2:
                                                    output: ../results/../analysis/../analysis/../analysis/../analysis/../analysis/../analysis/../analysis/../analysis/../analysis/../analysis/../analysis/../analysis/../analysis/m84165_231212_214911_s4.hifi_reads.bc2011.bam.fa_hifiDONE_hifiDONE_hifiDONE_hifiDONE_hifiDONE_hifiDONE_hifiDONE_hifiDONE_hifiDONE_hifiDONE_hifiDONE_hifiDONE.bp.p_utg.gfa, ../analysis/../analysis/../analysis/../analysis/../analysis/../analysis/../analysis/../analysis/../analysis/../analysis/../analysis/../analysis/../analysis/../analysis/m84165_231212_214911_s4.hifi_reads.bc2011.bam.fa_hifiDONE_hifiDONE_hifiDONE_hifiDONE_hifiDONE_hifiDONE_hifiDONE_hifiDONE_hifiDONE_hifiDONE_hifiDONE_hifiDONE_hifiDONE.txt
                                                    wildcards: sample=../analysis/../analysis/../analysis/../analysis/../analysis/../analysis/../analysis/../analysis/../analysis/../analysis/../analysis/../analysis/../analysis/m84165_231212_214911_s4.hifi_reads.bc2011.bam.fa_hifiDONE_hifiDONE_hifiDONE_hifiDONE_hifiDONE_hifiDONE_hifiDONE_hifiDONE_hifiDONE_hifiDONE_hifiDONE_hifiDONE
                                                    affected files:
                                                        ../raw_data/../analysis/../analysis/../analysis/../analysis/../analysis/../analysis/../analysis/../analysis/../analysis/../analysis/../analysis/../analysis/../analysis/m84165_231212_214911_s4.hifi_reads.bc2011.bam.fa_hifiDONE_hifiDONE_hifiDONE_hifiDONE_hifiDONE_hifiDONE_hifiDONE_hifiDONE_hifiDONE_hifiDONE_hifiDONE_hifiDONE
                                                WorkflowError:
                                                    MissingInputException: Missing input files for rule assembly2:
                                                        output: ../results/../analysis/../analysis/../analysis/../analysis/../analysis/../analysis/../analysis/../analysis/../analysis/../analysis/../analysis/../analysis/../analysis/../analysis/m84165_231212_214911_s4.hifi_reads.bc2011.bam.fa_hifiDONE_hifiDONE_hifiDONE_hifiDONE_hifiDONE_hifiDONE_hifiDONE_hifiDONE_hifiDONE_hifiDONE_hifiDONE_hifiDONE_hifiDONE.bp.p_utg.gfa, ../analysis/../analysis/../analysis/../analysis/../analysis/../analysis/../analysis/../analysis/../analysis/../analysis/../analysis/../analysis/../analysis/../analysis/../analysis/m84165_231212_214911_s4.hifi_reads.bc2011.bam.fa_hifiDONE_hifiDONE_hifiDONE_hifiDONE_hifiDONE_hifiDONE_hifiDONE_hifiDONE_hifiDONE_hifiDONE_hifiDONE_hifiDONE_hifiDONE_hifiDONE.txt
                                                        wildcards: sample=../analysis/../analysis/../analysis/../analysis/../analysis/../analysis/../analysis/../analysis/../analysis/../analysis/../analysis/../analysis/../analysis/../analysis/m84165_231212_214911_s4.hifi_reads.bc2011.bam.fa_hifiDONE_hifiDONE_hifiDONE_hifiDONE_hifiDONE_hifiDONE_hifiDONE_hifiDONE_hifiDONE_hifiDONE_hifiDONE_hifiDONE_hifiDONE
                                                        affected files:
                                                            ../raw_data/../analysis/../analysis/../analysis/../analysis/../analysis/../analysis/../analysis/../analysis/../analysis/../analysis/../analysis/../analysis/../analysis/../analysis/m84165_231212_214911_s4.hifi_reads.bc2011.bam.fa_hifiDONE_hifiDONE_hifiDONE_hifiDONE_hifiDONE_hifiDONE_hifiDONE_hifiDONE_hifiDONE_hifiDONE_hifiDONE_hifiDONE_hifiDONE
                                                    WorkflowError:
                                                        MissingInputException: Missing input files for rule assembly2:
                                                            output: ../results/../analysis/../analysis/../analysis/../analysis/../analysis/../analysis/../analysis/../analysis/../analysis/../analysis/../analysis/../analysis/../analysis/../analysis/../analysis/m84165_231212_214911_s4.hifi_reads.bc2011.bam.fa_hifiDONE_hifiDONE_hifiDONE_hifiDONE_hifiDONE_hifiDONE_hifiDONE_hifiDONE_hifiDONE_hifiDONE_hifiDONE_hifiDONE_hifiDONE_hifiDONE.bp.p_utg.gfa, ../analysis/../analysis/../analysis/../analysis/../analysis/../analysis/../analysis/../analysis/../analysis/../analysis/../analysis/../analysis/../analysis/../analysis/../analysis/../analysis/m84165_231212_214911_s4.hifi_reads.bc2011.bam.fa_hifiDONE_hifiDONE_hifiDONE_hifiDONE_hifiDONE_hifiDONE_hifiDONE_hifiDONE_hifiDONE_hifiDONE_hifiDONE_hifiDONE_hifiDONE_hifiDONE_hifiDONE.txt
                                                            wildcards: sample=../analysis/../analysis/../analysis/../analysis/../analysis/../analysis/../analysis/../analysis/../analysis/../analysis/../analysis/../analysis/../analysis/../analysis/../analysis/m84165_231212_214911_s4.hifi_reads.bc2011.bam.fa_hifiDONE_hifiDONE_hifiDONE_hifiDONE_hifiDONE_hifiDONE_hifiDONE_hifiDONE_hifiDONE_hifiDONE_hifiDONE_hifiDONE_hifiDONE_hifiDONE
                                                            affected files:
                                                                ../raw_data/../analysis/../analysis/../analysis/../analysis/../analysis/../analysis/../analysis/../analysis/../analysis/../analysis/../analysis/../analysis/../analysis/../analysis/../analysis/m84165_231212_214911_s4.hifi_reads.bc2011.bam.fa_hifiDONE_hifiDONE_hifiDONE_hifiDONE_hifiDONE_hifiDONE_hifiDONE_hifiDONE_hifiDONE_hifiDONE_hifiDONE_hifiDONE_hifiDONE_hifiDONE
                                                        WorkflowError:
                                                            MissingInputException: Missing input files for rule assembly2:
                                                                output: ../results/../analysis/../analysis/../analysis/../analysis/../analysis/../analysis/../analysis/../analysis/../analysis/../analysis/../analysis/../analysis/../analysis/../analysis/../analysis/../analysis/m84165_231212_214911_s4.hifi_reads.bc2011.bam.fa_hifiDONE_hifiDONE_hifiDONE_hifiDONE_hifiDONE_hifiDONE_hifiDONE_hifiDONE_hifiDONE_hifiDONE_hifiDONE_hifiDONE_hifiDONE_hifiDONE_hifiDONE.bp.p_utg.gfa, ../analysis/../analysis/../analysis/../analysis/../analysis/../analysis/../analysis/../analysis/../analysis/../analysis/../analysis/../analysis/../analysis/../analysis/../analysis/../analysis/../analysis/m84165_231212_214911_s4.hifi_reads.bc2011.bam.fa_hifiDONE_hifiDONE_hifiDONE_hifiDONE_hifiDONE_hifiDONE_hifiDONE_hifiDONE_hifiDONE_hifiDONE_hifiDONE_hifiDONE_hifiDONE_hifiDONE_hifiDONE_hifiDONE.txt
                                                                wildcards: sample=../analysis/../analysis/../analysis/../analysis/../analysis/../analysis/../analysis/../analysis/../analysis/../analysis/../analysis/../analysis/../analysis/../analysis/../analysis/../analysis/m84165_231212_214911_s4.hifi_reads.bc2011.bam.fa_hifiDONE_hifiDONE_hifiDONE_hifiDONE_hifiDONE_hifiDONE_hifiDONE_hifiDONE_hifiDONE_hifiDONE_hifiDONE_hifiDONE_hifiDONE_hifiDONE_hifiDONE
                                                                affected files:
                                                                    ../raw_data/../analysis/../analysis/../analysis/../analysis/../analysis/../analysis/../analysis/../analysis/../analysis/../analysis/../analysis/../analysis/../analysis/../analysis/../analysis/../analysis/m84165_231212_214911_s4.hifi_reads.bc2011.bam.fa_hifiDONE_hifiDONE_hifiDONE_hifiDONE_hifiDONE_hifiDONE_hifiDONE_hifiDONE_hifiDONE_hifiDONE_hifiDONE_hifiDONE_hifiDONE_hifiDONE_hifiDONE
                                                            WorkflowError:
                                                                MissingInputException: Missing input files for rule assembly2:
                                                                    output: ../results/../analysis/../analysis/../analysis/../analysis/../analysis/../analysis/../analysis/../analysis/../analysis/../analysis/../analysis/../analysis/../analysis/../analysis/../analysis/../analysis/../analysis/m84165_231212_214911_s4.hifi_reads.bc2011.bam.fa_hifiDONE_hifiDONE_hifiDONE_hifiDONE_hifiDONE_hifiDONE_hifiDONE_hifiDONE_hifiDONE_hifiDONE_hifiDONE_hifiDONE_hifiDONE_hifiDONE_hifiDONE_hifiDONE.bp.p_utg.gfa, ../analysis/../analysis/../analysis/../analysis/../analysis/../analysis/../analysis/../analysis/../analysis/../analysis/../analysis/../analysis/../analysis/../analysis/../analysis/../analysis/../analysis/../analysis/m84165_231212_214911_s4.hifi_reads.bc2011.bam.fa_hifiDONE_hifiDONE_hifiDONE_hifiDONE_hifiDONE_hifiDONE_hifiDONE_hifiDONE_hifiDONE_hifiDONE_hifiDONE_hifiDONE_hifiDONE_hifiDONE_hifiDONE_hifiDONE_hifiDONE.txt
                                                                    wildcards: sample=../analysis/../analysis/../analysis/../analysis/../analysis/../analysis/../analysis/../analysis/../analysis/../analysis/../analysis/../analysis/../analysis/../analysis/../analysis/../analysis/../analysis/m84165_231212_214911_s4.hifi_reads.bc2011.bam.fa_hifiDONE_hifiDONE_hifiDONE_hifiDONE_hifiDONE_hifiDONE_hifiDONE_hifiDONE_hifiDONE_hifiDONE_hifiDONE_hifiDONE_hifiDONE_hifiDONE_hifiDONE_hifiDONE
                                                                    affected files:
                                                                        ../raw_data/../analysis/../analysis/../analysis/../analysis/../analysis/../analysis/../analysis/../analysis/../analysis/../analysis/../analysis/../analysis/../analysis/../analysis/../analysis/../analysis/../analysis/m84165_231212_214911_s4.hifi_reads.bc2011.bam.fa_hifiDONE_hifiDONE_hifiDONE_hifiDONE_hifiDONE_hifiDONE_hifiDONE_hifiDONE_hifiDONE_hifiDONE_hifiDONE_hifiDONE_hifiDONE_hifiDONE_hifiDONE_hifiDONE
                                                                WorkflowError:
                                                                    MissingInputException: Missing input files for rule assembly2:
                                                                        output: ../results/../analysis/../analysis/../analysis/../analysis/../analysis/../analysis/../analysis/../analysis/../analysis/../analysis/../analysis/../analysis/../analysis/../analysis/../analysis/../analysis/../analysis/../analysis/m84165_231212_214911_s4.hifi_reads.bc2011.bam.fa_hifiDONE_hifiDONE_hifiDONE_hifiDONE_hifiDONE_hifiDONE_hifiDONE_hifiDONE_hifiDONE_hifiDONE_hifiDONE_hifiDONE_hifiDONE_hifiDONE_hifiDONE_hifiDONE_hifiDONE.bp.p_utg.gfa, ../analysis/../analysis/../analysis/../analysis/../analysis/../analysis/../analysis/../analysis/../analysis/../analysis/../analysis/../analysis/../analysis/../analysis/../analysis/../analysis/../analysis/../analysis/../analysis/m84165_231212_214911_s4.hifi_reads.bc2011.bam.fa_hifiDONE_hifiDONE_hifiDONE_hifiDONE_hifiDONE_hifiDONE_hifiDONE_hifiDONE_hifiDONE_hifiDONE_hifiDONE_hifiDONE_hifiDONE_hifiDONE_hifiDONE_hifiDONE_hifiDONE_hifiDONE.txt
                                                                        wildcards: sample=../analysis/../analysis/../analysis/../analysis/../analysis/../analysis/../analysis/../analysis/../analysis/../analysis/../analysis/../analysis/../analysis/../analysis/../analysis/../analysis/../analysis/../analysis/m84165_231212_214911_s4.hifi_reads.bc2011.bam.fa_hifiDONE_hifiDONE_hifiDONE_hifiDONE_hifiDONE_hifiDONE_hifiDONE_hifiDONE_hifiDONE_hifiDONE_hifiDONE_hifiDONE_hifiDONE_hifiDONE_hifiDONE_hifiDONE_hifiDONE
                                                                        affected files:
                                                                            ../raw_data/../analysis/../analysis/../analysis/../analysis/../analysis/../analysis/../analysis/../analysis/../analysis/../analysis/../analysis/../analysis/../analysis/../analysis/../analysis/../analysis/../analysis/../analysis/m84165_231212_214911_s4.hifi_reads.bc2011.bam.fa_hifiDONE_hifiDONE_hifiDONE_hifiDONE_hifiDONE_hifiDONE_hifiDONE_hifiDONE_hifiDONE_hifiDONE_hifiDONE_hifiDONE_hifiDONE_hifiDONE_hifiDONE_hifiDONE_hifiDONE
                                                                    WorkflowError:
                                                                        MissingInputException: Missing input files for rule assembly2:
                                                                            output: ../results/../analysis/../analysis/../analysis/../analysis/../analysis/../analysis/../analysis/../analysis/../analysis/../analysis/../analysis/../analysis/../analysis/../analysis/../analysis/../analysis/../analysis/../analysis/../analysis/m84165_231212_214911_s4.hifi_reads.bc2011.bam.fa_hifiDONE_hifiDONE_hifiDONE_hifiDONE_hifiDONE_hifiDONE_hifiDONE_hifiDONE_hifiDONE_hifiDONE_hifiDONE_hifiDONE_hifiDONE_hifiDONE_hifiDONE_hifiDONE_hifiDONE_hifiDONE.bp.p_utg.gfa, ../analysis/../analysis/../analysis/../analysis/../analysis/../analysis/../analysis/../analysis/../analysis/../analysis/../analysis/../analysis/../analysis/../analysis/../analysis/../analysis/../analysis/../analysis/../analysis/../analysis/m84165_231212_214911_s4.hifi_reads.bc2011.bam.fa_hifiDONE_hifiDONE_hifiDONE_hifiDONE_hifiDONE_hifiDONE_hifiDONE_hifiDONE_hifiDONE_hifiDONE_hifiDONE_hifiDONE_hifiDONE_hifiDONE_hifiDONE_hifiDONE_hifiDONE_hifiDONE_hifiDONE.txt
                                                                            wildcards: sample=../analysis/../analysis/../analysis/../analysis/../analysis/../analysis/../analysis/../analysis/../analysis/../analysis/../analysis/../analysis/../analysis/../analysis/../analysis/../analysis/../analysis/../analysis/../analysis/m84165_231212_214911_s4.hifi_reads.bc2011.bam.fa_hifiDONE_hifiDONE_hifiDONE_hifiDONE_hifiDONE_hifiDONE_hifiDONE_hifiDONE_hifiDONE_hifiDONE_hifiDONE_hifiDONE_hifiDONE_hifiDONE_hifiDONE_hifiDONE_hifiDONE_hifiDONE
                                                                            affected files:
                                                                                ../raw_data/../analysis/../analysis/../analysis/../analysis/../analysis/../analysis/../analysis/../analysis/../analysis/../analysis/../analysis/../analysis/../analysis/../analysis/../analysis/../analysis/../analysis/../analysis/../analysis/m84165_231212_214911_s4.hifi_reads.bc2011.bam.fa_hifiDONE_hifiDONE_hifiDONE_hifiDONE_hifiDONE_hifiDONE_hifiDONE_hifiDONE_hifiDONE_hifiDONE_hifiDONE_hifiDONE_hifiDONE_hifiDONE_hifiDONE_hifiDONE_hifiDONE_hifiDONE
                                                                        WorkflowError:
                                                                            MissingInputException: Missing input files for rule assembly2:
                                                                                output: ../results/../analysis/../analysis/../analysis/../analysis/../analysis/../analysis/../analysis/../analysis/../analysis/../analysis/../analysis/../analysis/../analysis/../analysis/../analysis/../analysis/../analysis/../analysis/../analysis/../analysis/m84165_231212_214911_s4.hifi_reads.bc2011.bam.fa_hifiDONE_hifiDONE_hifiDONE_hifiDONE_hifiDONE_hifiDONE_hifiDONE_hifiDONE_hifiDONE_hifiDONE_hifiDONE_hifiDONE_hifiDONE_hifiDONE_hifiDONE_hifiDONE_hifiDONE_hifiDONE_hifiDONE.bp.p_utg.gfa, ../analysis/../analysis/../analysis/../analysis/../analysis/../analysis/../analysis/../analysis/../analysis/../analysis/../analysis/../analysis/../analysis/../analysis/../analysis/../analysis/../analysis/../analysis/../analysis/../analysis/../analysis/m84165_231212_214911_s4.hifi_reads.bc2011.bam.fa_hifiDONE_hifiDONE_hifiDONE_hifiDONE_hifiDONE_hifiDONE_hifiDONE_hifiDONE_hifiDONE_hifiDONE_hifiDONE_hifiDONE_hifiDONE_hifiDONE_hifiDONE_hifiDONE_hifiDONE_hifiDONE_hifiDONE_hifiDONE.txt
                                                                                wildcards: sample=../analysis/../analysis/../analysis/../analysis/../analysis/../analysis/../analysis/../analysis/../analysis/../analysis/../analysis/../analysis/../analysis/../analysis/../analysis/../analysis/../analysis/../analysis/../analysis/../analysis/m84165_231212_214911_s4.hifi_reads.bc2011.bam.fa_hifiDONE_hifiDONE_hifiDONE_hifiDONE_hifiDONE_hifiDONE_hifiDONE_hifiDONE_hifiDONE_hifiDONE_hifiDONE_hifiDONE_hifiDONE_hifiDONE_hifiDONE_hifiDONE_hifiDONE_hifiDONE_hifiDONE
                                                                                affected files:
                                                                                    ../raw_data/../analysis/../analysis/../analysis/../analysis/../analysis/../analysis/../analysis/../analysis/../analysis/../analysis/../analysis/../analysis/../analysis/../analysis/../analysis/../analysis/../analysis/../analysis/../analysis/../analysis/m84165_231212_214911_s4.hifi_reads.bc2011.bam.fa_hifiDONE_hifiDONE_hifiDONE_hifiDONE_hifiDONE_hifiDONE_hifiDONE_hifiDONE_hifiDONE_hifiDONE_hifiDONE_hifiDONE_hifiDONE_hifiDONE_hifiDONE_hifiDONE_hifiDONE_hifiDONE_hifiDONE
                                                                            PeriodicWildcardError: The value _hifiDONE in wildcard sample is periodically repeated (../analysis/../analysis/../analysis/../analysis/../analysis/../analysis/../analysis/../analysis/../analysis/../analysis/../analysis/../analysis/../analysis/../analysis/../analysis/../analysis/../analysis/../analysis/../analysis/../analysis/../analysis/m84165_231212_214911_s4.hifi_reads.bc2011.bam.fa_hifiDONE_hifiDONE_hifiDONE_hifiDONE_hifiDONE_hifiDONE_hifiDONE_hifiDONE_hifiDONE_hifiDONE_hifiDONE_hifiDONE_hifiDONE_hifiDONE_hifiDONE_hifiDONE_hifiDONE_hifiDONE_hifiDONE_hifiDONE). This would lead to an infinite recursion. To avoid this, e.g. restrict the wildcards in this rule to certain values.
