Building DAG of jobs...
You are running snakemake in a SLURM job context. This is not recommended, as it may lead to unexpected behavior. Please run Snakemake directly on the login node.
SLURM run ID: c00f1b12-969c-41e8-b131-a6e41da2c6be
Using shell: /usr/bin/bash
Provided remote nodes: 10
Job stats:
job                     count
--------------------  -------
assembly                    1
combinedGFF                 1
fasta_qc                    1
geneAnnotations             1
masking                     1
noncodingAnnotations        1
targets                     1
total                       7

Select jobs to execute...
Execute 2 jobs...

[Thu Oct  3 11:05:51 2024]
rule assembly:
    input: ../../../kp275/genome_paper/m84165_231212_214911_s4.hifi_reads.bc2011.bam.fa
    output: ../analysis/bc2011.p_ctg.fa, ../logs/bc2011.log
    jobid: 1
    reason: Missing output files: ../analysis/bc2011.p_ctg.fa
    wildcards: sample=bc2011
    resources: tmpdir=<TBD>, runtime=100

No SLURM account given, trying to guess.
Guessed SLURM account: wraylab
No job memory information ('mem_mb' or 'mem_mb_per_cpu') is given - submitting without. This might or might not work on your cluster.
Job 1 has been submitted with SLURM jobid 17132996 (log: /work/alh166/genome_2024/src/.snakemake/slurm_logs/rule_assembly/bc2011/17132996.log).

[Thu Oct  3 11:05:52 2024]
rule fasta_qc:
    input: ../../../kp275/genome_paper/m84165_231212_214911_s4.hifi_reads.bc2011.bam.fa
    output: ../results/bc2011.linear_plot.png
    jobid: 2
    reason: Missing output files: ../results/bc2011.linear_plot.png
    wildcards: sample=bc2011
    resources: tmpdir=<TBD>

No wall time information given. This might or might not work on your cluster. If not, specify the resource runtime in your rule or as a reasonable default via --default-resources.
No job memory information ('mem_mb' or 'mem_mb_per_cpu') is given - submitting without. This might or might not work on your cluster.
Job 2 has been submitted with SLURM jobid 17132997 (log: /work/alh166/genome_2024/src/.snakemake/slurm_logs/rule_fasta_qc/bc2011/17132997.log).
[Thu Oct  3 11:06:21 2024]
Error in rule assembly:
    message: SLURM-job '17132996' failed, SLURM status is: 'FAILED'. For further error details see the cluster/cloud log and the log files of the involved rule(s).
    jobid: 1
    input: ../../../kp275/genome_paper/m84165_231212_214911_s4.hifi_reads.bc2011.bam.fa
    output: ../analysis/bc2011.p_ctg.fa, ../logs/bc2011.log
    log: /work/alh166/genome_2024/src/.snakemake/slurm_logs/rule_assembly/bc2011/17132996.log (check log file(s) for error details)
    shell:
        
        bash hifiAssembly.sh bc2011 ../../../kp275/genome_paper/m84165_231212_214911_s4.hifi_reads.bc2011.bam.fa
        
        (one of the commands exited with non-zero exit code; note that snakemake uses bash strict mode!)
    external_jobid: 17132996

[Thu Oct  3 11:06:21 2024]
Error in rule fasta_qc:
    message: SLURM-job '17132997' failed, SLURM status is: 'FAILED'. For further error details see the cluster/cloud log and the log files of the involved rule(s).
    jobid: 2
    input: ../../../kp275/genome_paper/m84165_231212_214911_s4.hifi_reads.bc2011.bam.fa
    output: ../results/bc2011.linear_plot.png
    log: /work/alh166/genome_2024/src/.snakemake/slurm_logs/rule_fasta_qc/bc2011/17132997.log (check log file(s) for error details)
    shell:
        
        bash kmerAnalysis.sh bc2011 ../../../kp275/genome_paper/m84165_231212_214911_s4.hifi_reads.bc2011.bam.fa
        
        (one of the commands exited with non-zero exit code; note that snakemake uses bash strict mode!)
    external_jobid: 17132997

Shutting down, this might take some time.
Exiting because a job execution failed. Look above for error message
Complete log: .snakemake/log/2024-10-03T110540.641122.snakemake.log
WorkflowError:
At least one job did not complete successfully.
