Building DAG of jobs...
Using shell: /usr/bin/bash
Provided cores: 10
Rules claiming more threads will be scaled down.
Job stats:
job         count
--------  -------
fasta_qc        1
total           1

Select jobs to execute...
Execute 1 jobs...

[Tue Jun 25 14:44:16 2024]
localrule fasta_qc:
    input: ../raw_data/m84165_231212_214911_s4.hifi_reads.bc2011.bam.fa
    output: ../results/m84165_231212_214911_s4.hifi_reads.bc2011.bam.fa.linear_plot.png
    jobid: 0
    reason: Missing output files: ../results/m84165_231212_214911_s4.hifi_reads.bc2011.bam.fa.linear_plot.png
    wildcards: sample=m84165_231212_214911_s4.hifi_reads.bc2011.bam.fa
    resources: tmpdir=/tmp

Will exit after finishing currently running jobs (scheduler).
