Building DAG of jobs...
Using shell: /usr/bin/bash
Provided cores: 48
Rules claiming more threads will be scaled down.
Job stats:
job         count
--------  -------
assembly        1
total           1

Select jobs to execute...
Execute 1 jobs...

[Tue Jun 25 15:56:30 2024]
localrule assembly:
    input: ../raw_data/m84165_231212_214911_s4.hifi_reads.bc2011.bam.fa
    output: ../analysis/m84165_231212_214911_s4.hifi_reads.bc2011.bam.fa.bp.p_utg.gfa, ../analysis/m84165_231212_214911_s4.hifi_reads.bc2011.bam.fa_hifiDONE.txt
    jobid: 0
    reason: Missing output files: ../analysis/m84165_231212_214911_s4.hifi_reads.bc2011.bam.fa_hifiDONE.txt
    wildcards: sample=m84165_231212_214911_s4.hifi_reads.bc2011.bam.fa
    resources: tmpdir=/tmp

RuleException:
CalledProcessError in file /work/alh166/genome_2024/src/Snakefile, line 17:
Command 'set -euo pipefail;  bash /work/alh166/genome_2024/src/.snakemake/scripts/tmp7ahgymwj.hifiAssembly.sh' returned non-zero exit status 132.
[Tue Jun 25 15:56:35 2024]
Error in rule assembly:
    jobid: 0
    input: ../raw_data/m84165_231212_214911_s4.hifi_reads.bc2011.bam.fa
    output: ../analysis/m84165_231212_214911_s4.hifi_reads.bc2011.bam.fa.bp.p_utg.gfa, ../analysis/m84165_231212_214911_s4.hifi_reads.bc2011.bam.fa_hifiDONE.txt

Shutting down, this might take some time.
Exiting because a job execution failed. Look above for error message
Complete log: .snakemake/log/2024-06-25T155630.517082.snakemake.log
WorkflowError:
At least one job did not complete successfully.
