Building DAG of jobs...
SLURM run ID: 8a33eb2d-3c70-42e9-83db-bcf489322e42
Using shell: /usr/bin/bash
Provided remote nodes: 10
Job stats:
job                     count
--------------------  -------
assembly                    1
combinedGFF                 1
fasta_qc                    1
geneAnnotations             1
masking                     1
noncodingAnnotations        1
targets                     1
total                       7

Select jobs to execute...
Execute 2 jobs...

[Thu Oct 24 11:10:23 2024]
rule assembly:
    input: ../raw_data/reads/m84165_231212_214911_s4.hifi_reads.bc2011.bam.fa
    output: ../analysis/snake/bc2011.bp.p_ctg.gfa, ../logs/bc2011.log
    jobid: 1
    reason: Forced execution
    wildcards: sample=bc2011
    resources: tmpdir=<TBD>, runtime=360, mem_mb=50000, mem_mib=47684

No SLURM account given, trying to guess.
Guessed SLURM account: wraylab
Job 1 has been submitted with SLURM jobid 18336739 (log: /work/alh166/genome_2024/src/.snakemake/slurm_logs/rule_assembly/bc2011/18336739.log).

[Thu Oct 24 11:10:24 2024]
rule fasta_qc:
    input: ../raw_data/reads/m84165_231212_214911_s4.hifi_reads.bc2011.bam.fa
    output: ../results/bc2011.linear_plot.png
    jobid: 2
    reason: Missing output files: ../results/bc2011.linear_plot.png
    wildcards: sample=bc2011
    resources: tmpdir=<TBD>

No wall time information given. This might or might not work on your cluster. If not, specify the resource runtime in your rule or as a reasonable default via --default-resources.
No job memory information ('mem_mb' or 'mem_mb_per_cpu') is given - submitting without. This might or might not work on your cluster.
Job 2 has been submitted with SLURM jobid 18336740 (log: /work/alh166/genome_2024/src/.snakemake/slurm_logs/rule_fasta_qc/bc2011/18336740.log).
[Thu Oct 24 11:11:53 2024]
Error in rule fasta_qc:
    message: SLURM-job '18336740' failed, SLURM status is: 'FAILED'. For further error details see the cluster/cloud log and the log files of the involved rule(s).
    jobid: 2
    input: ../raw_data/reads/m84165_231212_214911_s4.hifi_reads.bc2011.bam.fa
    output: ../results/bc2011.linear_plot.png
    log: /work/alh166/genome_2024/src/.snakemake/slurm_logs/rule_fasta_qc/bc2011/18336740.log (check log file(s) for error details)
    shell:
        
        bash kmerAnalysis.sh bc2011 ../raw_data/reads/m84165_231212_214911_s4.hifi_reads.bc2011.bam.fa
        
        (one of the commands exited with non-zero exit code; note that snakemake uses bash strict mode!)
    external_jobid: 18336740

Terminating processes on user request, this might take some time.
Complete log: .snakemake/log/2024-10-24T111023.103303.snakemake.log
WorkflowError:
At least one job did not complete successfully.
