Building DAG of jobs...
SLURM run ID: e8879721-1dc0-4955-84d4-9cef4eec4017
Using shell: /usr/bin/bash
Provided remote nodes: 10
Job stats:
job                     count
--------------------  -------
assembly                    1
combinedGFF                 1
fasta_qc                    1
geneAnnotations             1
masking                     1
noncodingAnnotations        1
targets                     1
total                       7

Select jobs to execute...
Execute 2 jobs...

[Tue Oct  8 10:37:18 2024]
rule assembly:
    input: ../../../kp275/genome_paper/m84165_231212_214911_s4.hifi_reads.bc2011.bam.fa
    output: ../analysis/bc2011.bp_ctg.gfa, ../logs/bc2011.log
    jobid: 1
    reason: Missing output files: ../logs/bc2011.log, ../analysis/bc2011.bp_ctg.gfa
    wildcards: sample=bc2011
    resources: tmpdir=<TBD>, runtime=360

No SLURM account given, trying to guess.
Unable to guess SLURM account. Trying to proceed without.
No job memory information ('mem_mb' or 'mem_mb_per_cpu') is given - submitting without. This might or might not work on your cluster.
Job 1 has been submitted with SLURM jobid 17282774 (log: /work/alh166/genome_2024/src/.snakemake/slurm_logs/rule_assembly/bc2011/17282774.log).

[Tue Oct  8 10:37:18 2024]
rule fasta_qc:
    input: ../../../kp275/genome_paper/m84165_231212_214911_s4.hifi_reads.bc2011.bam.fa
    output: ../results/bc2011.linear_plot.png
    jobid: 2
    reason: Missing output files: ../results/bc2011.linear_plot.png
    wildcards: sample=bc2011
    resources: tmpdir=<TBD>

No wall time information given. This might or might not work on your cluster. If not, specify the resource runtime in your rule or as a reasonable default via --default-resources.
No job memory information ('mem_mb' or 'mem_mb_per_cpu') is given - submitting without. This might or might not work on your cluster.
Job 2 has been submitted with SLURM jobid 17282776 (log: /work/alh166/genome_2024/src/.snakemake/slurm_logs/rule_fasta_qc/bc2011/17282776.log).
[Tue Oct  8 10:37:53 2024]
Error in rule assembly:
    message: SLURM-job '17282774' failed, SLURM status is: 'FAILED'. For further error details see the cluster/cloud log and the log files of the involved rule(s).
    jobid: 1
    input: ../../../kp275/genome_paper/m84165_231212_214911_s4.hifi_reads.bc2011.bam.fa
    output: ../analysis/bc2011.bp_ctg.gfa, ../logs/bc2011.log
    log: /work/alh166/genome_2024/src/.snakemake/slurm_logs/rule_assembly/bc2011/17282774.log (check log file(s) for error details)
    shell:
        
        bash hifiAssembly.sh bc2011 ../../../kp275/genome_paper/m84165_231212_214911_s4.hifi_reads.bc2011.bam.fa
        
        (one of the commands exited with non-zero exit code; note that snakemake uses bash strict mode!)
    external_jobid: 17282774

[Tue Oct  8 10:37:53 2024]
Error in rule fasta_qc:
    message: SLURM-job '17282776' failed, SLURM status is: 'FAILED'. For further error details see the cluster/cloud log and the log files of the involved rule(s).
    jobid: 2
    input: ../../../kp275/genome_paper/m84165_231212_214911_s4.hifi_reads.bc2011.bam.fa
    output: ../results/bc2011.linear_plot.png
    log: /work/alh166/genome_2024/src/.snakemake/slurm_logs/rule_fasta_qc/bc2011/17282776.log (check log file(s) for error details)
    shell:
        
        bash kmerAnalysis.sh bc2011 ../../../kp275/genome_paper/m84165_231212_214911_s4.hifi_reads.bc2011.bam.fa
        
        (one of the commands exited with non-zero exit code; note that snakemake uses bash strict mode!)
    external_jobid: 17282776

Shutting down, this might take some time.
Exiting because a job execution failed. Look above for error message
Complete log: .snakemake/log/2024-10-08T103713.556242.snakemake.log
WorkflowError:
At least one job did not complete successfully.
