Building DAG of jobs...
Using shell: /usr/bin/bash
Provided cores: 48
Rules claiming more threads will be scaled down.
Job stats:
job          count
---------  -------
assembly2        1
total            1

Select jobs to execute...
Execute 1 jobs...

[Tue Jun 25 15:51:42 2024]
localrule assembly2:
    input: ../raw_data/m84165_231212_214911_s4.hifi_reads.bc2011.bam.fa
    output: ../results/m84165_231212_214911_s4.hifi_reads.bc2011.bam.fa.bp.p_utg.gfa
    jobid: 0
    reason: Missing output files: ../results/m84165_231212_214911_s4.hifi_reads.bc2011.bam.fa.bp.p_utg.gfa
    wildcards: sample=m84165_231212_214911_s4.hifi_reads.bc2011.bam.fa
    resources: tmpdir=/tmp

RuleException in rule assembly2 in file /work/alh166/genome_2024/src/Snakefile, line 19:
NameError: The name 'sample' is unknown in this context. Did you mean 'wildcards.sample'?, when formatting the following:
sbatch hifiAssembly.sh {sample}
