[M::ha_analyze_count] lowest: count[5] = 483472
[M::ha_analyze_count] highest: count[15] = 19408644
[M::ha_hist_line]     2: *** 614167
[M::ha_hist_line]     3: * 180746
[M::ha_hist_line]     4: * 219107
[M::ha_hist_line]     5: ** 483472
[M::ha_hist_line]     6: ****** 1083548
[M::ha_hist_line]     7: *********** 2141760
[M::ha_hist_line]     8: ******************* 3783771
[M::ha_hist_line]     9: ******************************** 6263852
[M::ha_hist_line]    10: ************************************************ 9240308
[M::ha_hist_line]    11: **************************************************************** 12488429
[M::ha_hist_line]    12: ******************************************************************************** 15448392
[M::ha_hist_line]    13: ******************************************************************************************** 17871251
[M::ha_hist_line]    14: *************************************************************************************************** 19233953
[M::ha_hist_line]    15: **************************************************************************************************** 19408644
[M::ha_hist_line]    16: ************************************************************************************************ 18664606
[M::ha_hist_line]    17: *************************************************************************************** 16867749
[M::ha_hist_line]    18: *************************************************************************** 14616704
[M::ha_hist_line]    19: *************************************************************** 12229254
[M::ha_hist_line]    20: *************************************************** 9929111
[M::ha_hist_line]    21: ***************************************** 7910348
[M::ha_hist_line]    22: ********************************** 6512503
[M::ha_hist_line]    23: ***************************** 5558389
[M::ha_hist_line]    24: ************************** 5060468
[M::ha_hist_line]    25: ************************* 4870617
[M::ha_hist_line]    26: ************************* 4880826
[M::ha_hist_line]    27: ************************** 5009834
[M::ha_hist_line]    28: ************************** 5140989
[M::ha_hist_line]    29: *************************** 5251751
[M::ha_hist_line]    30: *************************** 5200153
[M::ha_hist_line]    31: ************************** 5095034
[M::ha_hist_line]    32: ************************* 4863791
[M::ha_hist_line]    33: *********************** 4454114
[M::ha_hist_line]    34: ********************* 4010901
[M::ha_hist_line]    35: ****************** 3549241
[M::ha_hist_line]    36: **************** 3077835
[M::ha_hist_line]    37: ************* 2585472
[M::ha_hist_line]    38: *********** 2124221
[M::ha_hist_line]    39: ********* 1720891
[M::ha_hist_line]    40: ******* 1379722
[M::ha_hist_line]    41: ****** 1081573
[M::ha_hist_line]    42: **** 834239
[M::ha_hist_line]    43: *** 624154
[M::ha_hist_line]    44: ** 483960
[M::ha_hist_line]    45: ** 360935
[M::ha_hist_line]    46: * 273922
[M::ha_hist_line]    47: * 206106
[M::ha_hist_line]    48: * 165656
[M::ha_hist_line]    49: * 129099
[M::ha_hist_line]    50: * 106075
[M::ha_hist_line]  rest: ************** 2725428
[M::ha_analyze_count] left: none
[M::ha_analyze_count] right: count[29] = 5251751
[M::ha_ft_gen] peak_hom: 29; peak_het: 15
[M::ha_ct_shrink::770.802*0.99] ==> counted 810886 distinct minimizer k-mers
[M::ha_ft_gen::771.748*0.99@20.883GB] ==> filtered out 810886 k-mers occurring 145 or more times
[M::ha_opt_update_cov] updated max_n_chain to 145
[M::yak_count] collected 232750766 minimizers
[M::ha_pt_gen::1164.587*0.99] ==> counted 13621565 distinct minimizer k-mers
[M::ha_pt_gen] count[4095] = 0 (for sanity check)
[M::ha_analyze_count] lowest: count[5] = 26975
[M::ha_analyze_count] highest: count[15] = 821698
[M::ha_hist_line]     1: ****************************************************************************************************> 2095233
[M::ha_hist_line]     2: ****** 46298
[M::ha_hist_line]     3: ** 14450
[M::ha_hist_line]     4: ** 15363
[M::ha_hist_line]     5: *** 26975
[M::ha_hist_line]     6: ****** 53341
[M::ha_hist_line]     7: ************ 100608
[M::ha_hist_line]     8: ********************* 172533
[M::ha_hist_line]     9: ********************************** 280097
[M::ha_hist_line]    10: ************************************************** 408192
[M::ha_hist_line]    11: ****************************************************************** 546057
[M::ha_hist_line]    12: ********************************************************************************* 668575
[M::ha_hist_line]    13: ********************************************************************************************* 766526
[M::ha_hist_line]    14: **************************************************************************************************** 820782
[M::ha_hist_line]    15: **************************************************************************************************** 821698
[M::ha_hist_line]    16: *********************************************************************************************** 783692
[M::ha_hist_line]    17: ************************************************************************************** 705570
[M::ha_hist_line]    18: ************************************************************************** 606325
[M::ha_hist_line]    19: ************************************************************* 503065
[M::ha_hist_line]    20: ************************************************* 405953
[M::ha_hist_line]    21: *************************************** 322444
[M::ha_hist_line]    22: ******************************** 263859
[M::ha_hist_line]    23: *************************** 223118
[M::ha_hist_line]    24: ************************* 201995
[M::ha_hist_line]    25: ************************ 193288
[M::ha_hist_line]    26: *********************** 191960
[M::ha_hist_line]    27: ************************ 196422
[M::ha_hist_line]    28: ************************ 199104
[M::ha_hist_line]    29: ************************* 202563
[M::ha_hist_line]    30: ************************ 198340
[M::ha_hist_line]    31: ************************ 193612
[M::ha_hist_line]    32: ********************** 183681
[M::ha_hist_line]    33: ******************** 167989
[M::ha_hist_line]    34: ****************** 150745
[M::ha_hist_line]    35: **************** 132723
[M::ha_hist_line]    36: ************** 114695
[M::ha_hist_line]    37: ************ 96748
[M::ha_hist_line]    38: ********** 79050
[M::ha_hist_line]    39: ******** 65040
[M::ha_hist_line]    40: ****** 52154
[M::ha_hist_line]    41: ***** 41375
[M::ha_hist_line]    42: **** 32679
[M::ha_hist_line]    43: *** 25095
[M::ha_hist_line]    44: ** 19967
[M::ha_hist_line]    45: ** 15684
[M::ha_hist_line]    46: ** 12599
[M::ha_hist_line]    47: * 10039
[M::ha_hist_line]    48: * 8739
[M::ha_hist_line]    49: * 7281
[M::ha_hist_line]    50: * 6363
[M::ha_hist_line]    51: * 5828
[M::ha_hist_line]    52: * 5252
[M::ha_hist_line]    53: * 4852
[M::ha_hist_line]    54: * 4602
[M::ha_hist_line]    55: * 4411
[M::ha_hist_line]    56: * 4139
[M::ha_hist_line]  rest: ***************** 141797
[M::ha_analyze_count] left: none
[M::ha_analyze_count] right: count[29] = 202563
[M::ha_pt_gen] peak_hom: 29; peak_het: 15
[M::ha_ct_shrink::1165.174*0.99] ==> counted 11526332 distinct minimizer k-mers
[M::ha_pt_gen::] counting in normal mode
