[M::ha_analyze_count] lowest: count[43] = 19711
[M::ha_analyze_count] highest: count[44] = 19784
[M::ha_hist_line]     2: ****************************************************************************************************> 76573526
[M::ha_hist_line]     3: ****************************************************************************************************> 77321758
[M::ha_hist_line]     4: ****************************************************************************************************> 62855423
[M::ha_hist_line]     5: ****************************************************************************************************> 44757767
[M::ha_hist_line]     6: ****************************************************************************************************> 29744934
[M::ha_hist_line]     7: ****************************************************************************************************> 19258666
[M::ha_hist_line]     8: ****************************************************************************************************> 12156107
[M::ha_hist_line]     9: ****************************************************************************************************> 7448256
[M::ha_hist_line]    10: ****************************************************************************************************> 4451957
[M::ha_hist_line]    11: ****************************************************************************************************> 2626301
[M::ha_hist_line]    12: ****************************************************************************************************> 1486394
[M::ha_hist_line]    13: ****************************************************************************************************> 872085
[M::ha_hist_line]    14: ****************************************************************************************************> 516692
[M::ha_hist_line]    15: ****************************************************************************************************> 347159
[M::ha_hist_line]    16: ****************************************************************************************************> 248980
[M::ha_hist_line]    17: ****************************************************************************************************> 192630
[M::ha_hist_line]    18: ****************************************************************************************************> 158203
[M::ha_hist_line]    19: ****************************************************************************************************> 129692
[M::ha_hist_line]    20: ****************************************************************************************************> 114027
[M::ha_hist_line]    21: ****************************************************************************************************> 100773
[M::ha_hist_line]    22: ****************************************************************************************************> 89688
[M::ha_hist_line]    23: ****************************************************************************************************> 82556
[M::ha_hist_line]    24: ****************************************************************************************************> 73307
[M::ha_hist_line]    25: ****************************************************************************************************> 66203
[M::ha_hist_line]    26: ****************************************************************************************************> 62981
[M::ha_hist_line]    27: ****************************************************************************************************> 57412
[M::ha_hist_line]    28: ****************************************************************************************************> 54081
[M::ha_hist_line]    29: ****************************************************************************************************> 49903
[M::ha_hist_line]    30: ****************************************************************************************************> 45468
[M::ha_hist_line]    31: ****************************************************************************************************> 41702
[M::ha_hist_line]    32: ****************************************************************************************************> 39690
[M::ha_hist_line]    33: ****************************************************************************************************> 37208
[M::ha_hist_line]    34: ****************************************************************************************************> 33548
[M::ha_hist_line]    35: ****************************************************************************************************> 32413
[M::ha_hist_line]    36: ****************************************************************************************************> 31429
[M::ha_hist_line]    37: ****************************************************************************************************> 28535
[M::ha_hist_line]    38: ****************************************************************************************************> 28129
[M::ha_hist_line]    39: ****************************************************************************************************> 26212
[M::ha_hist_line]    40: ****************************************************************************************************> 24874
[M::ha_hist_line]    41: ****************************************************************************************************> 22331
[M::ha_hist_line]    42: ****************************************************************************************************> 21153
[M::ha_hist_line]    43: **************************************************************************************************** 19711
[M::ha_hist_line]    44: **************************************************************************************************** 19784
[M::ha_hist_line]    45: ********************************************************************************************* 18436
[M::ha_hist_line]    46: ************************************************************************************** 16930
[M::ha_hist_line]    47: ************************************************************************************* 16867
[M::ha_hist_line]    48: ********************************************************************************* 15996
[M::ha_hist_line]    49: ************************************************************************ 14258
[M::ha_hist_line]    50: *********************************************************************** 14144
[M::ha_hist_line]    51: *************************************************************** 12419
[M::ha_hist_line]    52: *************************************************************** 12390
[M::ha_hist_line]    53: ************************************************************ 11917
[M::ha_hist_line]    54: ********************************************************* 11271
[M::ha_hist_line]    55: ********************************************************** 11410
[M::ha_hist_line]    56: ****************************************************** 10622
[M::ha_hist_line]    57: **************************************************** 10353
[M::ha_hist_line]    58: ************************************************** 9879
[M::ha_hist_line]    59: ********************************************* 8892
[M::ha_hist_line]    60: ******************************************* 8553
[M::ha_hist_line]    61: ***************************************** 8148
[M::ha_hist_line]    62: **************************************** 7926
[M::ha_hist_line]    63: ************************************** 7557
[M::ha_hist_line]    64: ***************************************** 8013
[M::ha_hist_line]    65: ************************************** 7459
[M::ha_hist_line]    66: ************************************ 7050
[M::ha_hist_line]    67: ************************************ 7107
[M::ha_hist_line]    68: *********************************** 7006
[M::ha_hist_line]    69: ********************************* 6484
[M::ha_hist_line]    70: ****************************** 5855
[M::ha_hist_line]    71: ******************************* 6180
[M::ha_hist_line]    72: ************************** 5200
[M::ha_hist_line]    73: ************************* 4995
[M::ha_hist_line]    74: ************************** 5100
[M::ha_hist_line]    75: ************************ 4824
[M::ha_hist_line]    76: ************************* 4915
[M::ha_hist_line]    77: ************************ 4847
[M::ha_hist_line]    78: ********************** 4263
[M::ha_hist_line]    79: ********************* 4184
[M::ha_hist_line]    80: ******************* 3743
[M::ha_hist_line]    81: ******************* 3687
[M::ha_hist_line]    82: ******************* 3709
[M::ha_hist_line]    83: ******************** 4050
[M::ha_hist_line]    84: ****************** 3518
[M::ha_hist_line]    85: ****************** 3579
[M::ha_hist_line]    86: ***************** 3454
[M::ha_hist_line]    87: ****************** 3495
[M::ha_hist_line]    88: ****************** 3529
[M::ha_hist_line]    89: ***************** 3396
[M::ha_hist_line]    90: ****************** 3573
[M::ha_hist_line]    91: ***************** 3373
[M::ha_hist_line]    92: **************** 3257
[M::ha_hist_line]    93: ***************** 3304
[M::ha_hist_line]    94: ***************** 3389
[M::ha_hist_line]    95: *************** 2978
[M::ha_hist_line]    96: *************** 3049
[M::ha_hist_line]    97: **************** 3182
[M::ha_hist_line]    98: *************** 2882
[M::ha_hist_line]    99: *************** 2920
[M::ha_hist_line]   100: *************** 2874
[M::ha_hist_line]   101: ************** 2673
[M::ha_hist_line]   102: ************* 2634
[M::ha_hist_line]   103: ************* 2535
[M::ha_hist_line]   104: ************* 2542
[M::ha_hist_line]   105: ************ 2450
[M::ha_hist_line]   106: ************* 2524
[M::ha_hist_line]   107: *********** 2115
[M::ha_hist_line]   108: ************ 2332
[M::ha_hist_line]   109: ************ 2301
[M::ha_hist_line]   110: ************ 2317
[M::ha_hist_line]   111: *********** 2242
[M::ha_hist_line]   112: ************ 2368
[M::ha_hist_line]   113: *********** 2133
[M::ha_hist_line]   114: ********** 1996
[M::ha_hist_line]   115: *********** 2121
[M::ha_hist_line]   116: *********** 2141
[M::ha_hist_line]   117: *********** 2271
[M::ha_hist_line]   118: *********** 2201
[M::ha_hist_line]   119: *********** 2112
[M::ha_hist_line]   120: ********** 2013
[M::ha_hist_line]   121: ********* 1782
[M::ha_hist_line]   122: ********* 1802
[M::ha_hist_line]   123: ********** 2045
[M::ha_hist_line]   124: ********** 1954
[M::ha_hist_line]   125: ********* 1814
[M::ha_hist_line]   126: ********** 1904
[M::ha_hist_line]   127: ********* 1874
[M::ha_hist_line]   128: ********* 1755
[M::ha_hist_line]   129: ******** 1647
[M::ha_hist_line]   130: ******** 1662
[M::ha_hist_line]   131: ********* 1685
[M::ha_hist_line]   132: ********* 1687
[M::ha_hist_line]   133: ******** 1543
[M::ha_hist_line]   134: ********* 1690
[M::ha_hist_line]   135: ********* 1713
[M::ha_hist_line]   136: ******** 1655
[M::ha_hist_line]   137: ******** 1594
[M::ha_hist_line]   138: ********* 1751
[M::ha_hist_line]   139: ******** 1643
[M::ha_hist_line]   140: ******** 1509
[M::ha_hist_line]   141: ******** 1528
[M::ha_hist_line]   142: ******** 1502
[M::ha_hist_line]   143: ******** 1505
[M::ha_hist_line]   144: ******** 1625
[M::ha_hist_line]   145: ******** 1655
[M::ha_hist_line]   146: ******** 1633
[M::ha_hist_line]   147: ******** 1599
[M::ha_hist_line]   148: ******* 1418
[M::ha_hist_line]   149: ******* 1478
[M::ha_hist_line]   150: ******** 1496
[M::ha_hist_line]   151: ******** 1515
[M::ha_hist_line]   152: ******** 1508
[M::ha_hist_line]   153: ******* 1301
[M::ha_hist_line]   154: ******* 1413
[M::ha_hist_line]   155: ******* 1378
[M::ha_hist_line]   156: ****** 1256
[M::ha_hist_line]   157: ****** 1211
[M::ha_hist_line]   158: ******* 1319
[M::ha_hist_line]   159: ******* 1322
[M::ha_hist_line]   160: ****** 1192
[M::ha_hist_line]   161: ****** 1090
[M::ha_hist_line]   162: ***** 1084
[M::ha_hist_line]   163: ****** 1135
[M::ha_hist_line]   164: ****** 1163
[M::ha_hist_line]   165: ****** 1109
[M::ha_hist_line]   166: **** 884
[M::ha_hist_line]   167: ***** 1019
[M::ha_hist_line]   168: ****** 1115
[M::ha_hist_line]   169: ***** 1025
[M::ha_hist_line]   170: ***** 1021
[M::ha_hist_line]   171: ***** 970
[M::ha_hist_line]   172: ***** 891
[M::ha_hist_line]   173: ***** 917
[M::ha_hist_line]   174: ***** 976
[M::ha_hist_line]   175: **** 887
[M::ha_hist_line]   176: **** 788
[M::ha_hist_line]   177: **** 782
[M::ha_hist_line]   178: ***** 951
[M::ha_hist_line]   179: **** 878
[M::ha_hist_line]   180: **** 881
[M::ha_hist_line]   181: ***** 952
[M::ha_hist_line]   182: ***** 1040
[M::ha_hist_line]   183: ***** 1037
[M::ha_hist_line]   184: ***** 1035
[M::ha_hist_line]   185: ***** 980
[M::ha_hist_line]   186: **** 868
[M::ha_hist_line]   187: ***** 906
[M::ha_hist_line]   188: **** 857
[M::ha_hist_line]   189: ***** 1009
[M::ha_hist_line]   190: ***** 1016
[M::ha_hist_line]   191: ***** 908
[M::ha_hist_line]   192: **** 867
[M::ha_hist_line]   193: **** 793
[M::ha_hist_line]   194: **** 804
[M::ha_hist_line]   195: ***** 946
[M::ha_hist_line]   196: **** 825
[M::ha_hist_line]   197: **** 703
[M::ha_hist_line]   198: **** 800
[M::ha_hist_line]   199: *** 667
[M::ha_hist_line]   200: *** 659
[M::ha_hist_line]   201: **** 738
[M::ha_hist_line]   202: **** 736
[M::ha_hist_line]   203: *** 674
[M::ha_hist_line]   204: **** 762
[M::ha_hist_line]   205: *** 673
[M::ha_hist_line]   206: **** 708
[M::ha_hist_line]   207: **** 700
[M::ha_hist_line]   208: *** 679
[M::ha_hist_line]   209: *** 619
[M::ha_hist_line]   210: *** 664
[M::ha_hist_line]   211: *** 638
[M::ha_hist_line]   212: **** 697
[M::ha_hist_line]   213: *** 686
[M::ha_hist_line]   214: **** 719
[M::ha_hist_line]   215: *** 688
[M::ha_hist_line]   216: *** 653
[M::ha_hist_line]   217: **** 729
[M::ha_hist_line]   218: *** 692
[M::ha_hist_line]   219: *** 649
[M::ha_hist_line]   220: *** 564
[M::ha_hist_line]   221: *** 579
[M::ha_hist_line]   222: *** 590
[M::ha_hist_line]   223: *** 595
[M::ha_hist_line]   224: *** 608
[M::ha_hist_line]   225: *** 555
[M::ha_hist_line]   226: *** 539
[M::ha_hist_line]   227: *** 599
[M::ha_hist_line]   228: *** 659
[M::ha_hist_line]   229: *** 508
[M::ha_hist_line]   230: *** 577
[M::ha_hist_line]   231: *** 545
[M::ha_hist_line]   232: *** 514
[M::ha_hist_line]   233: *** 626
[M::ha_hist_line]   234: *** 570
[M::ha_hist_line]   235: *** 575
[M::ha_hist_line]   236: *** 557
[M::ha_hist_line]   237: *** 602
[M::ha_hist_line]   238: *** 567
[M::ha_hist_line]   239: *** 577
[M::ha_hist_line]   240: *** 613
[M::ha_hist_line]   241: *** 613
[M::ha_hist_line]   242: *** 590
[M::ha_hist_line]   243: ** 467
[M::ha_hist_line]   244: *** 548
[M::ha_hist_line]   245: ** 469
[M::ha_hist_line]   246: ** 434
[M::ha_hist_line]   247: ** 442
[M::ha_hist_line]   248: *** 495
[M::ha_hist_line]   249: *** 508
[M::ha_hist_line]   250: *** 502
[M::ha_hist_line]   251: ** 474
[M::ha_hist_line]   252: ** 485
[M::ha_hist_line]   253: ** 485
[M::ha_hist_line]   254: ** 486
[M::ha_hist_line]   255: ** 447
[M::ha_hist_line]   256: *** 532
[M::ha_hist_line]   257: ** 445
[M::ha_hist_line]   258: ** 445
[M::ha_hist_line]   259: *** 603
[M::ha_hist_line]   260: *** 597
[M::ha_hist_line]   261: ** 448
[M::ha_hist_line]   262: *** 515
[M::ha_hist_line]   263: ** 444
[M::ha_hist_line]   264: ** 416
[M::ha_hist_line]   265: ** 467
[M::ha_hist_line]   266: ** 452
[M::ha_hist_line]   267: ** 355
[M::ha_hist_line]   268: ** 438
[M::ha_hist_line]   269: ** 436
[M::ha_hist_line]   270: ** 409
[M::ha_hist_line]   271: ** 417
[M::ha_hist_line]   272: ** 441
[M::ha_hist_line]   273: *** 512
[M::ha_hist_line]   274: ** 478
[M::ha_hist_line]   275: ** 440
[M::ha_hist_line]   276: ** 434
[M::ha_hist_line]   277: ** 470
[M::ha_hist_line]   278: *** 543
[M::ha_hist_line]   279: *** 560
[M::ha_hist_line]   280: ** 432
[M::ha_hist_line]   281: *** 516
[M::ha_hist_line]   282: *** 504
[M::ha_hist_line]   283: *** 532
[M::ha_hist_line]   284: *** 520
[M::ha_hist_line]   285: *** 544
[M::ha_hist_line]   286: ** 425
[M::ha_hist_line]   287: ** 464
[M::ha_hist_line]   288: *** 544
[M::ha_hist_line]   289: *** 528
[M::ha_hist_line]   290: *** 503
[M::ha_hist_line]   291: *** 512
[M::ha_hist_line]   292: *** 550
[M::ha_hist_line]   293: ** 471
[M::ha_hist_line]   294: ** 481
[M::ha_hist_line]   295: *** 536
[M::ha_hist_line]   296: *** 524
[M::ha_hist_line]   297: *** 628
[M::ha_hist_line]   298: ** 466
[M::ha_hist_line]   299: *** 568
[M::ha_hist_line]   300: ** 480
[M::ha_hist_line]   301: ** 466
[M::ha_hist_line]   302: ** 415
[M::ha_hist_line]   303: ** 333
[M::ha_hist_line]   304: ** 397
[M::ha_hist_line]   305: ** 368
[M::ha_hist_line]   306: ** 342
[M::ha_hist_line]   307: ** 387
[M::ha_hist_line]   308: ** 403
[M::ha_hist_line]   309: ** 388
[M::ha_hist_line]   310: ** 400
[M::ha_hist_line]   311: ** 393
[M::ha_hist_line]   312: *** 555
[M::ha_hist_line]   313: ** 455
[M::ha_hist_line]   314: ** 453
[M::ha_hist_line]   315: ** 435
[M::ha_hist_line]   316: ** 384
[M::ha_hist_line]   317: ** 378
[M::ha_hist_line]   318: ** 356
[M::ha_hist_line]   319: ** 418
[M::ha_hist_line]   320: ** 427
[M::ha_hist_line]   321: ** 344
[M::ha_hist_line]   322: ** 301
[M::ha_hist_line]   323: ** 409
[M::ha_hist_line]   324: ** 439
[M::ha_hist_line]   325: ** 457
[M::ha_hist_line]   326: ** 423
[M::ha_hist_line]   327: ** 425
[M::ha_hist_line]   328: ** 452
[M::ha_hist_line]   329: ** 494
[M::ha_hist_line]   330: *** 553
[M::ha_hist_line]   331: *** 557
[M::ha_hist_line]   332: *** 553
[M::ha_hist_line]   333: *** 595
[M::ha_hist_line]   334: *** 530
[M::ha_hist_line]   335: ** 446
[M::ha_hist_line]   336: ** 400
[M::ha_hist_line]   337: ** 411
[M::ha_hist_line]   338: ** 477
[M::ha_hist_line]   339: ** 411
[M::ha_hist_line]   340: ** 346
[M::ha_hist_line]   341: ** 308
[M::ha_hist_line]   342: * 288
[M::ha_hist_line]   343: * 274
[M::ha_hist_line]   344: ** 299
[M::ha_hist_line]   345: ** 305
[M::ha_hist_line]   346: * 269
[M::ha_hist_line]   347: * 276
[M::ha_hist_line]   348: * 288
[M::ha_hist_line]   349: * 286
[M::ha_hist_line]   350: * 235
[M::ha_hist_line]   351: * 233
[M::ha_hist_line]   352: * 223
[M::ha_hist_line]   353: * 253
[M::ha_hist_line]   354: * 207
[M::ha_hist_line]   355: * 244
[M::ha_hist_line]   356: * 247
[M::ha_hist_line]   357: * 230
[M::ha_hist_line]   358: * 201
[M::ha_hist_line]   359: * 223
[M::ha_hist_line]   360: * 210
[M::ha_hist_line]   361: * 179
[M::ha_hist_line]   362: * 212
[M::ha_hist_line]   363: * 186
[M::ha_hist_line]   364: * 187
[M::ha_hist_line]   365: * 205
[M::ha_hist_line]   366: * 200
[M::ha_hist_line]   367: * 187
[M::ha_hist_line]   368: * 195
[M::ha_hist_line]   369: * 180
[M::ha_hist_line]   370: * 189
[M::ha_hist_line]   371: * 206
[M::ha_hist_line]   372: * 190
[M::ha_hist_line]   373: * 172
[M::ha_hist_line]   374: * 204
[M::ha_hist_line]   375: * 227
[M::ha_hist_line]   376: * 223
[M::ha_hist_line]   377: * 206
[M::ha_hist_line]   378: * 168
[M::ha_hist_line]   379: * 188
[M::ha_hist_line]   380: * 196
[M::ha_hist_line]   381: * 174
[M::ha_hist_line]   382: * 201
[M::ha_hist_line]   383: * 187
[M::ha_hist_line]   384: * 191
[M::ha_hist_line]   385: * 175
[M::ha_hist_line]   386: * 161
[M::ha_hist_line]   387: * 169
[M::ha_hist_line]   388: * 155
[M::ha_hist_line]   389: * 190
[M::ha_hist_line]   390: * 150
[M::ha_hist_line]   391: * 133
[M::ha_hist_line]   392: * 167
[M::ha_hist_line]   393: * 155
[M::ha_hist_line]   394: * 171
[M::ha_hist_line]   395: * 172
[M::ha_hist_line]   396: * 152
[M::ha_hist_line]   397: * 170
[M::ha_hist_line]   398: * 147
[M::ha_hist_line]   399: * 182
[M::ha_hist_line]   400: * 151
[M::ha_hist_line]   401: * 147
[M::ha_hist_line]   402: * 145
[M::ha_hist_line]   403: * 172
[M::ha_hist_line]   404: * 135
[M::ha_hist_line]   405: * 152
[M::ha_hist_line]   406: * 160
[M::ha_hist_line]   407: * 142
[M::ha_hist_line]   408: * 167
[M::ha_hist_line]   409: * 169
[M::ha_hist_line]   410: * 158
[M::ha_hist_line]   411: * 136
[M::ha_hist_line]   412: * 173
[M::ha_hist_line]   413: * 155
[M::ha_hist_line]   414: * 131
[M::ha_hist_line]   415: * 154
[M::ha_hist_line]   416: * 138
[M::ha_hist_line]   417: * 168
[M::ha_hist_line]   418: * 144
[M::ha_hist_line]   419: * 154
[M::ha_hist_line]   420: * 137
[M::ha_hist_line]   421: * 165
[M::ha_hist_line]   422: * 161
[M::ha_hist_line]   423: * 146
[M::ha_hist_line]   424: * 123
[M::ha_hist_line]   425: * 144
[M::ha_hist_line]   426: * 138
[M::ha_hist_line]   427: * 188
[M::ha_hist_line]   428: * 141
[M::ha_hist_line]   429: * 156
[M::ha_hist_line]   430: * 131
[M::ha_hist_line]   431: * 128
[M::ha_hist_line]   432: * 120
[M::ha_hist_line]   433: * 144
[M::ha_hist_line]   434: * 137
[M::ha_hist_line]   435: * 126
[M::ha_hist_line]   436: * 152
[M::ha_hist_line]   437: * 142
[M::ha_hist_line]   438: * 104
[M::ha_hist_line]   439: * 108
[M::ha_hist_line]   440: * 110
[M::ha_hist_line]   441: * 154
[M::ha_hist_line]   442: * 116
[M::ha_hist_line]   443: * 130
[M::ha_hist_line]   444: * 125
[M::ha_hist_line]   445: * 106
[M::ha_hist_line]   446: * 139
[M::ha_hist_line]   447: * 122
[M::ha_hist_line]   448: * 110
[M::ha_hist_line]   449: * 114
[M::ha_hist_line]   450: * 128
[M::ha_hist_line]   451: * 107
[M::ha_hist_line]   452: * 115
[M::ha_hist_line]   453: * 119
[M::ha_hist_line]   454: * 103
[M::ha_hist_line]  rest: ****************************************************************************************************> 54486
[M::ha_analyze_count] left: none
[M::ha_analyze_count] right: none
[M::ha_ft_gen] peak_hom: 44; peak_het: -1
[M::ha_ct_shrink::64.726*6.40] ==> counted 133092 distinct minimizer k-mers
[M::ha_ft_gen::65.333*6.35@20.850GB] ==> filtered out 133092 k-mers occurring 220 or more times
[M::ha_opt_update_cov] updated max_n_chain to 220
[M::yak_count] collected 68377560 minimizers
[M::ha_pt_gen::72.879*7.73] ==> counted 17804891 distinct minimizer k-mers
[M::ha_pt_gen] count[4095] = 0 (for sanity check)
[M::ha_analyze_count] lowest: count[36] = 1554
[M::ha_analyze_count] highest: count[37] = 1574
[M::ha_hist_line]     1: ****************************************************************************************************> 4051918
[M::ha_hist_line]     2: ****************************************************************************************************> 3143990
[M::ha_hist_line]     3: ****************************************************************************************************> 3135217
[M::ha_hist_line]     4: ****************************************************************************************************> 2516372
[M::ha_hist_line]     5: ****************************************************************************************************> 1768735
[M::ha_hist_line]     6: ****************************************************************************************************> 1160418
[M::ha_hist_line]     7: ****************************************************************************************************> 741847
[M::ha_hist_line]     8: ****************************************************************************************************> 463076
[M::ha_hist_line]     9: ****************************************************************************************************> 282874
[M::ha_hist_line]    10: ****************************************************************************************************> 169270
[M::ha_hist_line]    11: ****************************************************************************************************> 101069
[M::ha_hist_line]    12: ****************************************************************************************************> 58401
[M::ha_hist_line]    13: ****************************************************************************************************> 35553
[M::ha_hist_line]    14: ****************************************************************************************************> 22052
[M::ha_hist_line]    15: ****************************************************************************************************> 15755
[M::ha_hist_line]    16: ****************************************************************************************************> 11771
[M::ha_hist_line]    17: ****************************************************************************************************> 9252
[M::ha_hist_line]    18: ****************************************************************************************************> 7701
[M::ha_hist_line]    19: ****************************************************************************************************> 6403
[M::ha_hist_line]    20: ****************************************************************************************************> 5726
[M::ha_hist_line]    21: ****************************************************************************************************> 5003
[M::ha_hist_line]    22: ****************************************************************************************************> 4626
[M::ha_hist_line]    23: ****************************************************************************************************> 4158
[M::ha_hist_line]    24: ****************************************************************************************************> 3836
[M::ha_hist_line]    25: ****************************************************************************************************> 3313
[M::ha_hist_line]    26: ****************************************************************************************************> 3218
[M::ha_hist_line]    27: ****************************************************************************************************> 2940
[M::ha_hist_line]    28: ****************************************************************************************************> 2819
[M::ha_hist_line]    29: ****************************************************************************************************> 2506
[M::ha_hist_line]    30: ****************************************************************************************************> 2319
[M::ha_hist_line]    31: ****************************************************************************************************> 2193
[M::ha_hist_line]    32: ****************************************************************************************************> 2055
[M::ha_hist_line]    33: ****************************************************************************************************> 1909
[M::ha_hist_line]    34: ****************************************************************************************************> 1734
[M::ha_hist_line]    35: ****************************************************************************************************> 1684
[M::ha_hist_line]    36: *************************************************************************************************** 1554
[M::ha_hist_line]    37: **************************************************************************************************** 1574
[M::ha_hist_line]    38: ******************************************************************************************* 1438
[M::ha_hist_line]    39: *************************************************************************************** 1368
[M::ha_hist_line]    40: ********************************************************************************** 1293
[M::ha_hist_line]    41: ************************************************************************* 1146
[M::ha_hist_line]    42: ************************************************************************ 1132
[M::ha_hist_line]    43: ********************************************************************* 1089
[M::ha_hist_line]    44: *************************************************************** 991
[M::ha_hist_line]    45: ****************************************************************** 1031
[M::ha_hist_line]    46: ************************************************************ 938
[M::ha_hist_line]    47: ********************************************************** 911
[M::ha_hist_line]    48: ******************************************************** 877
[M::ha_hist_line]    49: ****************************************************** 851
[M::ha_hist_line]    50: **************************************************** 812
[M::ha_hist_line]    51: ************************************************ 751
[M::ha_hist_line]    52: *********************************************** 735
[M::ha_hist_line]    53: ******************************************* 674
[M::ha_hist_line]    54: ****************************************** 667
[M::ha_hist_line]    55: ****************************************** 665
[M::ha_hist_line]    56: ****************************************** 666
[M::ha_hist_line]    57: ************************************** 605
[M::ha_hist_line]    58: **************************************** 636
[M::ha_hist_line]    59: *********************************** 557
[M::ha_hist_line]    60: ************************************ 571
[M::ha_hist_line]    61: ************************************* 584
[M::ha_hist_line]    62: *********************************** 545
[M::ha_hist_line]    63: ********************************* 525
[M::ha_hist_line]    64: ******************************** 502
[M::ha_hist_line]    65: *********************************** 547
[M::ha_hist_line]    66: ******************************** 501
[M::ha_hist_line]    67: ***************************** 451
[M::ha_hist_line]    68: ***************************** 464
[M::ha_hist_line]    69: ***************************** 460
[M::ha_hist_line]    70: **************************** 435
[M::ha_hist_line]    71: ************************** 406
[M::ha_hist_line]    72: *************************** 424
[M::ha_hist_line]    73: ********************** 343
[M::ha_hist_line]    74: ************************** 414
[M::ha_hist_line]    75: ************************* 390
[M::ha_hist_line]    76: ********************** 354
[M::ha_hist_line]    77: ********************** 352
[M::ha_hist_line]    78: ********************* 329
[M::ha_hist_line]    79: ********************* 333
[M::ha_hist_line]    80: ********************* 335
[M::ha_hist_line]    81: ********************* 329
[M::ha_hist_line]    82: ********************* 329
[M::ha_hist_line]    83: ******************** 320
[M::ha_hist_line]    84: ******************** 311
[M::ha_hist_line]    85: ****************** 279
[M::ha_hist_line]    86: ******************* 296
[M::ha_hist_line]    87: ***************** 271
[M::ha_hist_line]    88: ******************* 293
[M::ha_hist_line]    89: ***************** 269
[M::ha_hist_line]    90: ***************** 261
[M::ha_hist_line]    91: ******************** 321
[M::ha_hist_line]    92: **************** 254
[M::ha_hist_line]    93: **************** 255
[M::ha_hist_line]    94: **************** 252
[M::ha_hist_line]    95: **************** 251
[M::ha_hist_line]    96: ******************* 302
[M::ha_hist_line]    97: ***************** 268
[M::ha_hist_line]    98: **************** 247
[M::ha_hist_line]    99: **************** 259
[M::ha_hist_line]   100: **************** 255
[M::ha_hist_line]   101: **************** 244
[M::ha_hist_line]   102: *************** 237
[M::ha_hist_line]   103: *************** 242
[M::ha_hist_line]   104: ************** 215
[M::ha_hist_line]   105: ************* 206
[M::ha_hist_line]   106: ************* 198
[M::ha_hist_line]   107: ************* 197
[M::ha_hist_line]   108: ************** 219
[M::ha_hist_line]   109: ************* 210
[M::ha_hist_line]   110: ************ 194
[M::ha_hist_line]   111: ************** 220
[M::ha_hist_line]   112: ************ 194
[M::ha_hist_line]   113: ************ 182
[M::ha_hist_line]   114: ************ 196
[M::ha_hist_line]   115: ************* 209
[M::ha_hist_line]   116: ************ 194
[M::ha_hist_line]   117: ************ 191
[M::ha_hist_line]   118: ************ 190
[M::ha_hist_line]   119: ************ 185
[M::ha_hist_line]   120: ************* 209
[M::ha_hist_line]   121: ************ 196
[M::ha_hist_line]   122: *********** 169
[M::ha_hist_line]   123: ********** 165
[M::ha_hist_line]   124: ********* 141
[M::ha_hist_line]   125: ************ 185
[M::ha_hist_line]   126: ********** 160
[M::ha_hist_line]   127: *********** 170
[M::ha_hist_line]   128: ********** 158
[M::ha_hist_line]   129: *********** 177
[M::ha_hist_line]   130: ********** 161
[M::ha_hist_line]   131: ********** 151
[M::ha_hist_line]   132: ******** 132
[M::ha_hist_line]   133: ********* 149
[M::ha_hist_line]   134: ********* 145
[M::ha_hist_line]   135: ********* 136
[M::ha_hist_line]   136: ********** 152
[M::ha_hist_line]   137: ********* 144
[M::ha_hist_line]   138: ******** 127
[M::ha_hist_line]   139: ******** 129
[M::ha_hist_line]   140: ********* 143
[M::ha_hist_line]   141: ******** 126
[M::ha_hist_line]   142: ******* 113
[M::ha_hist_line]   143: ******** 127
[M::ha_hist_line]   144: ******* 109
[M::ha_hist_line]   145: ********* 144
[M::ha_hist_line]   146: ******** 132
[M::ha_hist_line]   147: ******* 111
[M::ha_hist_line]   148: ******** 133
[M::ha_hist_line]   149: ******* 103
[M::ha_hist_line]   150: ********* 134
[M::ha_hist_line]   151: ******** 123
[M::ha_hist_line]   152: ******** 126
[M::ha_hist_line]   153: ******* 115
[M::ha_hist_line]   154: ******* 113
[M::ha_hist_line]   155: ******** 119
[M::ha_hist_line]   156: ****** 92
[M::ha_hist_line]   157: ****** 97
[M::ha_hist_line]   158: ******* 104
[M::ha_hist_line]   159: ******* 117
[M::ha_hist_line]   160: ****** 91
[M::ha_hist_line]   161: ****** 89
[M::ha_hist_line]   162: ****** 98
[M::ha_hist_line]   163: ******* 103
[M::ha_hist_line]   164: ****** 101
[M::ha_hist_line]   165: ****** 90
[M::ha_hist_line]   166: ***** 82
[M::ha_hist_line]   167: ******* 109
[M::ha_hist_line]   168: ****** 91
[M::ha_hist_line]   169: ******* 107
[M::ha_hist_line]   170: ***** 82
[M::ha_hist_line]   171: ***** 84
[M::ha_hist_line]   172: ***** 85
[M::ha_hist_line]   173: ***** 82
[M::ha_hist_line]   174: **** 65
[M::ha_hist_line]   175: **** 69
[M::ha_hist_line]   176: ****** 98
[M::ha_hist_line]   177: ***** 72
[M::ha_hist_line]   178: ***** 72
[M::ha_hist_line]   179: ****** 94
[M::ha_hist_line]   180: ****** 90
[M::ha_hist_line]   181: ****** 88
[M::ha_hist_line]   182: **** 68
[M::ha_hist_line]   183: ***** 74
[M::ha_hist_line]   184: ***** 71
[M::ha_hist_line]   185: ***** 76
[M::ha_hist_line]   186: **** 69
[M::ha_hist_line]   187: ***** 73
[M::ha_hist_line]   188: **** 64
[M::ha_hist_line]   189: ****** 87
[M::ha_hist_line]   190: ***** 86
[M::ha_hist_line]   191: **** 70
[M::ha_hist_line]   192: *** 44
[M::ha_hist_line]   193: *** 50
[M::ha_hist_line]   194: **** 59
[M::ha_hist_line]   195: *** 51
[M::ha_hist_line]   196: *** 48
[M::ha_hist_line]   197: **** 66
[M::ha_hist_line]   198: **** 58
[M::ha_hist_line]   199: *** 43
[M::ha_hist_line]   200: **** 61
[M::ha_hist_line]   201: *** 50
[M::ha_hist_line]   202: *** 52
[M::ha_hist_line]   203: **** 60
[M::ha_hist_line]   204: **** 57
[M::ha_hist_line]   205: **** 56
[M::ha_hist_line]   206: *** 51
[M::ha_hist_line]   207: *** 43
[M::ha_hist_line]   208: *** 45
[M::ha_hist_line]   209: *** 45
[M::ha_hist_line]   210: ** 35
[M::ha_hist_line]   211: *** 44
[M::ha_hist_line]   212: *** 52
[M::ha_hist_line]   213: *** 41
[M::ha_hist_line]   214: *** 51
[M::ha_hist_line]   215: *** 49
[M::ha_hist_line]   216: ** 37
[M::ha_hist_line]   217: *** 47
[M::ha_hist_line]   218: * 19
[M::ha_hist_line]   219: ** 28
[M::ha_hist_line]   220: ** 24
[M::ha_hist_line]   221: * 13
[M::ha_hist_line]   222: * 19
[M::ha_hist_line]   223: * 14
[M::ha_hist_line]   224: * 10
[M::ha_hist_line]   225: * 18
[M::ha_hist_line]   226: * 10
[M::ha_hist_line]   227: * 9
[M::ha_hist_line]   228: * 14
[M::ha_hist_line]   229: * 13
[M::ha_hist_line]   230: * 15
[M::ha_hist_line]   231: * 11
[M::ha_hist_line]   232: * 20
[M::ha_hist_line]   233: * 12
[M::ha_hist_line]   234: * 20
[M::ha_hist_line]   235: * 8
[M::ha_hist_line]   236: * 17
[M::ha_hist_line]   237: * 18
[M::ha_hist_line]   238: * 13
[M::ha_hist_line]   239: * 12
[M::ha_hist_line]   240: * 13
[M::ha_hist_line]   241: * 16
[M::ha_hist_line]  rest: ************************************************************************************************* 1529
[M::ha_analyze_count] left: none
[M::ha_analyze_count] right: none
[M::ha_pt_gen] peak_hom: 37; peak_het: -1
[M::ha_ct_shrink::73.119*7.73] ==> counted 13752973 distinct minimizer k-mers
[M::ha_pt_gen::] counting in normal mode
[M::yak_count] collected 68377560 minimizers
[M::ha_pt_gen::80.516*8.95] ==> indexed 64325642 positions, counted 13752973 distinct minimizer k-mers
[M::ha_assemble::139.955*24.74@20.850GB] ==> corrected reads for round 1
[M::ha_assemble] # bases: 2548531853; # corrected bases: 2110110; # recorrected bases: 9904
[M::ha_assemble] size of buffer: 1.467GB
[M::yak_count] collected 68314342 minimizers
[M::ha_pt_gen::146.921*24.62] ==> counted 17395916 distinct minimizer k-mers
[M::ha_pt_gen] count[4095] = 0 (for sanity check)
[M::ha_analyze_count] lowest: count[44] = 1024
[M::ha_analyze_count] highest: count[45] = 1034
[M::ha_hist_line]     1: ****************************************************************************************************> 3668953
[M::ha_hist_line]     2: ****************************************************************************************************> 3103806
[M::ha_hist_line]     3: ****************************************************************************************************> 3073765
[M::ha_hist_line]     4: ****************************************************************************************************> 2520445
[M::ha_hist_line]     5: ****************************************************************************************************> 1784939
[M::ha_hist_line]     6: ****************************************************************************************************> 1174781
[M::ha_hist_line]     7: ****************************************************************************************************> 753889
[M::ha_hist_line]     8: ****************************************************************************************************> 472494
[M::ha_hist_line]     9: ****************************************************************************************************> 290127
[M::ha_hist_line]    10: ****************************************************************************************************> 173489
[M::ha_hist_line]    11: ****************************************************************************************************> 104213
[M::ha_hist_line]    12: ****************************************************************************************************> 60316
[M::ha_hist_line]    13: ****************************************************************************************************> 36696
[M::ha_hist_line]    14: ****************************************************************************************************> 22747
[M::ha_hist_line]    15: ****************************************************************************************************> 15967
[M::ha_hist_line]    16: ****************************************************************************************************> 11906
[M::ha_hist_line]    17: ****************************************************************************************************> 9325
[M::ha_hist_line]    18: ****************************************************************************************************> 7836
[M::ha_hist_line]    19: ****************************************************************************************************> 6425
[M::ha_hist_line]    20: ****************************************************************************************************> 5837
[M::ha_hist_line]    21: ****************************************************************************************************> 5032
[M::ha_hist_line]    22: ****************************************************************************************************> 4681
[M::ha_hist_line]    23: ****************************************************************************************************> 4136
[M::ha_hist_line]    24: ****************************************************************************************************> 3832
[M::ha_hist_line]    25: ****************************************************************************************************> 3425
[M::ha_hist_line]    26: ****************************************************************************************************> 3127
[M::ha_hist_line]    27: ****************************************************************************************************> 2937
[M::ha_hist_line]    28: ****************************************************************************************************> 2843
[M::ha_hist_line]    29: ****************************************************************************************************> 2523
[M::ha_hist_line]    30: ****************************************************************************************************> 2351
[M::ha_hist_line]    31: ****************************************************************************************************> 2240
[M::ha_hist_line]    32: ****************************************************************************************************> 2028
[M::ha_hist_line]    33: ****************************************************************************************************> 1915
[M::ha_hist_line]    34: ****************************************************************************************************> 1754
[M::ha_hist_line]    35: ****************************************************************************************************> 1641
[M::ha_hist_line]    36: ****************************************************************************************************> 1626
[M::ha_hist_line]    37: ****************************************************************************************************> 1570
[M::ha_hist_line]    38: ****************************************************************************************************> 1485
[M::ha_hist_line]    39: ****************************************************************************************************> 1418
[M::ha_hist_line]    40: ****************************************************************************************************> 1313
[M::ha_hist_line]    41: ****************************************************************************************************> 1145
[M::ha_hist_line]    42: ****************************************************************************************************> 1077
[M::ha_hist_line]    43: ****************************************************************************************************> 1043
[M::ha_hist_line]    44: *************************************************************************************************** 1024
[M::ha_hist_line]    45: **************************************************************************************************** 1034
[M::ha_hist_line]    46: ******************************************************************************************* 943
[M::ha_hist_line]    47: **************************************************************************************** 913
[M::ha_hist_line]    48: ************************************************************************************* 882
[M::ha_hist_line]    49: ********************************************************************************** 850
[M::ha_hist_line]    50: ********************************************************************************* 840
[M::ha_hist_line]    51: ***************************************************************************** 792
[M::ha_hist_line]    52: *********************************************************************** 729
[M::ha_hist_line]    53: ****************************************************************** 683
[M::ha_hist_line]    54: **************************************************************** 658
[M::ha_hist_line]    55: *************************************************************** 652
[M::ha_hist_line]    56: ************************************************************* 629
[M::ha_hist_line]    57: ********************************************************** 601
[M::ha_hist_line]    58: *********************************************************** 606
[M::ha_hist_line]    59: ************************************************************ 617
[M::ha_hist_line]    60: ***************************************************** 543
[M::ha_hist_line]    61: ******************************************************** 584
[M::ha_hist_line]    62: ******************************************************* 568
[M::ha_hist_line]    63: *************************************************** 526
[M::ha_hist_line]    64: *************************************************** 524
[M::ha_hist_line]    65: ************************************************** 518
[M::ha_hist_line]    66: ******************************************** 454
[M::ha_hist_line]    67: ********************************************** 471
[M::ha_hist_line]    68: ************************************************ 493
[M::ha_hist_line]    69: ********************************************* 465
[M::ha_hist_line]    70: ******************************************* 441
[M::ha_hist_line]    71: ****************************************** 437
[M::ha_hist_line]    72: ************************************** 397
[M::ha_hist_line]    73: *********************************** 357
[M::ha_hist_line]    74: *********************************** 361
[M::ha_hist_line]    75: *************************************** 401
[M::ha_hist_line]    76: ************************************** 397
[M::ha_hist_line]    77: ********************************* 337
[M::ha_hist_line]    78: ************************************ 371
[M::ha_hist_line]    79: ****************************** 310
[M::ha_hist_line]    80: ******************************** 326
[M::ha_hist_line]    81: ******************************* 319
[M::ha_hist_line]    82: ********************************** 349
[M::ha_hist_line]    83: ****************************** 313
[M::ha_hist_line]    84: ***************************** 302
[M::ha_hist_line]    85: **************************** 292
[M::ha_hist_line]    86: ***************************** 302
[M::ha_hist_line]    87: **************************** 286
[M::ha_hist_line]    88: ************************** 267
[M::ha_hist_line]    89: ************************** 265
[M::ha_hist_line]    90: ************************** 272
[M::ha_hist_line]    91: **************************** 294
[M::ha_hist_line]    92: **************************** 294
[M::ha_hist_line]    93: ************************* 257
[M::ha_hist_line]    94: ************************* 260
[M::ha_hist_line]    95: ************************ 252
[M::ha_hist_line]    96: ************************** 273
[M::ha_hist_line]    97: **************************** 291
[M::ha_hist_line]    98: *************************** 283
[M::ha_hist_line]    99: ************************* 262
[M::ha_hist_line]   100: *********************** 233
[M::ha_hist_line]   101: *********************** 237
[M::ha_hist_line]   102: ************************ 248
[M::ha_hist_line]   103: *********************** 240
[M::ha_hist_line]   104: ******************* 198
[M::ha_hist_line]   105: ********************** 228
[M::ha_hist_line]   106: ******************* 194
[M::ha_hist_line]   107: ***************** 180
[M::ha_hist_line]   108: *********************** 240
[M::ha_hist_line]   109: ******************* 198
[M::ha_hist_line]   110: ******************** 206
[M::ha_hist_line]   111: ******************* 199
[M::ha_hist_line]   112: ******************** 210
[M::ha_hist_line]   113: ********************* 217
[M::ha_hist_line]   114: ****************** 186
[M::ha_hist_line]   115: ******************* 194
[M::ha_hist_line]   116: ****************** 187
[M::ha_hist_line]   117: ****************** 188
[M::ha_hist_line]   118: ******************* 192
[M::ha_hist_line]   119: ******************* 197
[M::ha_hist_line]   120: ***************** 179
[M::ha_hist_line]   121: ****************** 184
[M::ha_hist_line]   122: **************** 170
[M::ha_hist_line]   123: ***************** 172
[M::ha_hist_line]   124: *************** 158
[M::ha_hist_line]   125: *************** 151
[M::ha_hist_line]   126: **************** 164
[M::ha_hist_line]   127: ************** 144
[M::ha_hist_line]   128: ************** 147
[M::ha_hist_line]   129: **************** 163
[M::ha_hist_line]   130: *************** 158
[M::ha_hist_line]   131: ************** 148
[M::ha_hist_line]   132: ************** 141
[M::ha_hist_line]   133: ************** 149
[M::ha_hist_line]   134: ************ 128
[M::ha_hist_line]   135: *************** 153
[M::ha_hist_line]   136: ************** 143
[M::ha_hist_line]   137: ************* 138
[M::ha_hist_line]   138: *************** 158
[M::ha_hist_line]   139: ************** 141
[M::ha_hist_line]   140: ************** 147
[M::ha_hist_line]   141: ************ 119
[M::ha_hist_line]   142: *********** 117
[M::ha_hist_line]   143: ************ 119
[M::ha_hist_line]   144: ************* 136
[M::ha_hist_line]   145: ********** 106
[M::ha_hist_line]   146: ************* 137
[M::ha_hist_line]   147: *********** 112
[M::ha_hist_line]   148: ************* 136
[M::ha_hist_line]   149: ************ 126
[M::ha_hist_line]   150: ********** 107
[M::ha_hist_line]   151: *********** 117
[M::ha_hist_line]   152: ************ 128
[M::ha_hist_line]   153: ************ 125
[M::ha_hist_line]   154: ************ 126
[M::ha_hist_line]   155: *********** 118
[M::ha_hist_line]   156: ********** 106
[M::ha_hist_line]   157: ********* 92
[M::ha_hist_line]   158: *********** 114
[M::ha_hist_line]   159: ********** 103
[M::ha_hist_line]   160: *********** 117
[M::ha_hist_line]   161: ******** 79
[M::ha_hist_line]   162: ******** 85
[M::ha_hist_line]   163: ********* 92
[M::ha_hist_line]   164: ********* 95
[M::ha_hist_line]   165: ********* 88
[M::ha_hist_line]   166: ********* 90
[M::ha_hist_line]   167: ********** 101
[M::ha_hist_line]   168: ******** 81
[M::ha_hist_line]   169: ********* 95
[M::ha_hist_line]   170: ********* 95
[M::ha_hist_line]   171: ********* 97
[M::ha_hist_line]   172: ******** 86
[M::ha_hist_line]   173: ****** 64
[M::ha_hist_line]   174: ******** 82
[M::ha_hist_line]   175: ******* 71
[M::ha_hist_line]   176: ******** 78
[M::ha_hist_line]   177: ******** 87
[M::ha_hist_line]   178: ******** 79
[M::ha_hist_line]   179: ******** 86
[M::ha_hist_line]   180: ******* 71
[M::ha_hist_line]   181: ********* 91
[M::ha_hist_line]   182: ********* 88
[M::ha_hist_line]   183: ****** 64
[M::ha_hist_line]   184: ******* 70
[M::ha_hist_line]   185: ******* 74
[M::ha_hist_line]   186: ******** 80
[M::ha_hist_line]   187: ******** 83
[M::ha_hist_line]   188: ******** 79
[M::ha_hist_line]   189: ******* 76
[M::ha_hist_line]   190: ******** 86
[M::ha_hist_line]   191: ***** 54
[M::ha_hist_line]   192: ******* 76
[M::ha_hist_line]   193: ***** 49
[M::ha_hist_line]   194: ****** 63
[M::ha_hist_line]   195: ***** 54
[M::ha_hist_line]   196: **** 37
[M::ha_hist_line]   197: ****** 60
[M::ha_hist_line]   198: ****** 62
[M::ha_hist_line]   199: ***** 55
[M::ha_hist_line]   200: ***** 54
[M::ha_hist_line]   201: **** 45
[M::ha_hist_line]   202: ***** 56
[M::ha_hist_line]   203: ***** 56
[M::ha_hist_line]   204: ***** 48
[M::ha_hist_line]   205: ***** 54
[M::ha_hist_line]   206: ***** 54
[M::ha_hist_line]   207: ***** 53
[M::ha_hist_line]   208: ***** 55
[M::ha_hist_line]   209: **** 45
[M::ha_hist_line]   210: **** 38
[M::ha_hist_line]   211: ****** 57
[M::ha_hist_line]   212: **** 46
[M::ha_hist_line]   213: ***** 50
[M::ha_hist_line]   214: **** 38
[M::ha_hist_line]   215: **** 42
[M::ha_hist_line]   216: ***** 48
[M::ha_hist_line]   217: ***** 47
[M::ha_hist_line]   218: *** 32
[M::ha_hist_line]   219: *** 31
[M::ha_hist_line]   220: *** 35
[M::ha_hist_line]   221: ** 17
[M::ha_hist_line]   222: *** 27
[M::ha_hist_line]   223: *** 32
[M::ha_hist_line]   224: * 13
[M::ha_hist_line]   225: * 14
[M::ha_hist_line]   226: * 9
[M::ha_hist_line]   227: ** 16
[M::ha_hist_line]   228: ** 16
[M::ha_hist_line]   229: * 10
[M::ha_hist_line]   230: * 14
[M::ha_hist_line]   231: * 11
[M::ha_hist_line]   232: * 11
[M::ha_hist_line]   233: ** 21
[M::ha_hist_line]   234: * 10
[M::ha_hist_line]   235: ** 16
[M::ha_hist_line]   236: * 15
[M::ha_hist_line]   237: ** 19
[M::ha_hist_line]   238: * 14
[M::ha_hist_line]   239: * 11
[M::ha_hist_line]   240: * 15
[M::ha_hist_line]   241: * 9
[M::ha_hist_line]   242: * 10
[M::ha_hist_line]   243: ** 17
[M::ha_hist_line]   244: ** 16
[M::ha_hist_line]   245: * 9
[M::ha_hist_line]   246: * 14
[M::ha_hist_line]   247: * 9
[M::ha_hist_line]   248: * 13
[M::ha_hist_line]   249: ** 17
[M::ha_hist_line]   250: * 15
[M::ha_hist_line]   251: * 12
[M::ha_hist_line]   252: * 10
[M::ha_hist_line]   253: * 8
[M::ha_hist_line]   254: * 9
[M::ha_hist_line]   255: * 10
[M::ha_hist_line]   256: * 10
[M::ha_hist_line]   257: * 13
[M::ha_hist_line]   258: * 10
[M::ha_hist_line]   259: ** 18
[M::ha_hist_line]   260: * 13
[M::ha_hist_line]   261: * 11
[M::ha_hist_line]   262: * 7
[M::ha_hist_line]   263: * 13
[M::ha_hist_line]   264: * 11
[M::ha_hist_line]   265: * 7
[M::ha_hist_line]   266: * 10
[M::ha_hist_line]  rest: ****************************************************************************************************> 1283
[M::ha_analyze_count] left: none
[M::ha_analyze_count] right: none
[M::ha_pt_gen] peak_hom: 45; peak_het: -1
[M::ha_ct_shrink::146.975*24.62] ==> counted 13726963 distinct minimizer k-mers
[M::ha_pt_gen::] counting in normal mode
[M::yak_count] collected 68314342 minimizers
[M::ha_pt_gen::154.687*24.46] ==> indexed 64645389 positions, counted 13726963 distinct minimizer k-mers
[M::ha_assemble::210.129*30.27@20.850GB] ==> corrected reads for round 2
[M::ha_assemble] # bases: 2548206948; # corrected bases: 131699; # recorrected bases: 3302
[M::ha_assemble] size of buffer: 1.383GB
[M::yak_count] collected 68313549 minimizers
[M::ha_pt_gen::216.763*30.05] ==> counted 17370220 distinct minimizer k-mers
[M::ha_pt_gen] count[4095] = 0 (for sanity check)
[M::ha_analyze_count] lowest: count[38] = 1427
[M::ha_analyze_count] highest: count[39] = 1442
[M::ha_hist_line]     1: ****************************************************************************************************> 3648990
[M::ha_hist_line]     2: ****************************************************************************************************> 3094302
[M::ha_hist_line]     3: ****************************************************************************************************> 3074571
[M::ha_hist_line]     4: ****************************************************************************************************> 2521128
[M::ha_hist_line]     5: ****************************************************************************************************> 1785433
[M::ha_hist_line]     6: ****************************************************************************************************> 1175285
[M::ha_hist_line]     7: ****************************************************************************************************> 754450
[M::ha_hist_line]     8: ****************************************************************************************************> 472907
[M::ha_hist_line]     9: ****************************************************************************************************> 290377
[M::ha_hist_line]    10: ****************************************************************************************************> 173445
[M::ha_hist_line]    11: ****************************************************************************************************> 104336
[M::ha_hist_line]    12: ****************************************************************************************************> 60378
[M::ha_hist_line]    13: ****************************************************************************************************> 36651
[M::ha_hist_line]    14: ****************************************************************************************************> 22775
[M::ha_hist_line]    15: ****************************************************************************************************> 15912
[M::ha_hist_line]    16: ****************************************************************************************************> 11964
[M::ha_hist_line]    17: ****************************************************************************************************> 9243
[M::ha_hist_line]    18: ****************************************************************************************************> 7822
[M::ha_hist_line]    19: ****************************************************************************************************> 6415
[M::ha_hist_line]    20: ****************************************************************************************************> 5826
[M::ha_hist_line]    21: ****************************************************************************************************> 5062
[M::ha_hist_line]    22: ****************************************************************************************************> 4663
[M::ha_hist_line]    23: ****************************************************************************************************> 4139
[M::ha_hist_line]    24: ****************************************************************************************************> 3878
[M::ha_hist_line]    25: ****************************************************************************************************> 3373
[M::ha_hist_line]    26: ****************************************************************************************************> 3177
[M::ha_hist_line]    27: ****************************************************************************************************> 2938
[M::ha_hist_line]    28: ****************************************************************************************************> 2780
[M::ha_hist_line]    29: ****************************************************************************************************> 2553
[M::ha_hist_line]    30: ****************************************************************************************************> 2371
[M::ha_hist_line]    31: ****************************************************************************************************> 2227
[M::ha_hist_line]    32: ****************************************************************************************************> 2032
[M::ha_hist_line]    33: ****************************************************************************************************> 1903
[M::ha_hist_line]    34: ****************************************************************************************************> 1770
[M::ha_hist_line]    35: ****************************************************************************************************> 1670
[M::ha_hist_line]    36: ****************************************************************************************************> 1625
[M::ha_hist_line]    37: ****************************************************************************************************> 1562
[M::ha_hist_line]    38: *************************************************************************************************** 1427
[M::ha_hist_line]    39: **************************************************************************************************** 1442
[M::ha_hist_line]    40: ****************************************************************************************** 1304
[M::ha_hist_line]    41: ********************************************************************************* 1166
[M::ha_hist_line]    42: **************************************************************************** 1101
[M::ha_hist_line]    43: *********************************************************************** 1021
[M::ha_hist_line]    44: ************************************************************************ 1034
[M::ha_hist_line]    45: ************************************************************************* 1054
[M::ha_hist_line]    46: ****************************************************************** 952
[M::ha_hist_line]    47: *************************************************************** 913
[M::ha_hist_line]    48: ************************************************************ 863
[M::ha_hist_line]    49: *********************************************************** 851
[M::ha_hist_line]    50: ********************************************************* 823
[M::ha_hist_line]    51: ******************************************************* 788
[M::ha_hist_line]    52: ************************************************ 693
[M::ha_hist_line]    53: ************************************************* 711
[M::ha_hist_line]    54: ******************************************** 637
[M::ha_hist_line]    55: ********************************************* 647
[M::ha_hist_line]    56: ******************************************** 641
[M::ha_hist_line]    57: ****************************************** 605
[M::ha_hist_line]    58: ***************************************** 589
[M::ha_hist_line]    59: ******************************************* 618
[M::ha_hist_line]    60: *************************************** 557
[M::ha_hist_line]    61: **************************************** 582
[M::ha_hist_line]    62: *************************************** 561
[M::ha_hist_line]    63: ************************************** 544
[M::ha_hist_line]    64: ************************************* 530
[M::ha_hist_line]    65: ********************************** 495
[M::ha_hist_line]    66: ******************************** 463
[M::ha_hist_line]    67: ********************************* 474
[M::ha_hist_line]    68: ********************************** 491
[M::ha_hist_line]    69: ********************************* 469
[M::ha_hist_line]    70: ******************************** 455
[M::ha_hist_line]    71: ******************************* 447
[M::ha_hist_line]    72: **************************** 397
[M::ha_hist_line]    73: ************************** 371
[M::ha_hist_line]    74: ************************* 360
[M::ha_hist_line]    75: *************************** 385
[M::ha_hist_line]    76: *************************** 393
[M::ha_hist_line]    77: ************************ 339
[M::ha_hist_line]    78: ************************ 352
[M::ha_hist_line]    79: ********************** 318
[M::ha_hist_line]    80: *********************** 336
[M::ha_hist_line]    81: *********************** 329
[M::ha_hist_line]    82: ************************ 350
[M::ha_hist_line]    83: ******************** 294
[M::ha_hist_line]    84: ********************** 319
[M::ha_hist_line]    85: ****************** 261
[M::ha_hist_line]    86: ********************* 310
[M::ha_hist_line]    87: ******************* 272
[M::ha_hist_line]    88: ******************** 282
[M::ha_hist_line]    89: ****************** 257
[M::ha_hist_line]    90: ****************** 263
[M::ha_hist_line]    91: ******************** 285
[M::ha_hist_line]    92: ******************** 285
[M::ha_hist_line]    93: ******************* 279
[M::ha_hist_line]    94: **************** 234
[M::ha_hist_line]    95: ***************** 249
[M::ha_hist_line]    96: ****************** 266
[M::ha_hist_line]    97: ********************* 296
[M::ha_hist_line]    98: ******************* 271
[M::ha_hist_line]    99: ****************** 253
[M::ha_hist_line]   100: *************** 223
[M::ha_hist_line]   101: ****************** 257
[M::ha_hist_line]   102: **************** 230
[M::ha_hist_line]   103: ***************** 242
[M::ha_hist_line]   104: ***************** 239
[M::ha_hist_line]   105: *************** 218
[M::ha_hist_line]   106: ************** 204
[M::ha_hist_line]   107: ************* 189
[M::ha_hist_line]   108: ************** 205
[M::ha_hist_line]   109: ************** 196
[M::ha_hist_line]   110: *************** 216
[M::ha_hist_line]   111: ************* 192
[M::ha_hist_line]   112: ************* 181
[M::ha_hist_line]   113: ************** 206
[M::ha_hist_line]   114: ************ 176
[M::ha_hist_line]   115: ************* 194
[M::ha_hist_line]   116: ************* 190
[M::ha_hist_line]   117: ************** 204
[M::ha_hist_line]   118: ************* 184
[M::ha_hist_line]   119: ************** 201
[M::ha_hist_line]   120: ************* 189
[M::ha_hist_line]   121: ************** 196
[M::ha_hist_line]   122: ************* 184
[M::ha_hist_line]   123: *********** 154
[M::ha_hist_line]   124: ************ 170
[M::ha_hist_line]   125: ************ 171
[M::ha_hist_line]   126: ********** 141
[M::ha_hist_line]   127: *********** 159
[M::ha_hist_line]   128: *********** 154
[M::ha_hist_line]   129: *********** 165
[M::ha_hist_line]   130: ************ 179
[M::ha_hist_line]   131: ********** 146
[M::ha_hist_line]   132: ********** 150
[M::ha_hist_line]   133: *********** 162
[M::ha_hist_line]   134: ******** 117
[M::ha_hist_line]   135: ********** 147
[M::ha_hist_line]   136: ********** 139
[M::ha_hist_line]   137: ********* 132
[M::ha_hist_line]   138: *********** 155
[M::ha_hist_line]   139: ********* 128
[M::ha_hist_line]   140: *********** 152
[M::ha_hist_line]   141: ********* 134
[M::ha_hist_line]   142: ******* 108
[M::ha_hist_line]   143: ******** 114
[M::ha_hist_line]   144: ********* 133
[M::ha_hist_line]   145: ******** 115
[M::ha_hist_line]   146: ********* 132
[M::ha_hist_line]   147: ********* 136
[M::ha_hist_line]   148: ******** 114
[M::ha_hist_line]   149: ******** 114
[M::ha_hist_line]   150: ******** 119
[M::ha_hist_line]   151: ******** 113
[M::ha_hist_line]   152: ********* 129
[M::ha_hist_line]   153: ********* 124
[M::ha_hist_line]   154: ******** 117
[M::ha_hist_line]   155: ******* 108
[M::ha_hist_line]   156: ******* 103
[M::ha_hist_line]   157: ******** 113
[M::ha_hist_line]   158: ******** 115
[M::ha_hist_line]   159: ****** 90
[M::ha_hist_line]   160: ******** 111
[M::ha_hist_line]   161: ****** 86
[M::ha_hist_line]   162: ******* 100
[M::ha_hist_line]   163: ******** 112
[M::ha_hist_line]   164: ******* 103
[M::ha_hist_line]   165: ****** 92
[M::ha_hist_line]   166: ***** 79
[M::ha_hist_line]   167: ****** 92
[M::ha_hist_line]   168: ****** 87
[M::ha_hist_line]   169: ****** 91
[M::ha_hist_line]   170: ****** 92
[M::ha_hist_line]   171: ****** 87
[M::ha_hist_line]   172: ***** 79
[M::ha_hist_line]   173: ****** 88
[M::ha_hist_line]   174: ****** 84
[M::ha_hist_line]   175: ***** 67
[M::ha_hist_line]   176: ***** 66
[M::ha_hist_line]   177: ****** 85
[M::ha_hist_line]   178: ****** 92
[M::ha_hist_line]   179: ***** 76
[M::ha_hist_line]   180: ****** 80
[M::ha_hist_line]   181: ****** 84
[M::ha_hist_line]   182: ******* 95
[M::ha_hist_line]   183: **** 61
[M::ha_hist_line]   184: ***** 67
[M::ha_hist_line]   185: ****** 93
[M::ha_hist_line]   186: ***** 79
[M::ha_hist_line]   187: ***** 78
[M::ha_hist_line]   188: ***** 79
[M::ha_hist_line]   189: **** 58
[M::ha_hist_line]   190: ****** 87
[M::ha_hist_line]   191: **** 60
[M::ha_hist_line]   192: ***** 68
[M::ha_hist_line]   193: ***** 65
[M::ha_hist_line]   194: **** 60
[M::ha_hist_line]   195: **** 55
[M::ha_hist_line]   196: *** 48
[M::ha_hist_line]   197: **** 61
[M::ha_hist_line]   198: ***** 68
[M::ha_hist_line]   199: **** 53
[M::ha_hist_line]   200: **** 55
[M::ha_hist_line]   201: *** 43
[M::ha_hist_line]   202: *** 46
[M::ha_hist_line]   203: **** 56
[M::ha_hist_line]   204: **** 63
[M::ha_hist_line]   205: **** 54
[M::ha_hist_line]   206: **** 53
[M::ha_hist_line]   207: ***** 66
[M::ha_hist_line]   208: *** 48
[M::ha_hist_line]   209: *** 46
[M::ha_hist_line]   210: *** 40
[M::ha_hist_line]   211: *** 37
[M::ha_hist_line]   212: *** 41
[M::ha_hist_line]   213: **** 51
[M::ha_hist_line]   214: *** 47
[M::ha_hist_line]   215: *** 46
[M::ha_hist_line]   216: **** 53
[M::ha_hist_line]   217: *** 43
[M::ha_hist_line]   218: *** 37
[M::ha_hist_line]   219: ** 33
[M::ha_hist_line]   220: *** 37
[M::ha_hist_line]   221: ** 30
[M::ha_hist_line]   222: ** 26
[M::ha_hist_line]   223: * 20
[M::ha_hist_line]   224: * 20
[M::ha_hist_line]   225: * 14
[M::ha_hist_line]   226: * 10
[M::ha_hist_line]   227: * 14
[M::ha_hist_line]   228: * 13
[M::ha_hist_line]   229: * 15
[M::ha_hist_line]   230: * 12
[M::ha_hist_line]   231: * 8
[M::ha_hist_line]  rest: ****************************************************************************************************> 1720
[M::ha_analyze_count] left: none
[M::ha_analyze_count] right: none
[M::ha_pt_gen] peak_hom: 39; peak_het: -1
[M::ha_ct_shrink::216.801*30.05] ==> counted 13721230 distinct minimizer k-mers
[M::ha_pt_gen::] counting in normal mode
[M::yak_count] collected 68313549 minimizers
[M::ha_pt_gen::224.038*29.80] ==> indexed 64664559 positions, counted 13721230 distinct minimizer k-mers
[M::ha_assemble::279.343*33.11@20.850GB] ==> corrected reads for round 3
[M::ha_assemble] # bases: 2548192775; # corrected bases: 23509; # recorrected bases: 1399
[M::ha_assemble] size of buffer: 1.368GB
[M::yak_count] collected 68308674 minimizers
[M::ha_pt_gen::286.473*32.83] ==> counted 17365110 distinct minimizer k-mers
[M::ha_pt_gen] count[4095] = 0 (for sanity check)
[M::ha_analyze_count] lowest: count[35] = 1643
[M::ha_analyze_count] highest: count[36] = 1660
[M::ha_hist_line]     1: ****************************************************************************************************> 3646084
[M::ha_hist_line]     2: ****************************************************************************************************> 3092209
[M::ha_hist_line]     3: ****************************************************************************************************> 3074217
[M::ha_hist_line]     4: ****************************************************************************************************> 2520878
[M::ha_hist_line]     5: ****************************************************************************************************> 1785559
[M::ha_hist_line]     6: ****************************************************************************************************> 1175614
[M::ha_hist_line]     7: ****************************************************************************************************> 754403
[M::ha_hist_line]     8: ****************************************************************************************************> 473064
[M::ha_hist_line]     9: ****************************************************************************************************> 290322
[M::ha_hist_line]    10: ****************************************************************************************************> 173482
[M::ha_hist_line]    11: ****************************************************************************************************> 104295
[M::ha_hist_line]    12: ****************************************************************************************************> 60426
[M::ha_hist_line]    13: ****************************************************************************************************> 36624
[M::ha_hist_line]    14: ****************************************************************************************************> 22797
[M::ha_hist_line]    15: ****************************************************************************************************> 15897
[M::ha_hist_line]    16: ****************************************************************************************************> 11951
[M::ha_hist_line]    17: ****************************************************************************************************> 9236
[M::ha_hist_line]    18: ****************************************************************************************************> 7830
[M::ha_hist_line]    19: ****************************************************************************************************> 6426
[M::ha_hist_line]    20: ****************************************************************************************************> 5792
[M::ha_hist_line]    21: ****************************************************************************************************> 5076
[M::ha_hist_line]    22: ****************************************************************************************************> 4640
[M::ha_hist_line]    23: ****************************************************************************************************> 4163
[M::ha_hist_line]    24: ****************************************************************************************************> 3853
[M::ha_hist_line]    25: ****************************************************************************************************> 3375
[M::ha_hist_line]    26: ****************************************************************************************************> 3173
[M::ha_hist_line]    27: ****************************************************************************************************> 2946
[M::ha_hist_line]    28: ****************************************************************************************************> 2789
[M::ha_hist_line]    29: ****************************************************************************************************> 2534
[M::ha_hist_line]    30: ****************************************************************************************************> 2335
[M::ha_hist_line]    31: ****************************************************************************************************> 2269
[M::ha_hist_line]    32: ****************************************************************************************************> 2032
[M::ha_hist_line]    33: ****************************************************************************************************> 1909
[M::ha_hist_line]    34: ****************************************************************************************************> 1757
[M::ha_hist_line]    35: *************************************************************************************************** 1643
[M::ha_hist_line]    36: **************************************************************************************************** 1660
[M::ha_hist_line]    37: ************************************************************************************************ 1589
[M::ha_hist_line]    38: ************************************************************************************* 1415
[M::ha_hist_line]    39: ************************************************************************************* 1417
[M::ha_hist_line]    40: ****************************************************************************** 1303
[M::ha_hist_line]    41: *********************************************************************** 1176
[M::ha_hist_line]    42: ****************************************************************** 1092
[M::ha_hist_line]    43: ************************************************************** 1021
[M::ha_hist_line]    44: ************************************************************** 1034
[M::ha_hist_line]    45: *************************************************************** 1048
[M::ha_hist_line]    46: ********************************************************** 970
[M::ha_hist_line]    47: ****************************************************** 892
[M::ha_hist_line]    48: ***************************************************** 877
[M::ha_hist_line]    49: *************************************************** 853
[M::ha_hist_line]    50: ************************************************* 821
[M::ha_hist_line]    51: *********************************************** 775
[M::ha_hist_line]    52: ***************************************** 687
[M::ha_hist_line]    53: ******************************************** 725
[M::ha_hist_line]    54: ************************************** 633
[M::ha_hist_line]    55: *************************************** 643
[M::ha_hist_line]    56: *************************************** 649
[M::ha_hist_line]    57: ************************************ 601
[M::ha_hist_line]    58: *********************************** 588
[M::ha_hist_line]    59: ************************************* 613
[M::ha_hist_line]    60: *********************************** 579
[M::ha_hist_line]    61: *********************************** 576
[M::ha_hist_line]    62: ********************************* 553
[M::ha_hist_line]    63: ********************************* 547
[M::ha_hist_line]    64: ******************************* 513
[M::ha_hist_line]    65: ****************************** 504
[M::ha_hist_line]    66: ***************************** 475
[M::ha_hist_line]    67: ***************************** 487
[M::ha_hist_line]    68: ***************************** 488
[M::ha_hist_line]    69: *************************** 449
[M::ha_hist_line]    70: **************************** 458
[M::ha_hist_line]    71: **************************** 460
[M::ha_hist_line]    72: ************************ 399
[M::ha_hist_line]    73: ********************** 370
[M::ha_hist_line]    74: ********************* 356
[M::ha_hist_line]    75: *********************** 387
[M::ha_hist_line]    76: *********************** 385
[M::ha_hist_line]    77: ******************** 337
[M::ha_hist_line]    78: ********************** 360
[M::ha_hist_line]    79: ******************* 323
[M::ha_hist_line]    80: ******************** 326
[M::ha_hist_line]    81: ********************* 342
[M::ha_hist_line]    82: ******************** 340
[M::ha_hist_line]    83: ****************** 293
[M::ha_hist_line]    84: ******************* 312
[M::ha_hist_line]    85: **************** 270
[M::ha_hist_line]    86: ****************** 306
[M::ha_hist_line]    87: ***************** 277
[M::ha_hist_line]    88: ***************** 285
[M::ha_hist_line]    89: **************** 258
[M::ha_hist_line]    90: *************** 256
[M::ha_hist_line]    91: ***************** 278
[M::ha_hist_line]    92: ***************** 287
[M::ha_hist_line]    93: ***************** 279
[M::ha_hist_line]    94: *************** 246
[M::ha_hist_line]    95: *************** 245
[M::ha_hist_line]    96: **************** 262
[M::ha_hist_line]    97: ***************** 290
[M::ha_hist_line]    98: **************** 272
[M::ha_hist_line]    99: *************** 245
[M::ha_hist_line]   100: ************** 234
[M::ha_hist_line]   101: **************** 260
[M::ha_hist_line]   102: ************** 229
[M::ha_hist_line]   103: ************** 235
[M::ha_hist_line]   104: ************** 238
[M::ha_hist_line]   105: ************* 223
[M::ha_hist_line]   106: ************ 200
[M::ha_hist_line]   107: ************ 193
[M::ha_hist_line]   108: ************* 213
[M::ha_hist_line]   109: *********** 187
[M::ha_hist_line]   110: ************* 213
[M::ha_hist_line]   111: ************ 194
[M::ha_hist_line]   112: *********** 181
[M::ha_hist_line]   113: ************ 191
[M::ha_hist_line]   114: ************ 194
[M::ha_hist_line]   115: ************ 198
[M::ha_hist_line]   116: *********** 182
[M::ha_hist_line]   117: ************* 211
[M::ha_hist_line]   118: *********** 184
[M::ha_hist_line]   119: ************ 194
[M::ha_hist_line]   120: *********** 182
[M::ha_hist_line]   121: ************* 210
[M::ha_hist_line]   122: ********** 173
[M::ha_hist_line]   123: ********** 164
[M::ha_hist_line]   124: ********** 160
[M::ha_hist_line]   125: ********** 173
[M::ha_hist_line]   126: ********* 152
[M::ha_hist_line]   127: ********* 153
[M::ha_hist_line]   128: ********* 147
[M::ha_hist_line]   129: ********** 168
[M::ha_hist_line]   130: ********** 172
[M::ha_hist_line]   131: ********* 157
[M::ha_hist_line]   132: ********* 145
[M::ha_hist_line]   133: ********* 155
[M::ha_hist_line]   134: ******** 126
[M::ha_hist_line]   135: ********* 149
[M::ha_hist_line]   136: ********* 142
[M::ha_hist_line]   137: ********* 145
[M::ha_hist_line]   138: ********* 144
[M::ha_hist_line]   139: ******** 127
[M::ha_hist_line]   140: ******** 141
[M::ha_hist_line]   141: ******** 141
[M::ha_hist_line]   142: ****** 107
[M::ha_hist_line]   143: ******* 116
[M::ha_hist_line]   144: ******** 132
[M::ha_hist_line]   145: ****** 107
[M::ha_hist_line]   146: ******** 132
[M::ha_hist_line]   147: ******** 135
[M::ha_hist_line]   148: ******* 122
[M::ha_hist_line]   149: ******* 116
[M::ha_hist_line]   150: ******* 117
[M::ha_hist_line]   151: ******* 112
[M::ha_hist_line]   152: ******** 127
[M::ha_hist_line]   153: ******* 120
[M::ha_hist_line]   154: ******* 111
[M::ha_hist_line]   155: ******* 121
[M::ha_hist_line]   156: ******* 109
[M::ha_hist_line]   157: ******* 112
[M::ha_hist_line]   158: ****** 103
[M::ha_hist_line]   159: ****** 94
[M::ha_hist_line]   160: ******* 110
[M::ha_hist_line]   161: ***** 89
[M::ha_hist_line]   162: ****** 96
[M::ha_hist_line]   163: ******* 111
[M::ha_hist_line]   164: ******* 110
[M::ha_hist_line]   165: ***** 91
[M::ha_hist_line]   166: ***** 82
[M::ha_hist_line]   167: ***** 83
[M::ha_hist_line]   168: ***** 89
[M::ha_hist_line]   169: ***** 90
[M::ha_hist_line]   170: ****** 94
[M::ha_hist_line]   171: ***** 89
[M::ha_hist_line]   172: ***** 84
[M::ha_hist_line]   173: ***** 77
[M::ha_hist_line]   174: ***** 86
[M::ha_hist_line]   175: **** 74
[M::ha_hist_line]   176: **** 66
[M::ha_hist_line]   177: ***** 80
[M::ha_hist_line]   178: ***** 86
[M::ha_hist_line]   179: ***** 82
[M::ha_hist_line]   180: ***** 84
[M::ha_hist_line]   181: ***** 83
[M::ha_hist_line]   182: ****** 92
[M::ha_hist_line]   183: **** 68
[M::ha_hist_line]   184: **** 66
[M::ha_hist_line]   185: ***** 89
[M::ha_hist_line]   186: ***** 82
[M::ha_hist_line]   187: ***** 79
[M::ha_hist_line]   188: ***** 77
[M::ha_hist_line]   189: **** 63
[M::ha_hist_line]   190: ***** 82
[M::ha_hist_line]   191: **** 67
[M::ha_hist_line]   192: **** 68
[M::ha_hist_line]   193: **** 64
[M::ha_hist_line]   194: *** 56
[M::ha_hist_line]   195: *** 53
[M::ha_hist_line]   196: *** 54
[M::ha_hist_line]   197: **** 63
[M::ha_hist_line]   198: **** 66
[M::ha_hist_line]   199: *** 53
[M::ha_hist_line]   200: *** 56
[M::ha_hist_line]   201: ** 37
[M::ha_hist_line]   202: *** 52
[M::ha_hist_line]   203: *** 55
[M::ha_hist_line]   204: *** 50
[M::ha_hist_line]   205: **** 68
[M::ha_hist_line]   206: *** 46
[M::ha_hist_line]   207: *** 57
[M::ha_hist_line]   208: **** 63
[M::ha_hist_line]   209: *** 49
[M::ha_hist_line]   210: *** 42
[M::ha_hist_line]   211: ** 34
[M::ha_hist_line]   212: *** 42
[M::ha_hist_line]   213: *** 45
[M::ha_hist_line]   214: *** 55
[M::ha_hist_line]   215: *** 49
[M::ha_hist_line]   216: *** 48
[M::ha_hist_line]   217: ** 40
[M::ha_hist_line]   218: ** 36
[M::ha_hist_line]   219: ** 32
[M::ha_hist_line]   220: *** 42
[M::ha_hist_line]   221: ** 29
[M::ha_hist_line]   222: ** 26
[M::ha_hist_line]   223: * 19
[M::ha_hist_line]   224: * 21
[M::ha_hist_line]   225: * 13
[M::ha_hist_line]   226: * 10
[M::ha_hist_line]   227: * 19
[M::ha_hist_line]   228: * 13
[M::ha_hist_line]   229: * 17
[M::ha_hist_line]   230: * 11
[M::ha_hist_line]  rest: ****************************************************************************************************> 1726
[M::ha_analyze_count] left: none
[M::ha_analyze_count] right: none
[M::ha_pt_gen] peak_hom: 36; peak_het: -1
[M::ha_ct_shrink::286.508*32.83] ==> counted 13719026 distinct minimizer k-mers
[M::ha_pt_gen::] counting in normal mode
[M::yak_count] collected 68308674 minimizers
[M::ha_pt_gen::294.093*32.53] ==> indexed 64662590 positions, counted 13719026 distinct minimizer k-mers
[M::ha_assemble::315.342*33.29@20.850GB] ==> found overlaps for the final round
[M::ha_print_ovlp_stat] # overlaps: 9146406
[M::ha_print_ovlp_stat] # strong overlaps: 1866189
[M::ha_print_ovlp_stat] # weak overlaps: 7280217
[M::ha_print_ovlp_stat] # exact overlaps: 8339884
[M::ha_print_ovlp_stat] # inexact overlaps: 806522
[M::ha_print_ovlp_stat] # overlaps without large indels: 9135859
[M::ha_print_ovlp_stat] # reverse overlaps: 3007973
[M::ha_opt_update_cov_min] updated max_n_chain to 180
Writing reads to disk... 
