Assuming unrestricted shared filesystem usage.
Building DAG of jobs...
Using shell: /usr/bin/bash
Provided cores: 10
Rules claiming more threads will be scaled down.
Job stats:
job         count
--------  -------
fasta_qc        1
total           1

Select jobs to execute...
Execute 1 jobs...

[Tue Jun 25 14:42:29 2024]
localrule fasta_qc:
    input: ../raw_data/m84165_231212_214911_s4.hifi_reads.bc2011.bam.fa
    output: ../results/m84165_231212_214911_s4.hifi_reads.bc2011.bam.fa.linear_plot.png
    jobid: 0
    reason: Missing output files: ../results/m84165_231212_214911_s4.hifi_reads.bc2011.bam.fa.linear_plot.png
    wildcards: sample=m84165_231212_214911_s4.hifi_reads.bc2011.bam.fa
    resources: tmpdir=/tmp

+ echo Enter desired k-mer size:
Enter desired k-mer size:
+ read kmer
+ ../bin/jellyfish count -C -m -s 1000000000 -t 10 ../raw_data/m84165_231212_214911_s4.hifi_reads.bc2011.bam.fa -o ../analysis/m84165_231212_214911_s4.hifi_reads.bc2011.bam.fa.jf
Invalid uint32_t '-s' for [-m, --mer-len=uint32]: Negative value
+ ../bin/jellyfish histo -t 10 ../analysis/m84165_231212_214911_s4.hifi_reads.bc2011.bam.fa.jf
Failed to open input file '../analysis/m84165_231212_214911_s4.hifi_reads.bc2011.bam.fa.jf'
+ ../bin/genomescope2.0/genomescope.R -i ../analysis/m84165_231212_214911_s4.hifi_reads.bc2011.bam.fa.histo -o ../results -k
/usr/bin/env: ‘Rscript’: No such file or directory
RuleException:
CalledProcessError in file /work/alh166/genome_2024/src/Snakefile, line 24:
Command 'set -euo pipefail;  bash /work/alh166/genome_2024/src/.snakemake/scripts/tmp7ev23hfa.kmerAnalysis.sh' returned non-zero exit status 127.
[Tue Jun 25 14:42:32 2024]
Error in rule fasta_qc:
    jobid: 0
    input: ../raw_data/m84165_231212_214911_s4.hifi_reads.bc2011.bam.fa
    output: ../results/m84165_231212_214911_s4.hifi_reads.bc2011.bam.fa.linear_plot.png

Shutting down, this might take some time.
Exiting because a job execution failed. Look above for error message
Complete log: .snakemake/log/2024-06-25T144228.947000.snakemake.log
WorkflowError:
At least one job did not complete successfully.
